#
# A fatal error has been detected by the Java Runtime Environment:
#
#  EXCEPTION_ACCESS_VIOLATION (0xc0000005) at pc=0x0000000064a6fa87, pid=10204, tid=1976
#
# JRE version: Java(TM) SE Runtime Environment (16.0.2+7) (build 16.0.2+7-67)
# Java VM: Java HotSpot(TM) 64-Bit Server VM (16.0.2+7-67, mixed mode, sharing, tiered, compressed oops, compressed class ptrs, g1 gc, windows-amd64)
# Problematic frame:
# C  [imgui-java64.dll+0x6fa87]
#
# No core dump will be written. Minidumps are not enabled by default on client versions of Windows
#
# If you would like to submit a bug report, please visit:
#   https://bugreport.java.com/bugreport/crash.jsp
# The crash happened outside the Java Virtual Machine in native code.
# See problematic frame for where to report the bug.
#

---------------  S U M M A R Y ------------

Command Line: -javaagent:C:\Program Files\JetBrains\IntelliJ IDEA Community Edition 2021.3.1\lib\idea_rt.jar=58240:C:\Program Files\JetBrains\IntelliJ IDEA Community Edition 2021.3.1\bin -Dfile.encoding=UTF-8 xerxes.game.engine.Main

Host: Intel(R) Core(TM) i7-9750H CPU @ 2.60GHz, 12 cores, 15G,  Windows 10 , 64 bit Build 19041 (10.0.19041.1466)
Time: Fri Feb  4 02:48:24 2022 Central Standard Time elapsed time: 1.068547 seconds (0d 0h 0m 1s)

---------------  T H R E A D  ---------------

Current thread (0x0000025bf535f040):  JavaThread "main" [_thread_in_native, id=1976, stack(0x000000967d100000,0x000000967d200000)]

Stack: [0x000000967d100000,0x000000967d200000],  sp=0x000000967d1ff3a0,  free space=1020k
Native frames: (J=compiled Java code, j=interpreted, Vv=VM code, C=native code)
C  [imgui-java64.dll+0x6fa87]

Java frames: (J=compiled Java code, j=interpreted, Vv=VM code)
j  imgui.ImGui.begin(Ljava/lang/String;)Z+0
j  xerxes.game.engine.Main.loop()V+76
j  xerxes.game.engine.Main.run()V+5
j  xerxes.game.engine.Main.main([Ljava/lang/String;)V+7
v  ~StubRoutines::call_stub

siginfo: EXCEPTION_ACCESS_VIOLATION (0xc0000005), reading address 0x0000000000001cb8


Register to memory mapping:

RIP=0x0000000064a6fa87 imgui-java64.dll
RAX=0x0000025ba1e6a2e0 points into unknown readable memory: 0x5720776f6c6c6548 | 48 65 6c 6c 6f 77 20 57
RBX=0x0000025ba1e6a2e0 points into unknown readable memory: 0x5720776f6c6c6548 | 48 65 6c 6c 6f 77 20 57
RCX=0x0000025ba1e6a2e0 points into unknown readable memory: 0x5720776f6c6c6548 | 48 65 6c 6c 6f 77 20 57
RDX=0x0 is NULL
RSP=0x000000967d1ff3a0 is pointing into the stack for thread: 0x0000025bf535f040
RBP=0x000000967d1ff6f0 is pointing into the stack for thread: 0x0000025bf535f040
RSI=0x0000000000000148 is an unknown value
RDI=0x0 is NULL
R8 =0x0 is NULL
R9 =0x0000000000000001 is an unknown value
R10=0x0000025ba1e6a2ec points into unknown readable memory: 00 3f a9 a0
R11=0x0000025ba1e6a2e0 points into unknown readable memory: 0x5720776f6c6c6548 | 48 65 6c 6c 6f 77 20 57
R12=0x0000025bf535f350 points into unknown readable memory: 0x0000025b9b587e30 | 30 7e 58 9b 5b 02 00 00
R13=0x000000967d1ff710 is pointing into the stack for thread: 0x0000025bf535f040
R14=0x000000967d1ff710 is pointing into the stack for thread: 0x0000025bf535f040
R15=0x0 is NULL


Registers:
RAX=0x0000025ba1e6a2e0, RBX=0x0000025ba1e6a2e0, RCX=0x0000025ba1e6a2e0, RDX=0x0000000000000000
RSP=0x000000967d1ff3a0, RBP=0x000000967d1ff6f0, RSI=0x0000000000000148, RDI=0x0000000000000000
R8 =0x0000000000000000, R9 =0x0000000000000001, R10=0x0000025ba1e6a2ec, R11=0x0000025ba1e6a2e0
R12=0x0000025bf535f350, R13=0x000000967d1ff710, R14=0x000000967d1ff710, R15=0x0000000000000000
RIP=0x0000000064a6fa87, EFLAGS=0x0000000000010206

Top of Stack: (sp=0x000000967d1ff3a0)
0x000000967d1ff3a0:   0000000000000000 0000000000000020
0x000000967d1ff3b0:   000000000000000d 0000000000000004
0x000000967d1ff3c0:   0000025bf51d0000 000000967d1ff489
0x000000967d1ff3d0:   0000000000000002 00007fff07bdb3c7
0x000000967d1ff3e0:   0000025bf5120000 0000025b00000002
0x000000967d1ff3f0:   000000000000000d 0000000700000000
0x000000967d1ff400:   0000025bf51e9250 00007ffe88d9e58a
0x000000967d1ff410:   00000002f535f590 0000025bf535f001
0x000000967d1ff420:   0000025bf535f570 000000967d1ff600
0x000000967d1ff430:   0000025bf51e9250 0000000000000000
0x000000967d1ff440:   0000025bf535f040 00007ffe8908006e
0x000000967d1ff450:   000000960000000b 0000000064a906b0
0x000000967d1ff460:   000000967d1ff650 0000000000000003
0x000000967d1ff470:   000000967d1ff650 000000967d1ff630
0x000000967d1ff480:   0000025bf535f570 00007ffe88d9e12f
0x000000967d1ff490:   0000025bf51e9258 0000025bf535f040 

Instructions: (pc=0x0000000064a6fa87)
0x0000000064a6f987:   00 0f 10 d3 e8 80 bd fe ff 66 0f 6e d8 48 c1 e8
0x0000000064a6f997:   20 83 bf d8 1f 00 00 03 66 0f 6e d0 0f 85 86 fe
0x0000000064a6f9a7:   ff ff e9 62 fe ff ff f3 0f 10 25 9e 92 4a 00 f3
0x0000000064a6f9b7:   0f 10 15 26 93 4a 00 0f 10 ec e9 66 fa ff ff f3
0x0000000064a6f9c7:   0f 10 0d 16 93 4a 00 0f 10 d1 e9 ef fd ff ff f3
0x0000000064a6f9d7:   0f 10 1d 06 93 4a 00 f3 0f 10 25 6e 92 4a 00 0f
0x0000000064a6f9e7:   10 d3 e9 07 fd ff ff 66 90 41 57 41 56 41 55 41
0x0000000064a6f9f7:   54 55 57 56 53 48 81 ec 48 02 00 00 0f 11 b4 24
0x0000000064a6fa07:   a0 01 00 00 0f 11 bc 24 b0 01 00 00 44 0f 11 84
0x0000000064a6fa17:   24 c0 01 00 00 44 0f 11 8c 24 d0 01 00 00 44 0f
0x0000000064a6fa27:   11 94 24 e0 01 00 00 44 0f 11 9c 24 f0 01 00 00
0x0000000064a6fa37:   44 0f 11 a4 24 00 02 00 00 44 0f 11 ac 24 10 02
0x0000000064a6fa47:   00 00 44 0f 11 b4 24 20 02 00 00 44 0f 11 bc 24
0x0000000064a6fa57:   30 02 00 00 4c 8b 3d e6 96 54 00 48 89 8c 24 90
0x0000000064a6fa67:   02 00 00 44 89 c7 48 89 94 24 98 02 00 00 48 85
0x0000000064a6fa77:   c9 0f 84 42 33 00 00 80 39 00 0f 84 99 02 00 00
0x0000000064a6fa87:   41 80 bf b8 1c 00 00 00 0f 84 d1 02 00 00 41 8b
0x0000000064a6fa97:   87 a8 1c 00 00 41 39 87 ac 1c 00 00 0f 84 5f 2d
0x0000000064a6faa7:   00 00 48 8b 8c 24 90 02 00 00 e8 aa 1a fe ff 49
0x0000000064a6fab7:   89 c4 48 85 c0 0f 84 96 11 00 00 41 89 f8 31 d2
0x0000000064a6fac7:   48 89 c1 4c 89 e3 e8 7e 0f fd ff 89 fa 89 f8 81
0x0000000064a6fad7:   e2 00 02 0c 00 83 c8 06 81 fa 00 02 0c 00 0f 44
0x0000000064a6fae7:   f8 f7 c7 00 00 80 00 74 0c f7 c7 00 00 00 01 0f
0x0000000064a6faf7:   84 64 2e 00 00 8b 83 70 02 00 00 45 8b 97 f8 1c
0x0000000064a6fb07:   00 00 41 8b af a8 1c 00 00 89 44 24 40 31 c0 45
0x0000000064a6fb17:   85 d2 75 08 41 0f b6 87 b9 1c 00 00 88 83 cf 00
0x0000000064a6fb27:   00 00 8d 45 ff 39 44 24 40 0f 9c 44 24 48 f7 c7
0x0000000064a6fb37:   00 00 00 04 0f 85 4f 10 00 00 44 0f b6 ab cd 00
0x0000000064a6fb47:   00 00 8b 73 0c 39 6c 24 40 74 59 0f b6 44 24 48
0x0000000064a6fb57:   88 83 cd 00 00 00 84 c0 0f 85 3b 02 00 00 89 73
0x0000000064a6fb67:   10 66 0f ef c0 45 31 c9 89 fe f2 41 0f 5a 87 a0
0x0000000064a6fb77:   1c 00 00 89 7b 0c 89 ab 70 02 00 00 41 8b 87 18 


Stack slot to memory mapping:
stack at sp + 0 slots: 0x0 is NULL
stack at sp + 1 slots: 0x0000000000000020 is an unknown value
stack at sp + 2 slots: 0x000000000000000d is an unknown value
stack at sp + 3 slots: 0x0000000000000004 is an unknown value
stack at sp + 4 slots: 0x0000025bf51d0000 points into unknown readable memory: 0x0000000000000000 | 00 00 00 00 00 00 00 00
stack at sp + 5 slots: 0x000000967d1ff489 is pointing into the stack for thread: 0x0000025bf535f040
stack at sp + 6 slots: 0x0000000000000002 is an unknown value
stack at sp + 7 slots: 0x00007fff07bdb3c7 ntdll.dll


---------------  P R O C E S S  ---------------

Threads class SMR info:
_java_thread_list=0x0000025b9ae97490, length=13, elements={
0x0000025bf535f040, 0x0000025b9a324710, 0x0000025b9a327c90, 0x0000025b9a331b10,
0x0000025b9a333630, 0x0000025b9a336050, 0x0000025b9a337100, 0x0000025b9a337d40,
0x0000025b9a33d270, 0x0000025b9a352750, 0x0000025b9adf3d50, 0x0000025b9afe3c40,
0x0000025b9afe6170
}

Java Threads: ( => current thread )
=>0x0000025bf535f040 JavaThread "main" [_thread_in_native, id=1976, stack(0x000000967d100000,0x000000967d200000)]
  0x0000025b9a324710 JavaThread "Reference Handler" daemon [_thread_blocked, id=14964, stack(0x000000967d800000,0x000000967d900000)]
  0x0000025b9a327c90 JavaThread "Finalizer" daemon [_thread_blocked, id=14580, stack(0x000000967d900000,0x000000967da00000)]
  0x0000025b9a331b10 JavaThread "Signal Dispatcher" daemon [_thread_blocked, id=25452, stack(0x000000967da00000,0x000000967db00000)]
  0x0000025b9a333630 JavaThread "Attach Listener" daemon [_thread_blocked, id=3716, stack(0x000000967db00000,0x000000967dc00000)]
  0x0000025b9a336050 JavaThread "Service Thread" daemon [_thread_blocked, id=11012, stack(0x000000967dc00000,0x000000967dd00000)]
  0x0000025b9a337100 JavaThread "Monitor Deflation Thread" daemon [_thread_blocked, id=16760, stack(0x000000967dd00000,0x000000967de00000)]
  0x0000025b9a337d40 JavaThread "C2 CompilerThread0" daemon [_thread_blocked, id=25372, stack(0x000000967de00000,0x000000967df00000)]
  0x0000025b9a33d270 JavaThread "C1 CompilerThread0" daemon [_thread_blocked, id=24252, stack(0x000000967df00000,0x000000967e000000)]
  0x0000025b9a352750 JavaThread "Sweeper thread" daemon [_thread_blocked, id=800, stack(0x000000967e000000,0x000000967e100000)]
  0x0000025b9adf3d50 JavaThread "Common-Cleaner" daemon [_thread_blocked, id=10276, stack(0x000000967e100000,0x000000967e200000)]
  0x0000025b9afe3c40 JavaThread "Monitor Ctrl-Break" daemon [_thread_in_native, id=25968, stack(0x000000967e200000,0x000000967e300000)]
  0x0000025b9afe6170 JavaThread "Notification Thread" daemon [_thread_blocked, id=26112, stack(0x000000967e300000,0x000000967e400000)]

Other Threads:
  0x0000025b9a321420 VMThread "VM Thread" [stack: 0x000000967d700000,0x000000967d800000] [id=26008]
  0x0000025b9afe9340 WatcherThread [stack: 0x000000967e400000,0x000000967e500000] [id=18892]
  0x0000025bf53b0740 GCTaskThread "GC Thread#0" [stack: 0x000000967d200000,0x000000967d300000] [id=9616]
  0x0000025bf53c24b0 ConcurrentGCThread "G1 Main Marker" [stack: 0x000000967d300000,0x000000967d400000] [id=3636]
  0x0000025bf53c2e30 ConcurrentGCThread "G1 Conc#0" [stack: 0x000000967d400000,0x000000967d500000] [id=11204]
  0x0000025bf543dc90 ConcurrentGCThread "G1 Refine#0" [stack: 0x000000967d500000,0x000000967d600000] [id=16664]
  0x0000025bf543e620 ConcurrentGCThread "G1 Service" [stack: 0x000000967d600000,0x000000967d700000] [id=14884]

Threads with active compile tasks:

VM state: not at safepoint (normal execution)

VM Mutex/Monitor currently owned by a thread: None

Heap address: 0x0000000702600000, size: 4058 MB, Compressed Oops mode: Zero based, Oop shift amount: 3

CDS archive(s) mapped at: [0x0000000800000000-0x0000000800bb0000-0x0000000800bb0000), size 12255232, SharedBaseAddress: 0x0000000800000000, ArchiveRelocationMode: 0.
Compressed class space mapped at: 0x0000000800c00000-0x0000000840c00000, reserved size: 1073741824
Narrow klass base: 0x0000000800000000, Narrow klass shift: 3, Narrow klass range: 0x100000000

GC Precious Log:
 CPUs: 12 total, 12 available
 Memory: 16231M
 Large Page Support: Disabled
 NUMA Support: Disabled
 Compressed Oops: Enabled (Zero based)
 Heap Region Size: 2M
 Heap Min Capacity: 8M
 Heap Initial Capacity: 254M
 Heap Max Capacity: 4058M
 Pre-touch: Disabled
 Parallel Workers: 10
 Concurrent Workers: 3
 Concurrent Refinement Workers: 10
 Periodic GC: Disabled

Heap:
 garbage-first heap   total 260096K, used 10240K [0x0000000702600000, 0x0000000800000000)
  region size 2048K, 7 young (14336K), 0 survivors (0K)
 Metaspace       used 6557K, committed 6784K, reserved 1064960K
  class space    used 314K, committed 448K, reserved 1048576K

Heap Regions: E=young(eden), S=young(survivor), O=old, HS=humongous(starts), HC=humongous(continues), CS=collection set, F=free, OA=open archive, CA=closed archive, TAMS=top-at-mark-start (previous, next)
|   0|0x0000000702600000, 0x0000000702600000, 0x0000000702800000|  0%| F|  |TAMS 0x0000000702600000, 0x0000000702600000| Untracked 
|   1|0x0000000702800000, 0x0000000702800000, 0x0000000702a00000|  0%| F|  |TAMS 0x0000000702800000, 0x0000000702800000| Untracked 
|   2|0x0000000702a00000, 0x0000000702a00000, 0x0000000702c00000|  0%| F|  |TAMS 0x0000000702a00000, 0x0000000702a00000| Untracked 
|   3|0x0000000702c00000, 0x0000000702c00000, 0x0000000702e00000|  0%| F|  |TAMS 0x0000000702c00000, 0x0000000702c00000| Untracked 
|   4|0x0000000702e00000, 0x0000000702e00000, 0x0000000703000000|  0%| F|  |TAMS 0x0000000702e00000, 0x0000000702e00000| Untracked 
|   5|0x0000000703000000, 0x0000000703000000, 0x0000000703200000|  0%| F|  |TAMS 0x0000000703000000, 0x0000000703000000| Untracked 
|   6|0x0000000703200000, 0x0000000703200000, 0x0000000703400000|  0%| F|  |TAMS 0x0000000703200000, 0x0000000703200000| Untracked 
|   7|0x0000000703400000, 0x0000000703400000, 0x0000000703600000|  0%| F|  |TAMS 0x0000000703400000, 0x0000000703400000| Untracked 
|   8|0x0000000703600000, 0x0000000703600000, 0x0000000703800000|  0%| F|  |TAMS 0x0000000703600000, 0x0000000703600000| Untracked 
|   9|0x0000000703800000, 0x0000000703800000, 0x0000000703a00000|  0%| F|  |TAMS 0x0000000703800000, 0x0000000703800000| Untracked 
|  10|0x0000000703a00000, 0x0000000703a00000, 0x0000000703c00000|  0%| F|  |TAMS 0x0000000703a00000, 0x0000000703a00000| Untracked 
|  11|0x0000000703c00000, 0x0000000703c00000, 0x0000000703e00000|  0%| F|  |TAMS 0x0000000703c00000, 0x0000000703c00000| Untracked 
|  12|0x0000000703e00000, 0x0000000703e00000, 0x0000000704000000|  0%| F|  |TAMS 0x0000000703e00000, 0x0000000703e00000| Untracked 
|  13|0x0000000704000000, 0x0000000704000000, 0x0000000704200000|  0%| F|  |TAMS 0x0000000704000000, 0x0000000704000000| Untracked 
|  14|0x0000000704200000, 0x0000000704200000, 0x0000000704400000|  0%| F|  |TAMS 0x0000000704200000, 0x0000000704200000| Untracked 
|  15|0x0000000704400000, 0x0000000704400000, 0x0000000704600000|  0%| F|  |TAMS 0x0000000704400000, 0x0000000704400000| Untracked 
|  16|0x0000000704600000, 0x0000000704600000, 0x0000000704800000|  0%| F|  |TAMS 0x0000000704600000, 0x0000000704600000| Untracked 
|  17|0x0000000704800000, 0x0000000704800000, 0x0000000704a00000|  0%| F|  |TAMS 0x0000000704800000, 0x0000000704800000| Untracked 
|  18|0x0000000704a00000, 0x0000000704a00000, 0x0000000704c00000|  0%| F|  |TAMS 0x0000000704a00000, 0x0000000704a00000| Untracked 
|  19|0x0000000704c00000, 0x0000000704c00000, 0x0000000704e00000|  0%| F|  |TAMS 0x0000000704c00000, 0x0000000704c00000| Untracked 
|  20|0x0000000704e00000, 0x0000000704e00000, 0x0000000705000000|  0%| F|  |TAMS 0x0000000704e00000, 0x0000000704e00000| Untracked 
|  21|0x0000000705000000, 0x0000000705000000, 0x0000000705200000|  0%| F|  |TAMS 0x0000000705000000, 0x0000000705000000| Untracked 
|  22|0x0000000705200000, 0x0000000705200000, 0x0000000705400000|  0%| F|  |TAMS 0x0000000705200000, 0x0000000705200000| Untracked 
|  23|0x0000000705400000, 0x0000000705400000, 0x0000000705600000|  0%| F|  |TAMS 0x0000000705400000, 0x0000000705400000| Untracked 
|  24|0x0000000705600000, 0x0000000705600000, 0x0000000705800000|  0%| F|  |TAMS 0x0000000705600000, 0x0000000705600000| Untracked 
|  25|0x0000000705800000, 0x0000000705800000, 0x0000000705a00000|  0%| F|  |TAMS 0x0000000705800000, 0x0000000705800000| Untracked 
|  26|0x0000000705a00000, 0x0000000705a00000, 0x0000000705c00000|  0%| F|  |TAMS 0x0000000705a00000, 0x0000000705a00000| Untracked 
|  27|0x0000000705c00000, 0x0000000705c00000, 0x0000000705e00000|  0%| F|  |TAMS 0x0000000705c00000, 0x0000000705c00000| Untracked 
|  28|0x0000000705e00000, 0x0000000705e00000, 0x0000000706000000|  0%| F|  |TAMS 0x0000000705e00000, 0x0000000705e00000| Untracked 
|  29|0x0000000706000000, 0x0000000706000000, 0x0000000706200000|  0%| F|  |TAMS 0x0000000706000000, 0x0000000706000000| Untracked 
|  30|0x0000000706200000, 0x0000000706200000, 0x0000000706400000|  0%| F|  |TAMS 0x0000000706200000, 0x0000000706200000| Untracked 
|  31|0x0000000706400000, 0x0000000706400000, 0x0000000706600000|  0%| F|  |TAMS 0x0000000706400000, 0x0000000706400000| Untracked 
|  32|0x0000000706600000, 0x0000000706600000, 0x0000000706800000|  0%| F|  |TAMS 0x0000000706600000, 0x0000000706600000| Untracked 
|  33|0x0000000706800000, 0x0000000706800000, 0x0000000706a00000|  0%| F|  |TAMS 0x0000000706800000, 0x0000000706800000| Untracked 
|  34|0x0000000706a00000, 0x0000000706a00000, 0x0000000706c00000|  0%| F|  |TAMS 0x0000000706a00000, 0x0000000706a00000| Untracked 
|  35|0x0000000706c00000, 0x0000000706c00000, 0x0000000706e00000|  0%| F|  |TAMS 0x0000000706c00000, 0x0000000706c00000| Untracked 
|  36|0x0000000706e00000, 0x0000000706e00000, 0x0000000707000000|  0%| F|  |TAMS 0x0000000706e00000, 0x0000000706e00000| Untracked 
|  37|0x0000000707000000, 0x0000000707000000, 0x0000000707200000|  0%| F|  |TAMS 0x0000000707000000, 0x0000000707000000| Untracked 
|  38|0x0000000707200000, 0x0000000707200000, 0x0000000707400000|  0%| F|  |TAMS 0x0000000707200000, 0x0000000707200000| Untracked 
|  39|0x0000000707400000, 0x0000000707400000, 0x0000000707600000|  0%| F|  |TAMS 0x0000000707400000, 0x0000000707400000| Untracked 
|  40|0x0000000707600000, 0x0000000707600000, 0x0000000707800000|  0%| F|  |TAMS 0x0000000707600000, 0x0000000707600000| Untracked 
|  41|0x0000000707800000, 0x0000000707800000, 0x0000000707a00000|  0%| F|  |TAMS 0x0000000707800000, 0x0000000707800000| Untracked 
|  42|0x0000000707a00000, 0x0000000707a00000, 0x0000000707c00000|  0%| F|  |TAMS 0x0000000707a00000, 0x0000000707a00000| Untracked 
|  43|0x0000000707c00000, 0x0000000707c00000, 0x0000000707e00000|  0%| F|  |TAMS 0x0000000707c00000, 0x0000000707c00000| Untracked 
|  44|0x0000000707e00000, 0x0000000707e00000, 0x0000000708000000|  0%| F|  |TAMS 0x0000000707e00000, 0x0000000707e00000| Untracked 
|  45|0x0000000708000000, 0x0000000708000000, 0x0000000708200000|  0%| F|  |TAMS 0x0000000708000000, 0x0000000708000000| Untracked 
|  46|0x0000000708200000, 0x0000000708200000, 0x0000000708400000|  0%| F|  |TAMS 0x0000000708200000, 0x0000000708200000| Untracked 
|  47|0x0000000708400000, 0x0000000708400000, 0x0000000708600000|  0%| F|  |TAMS 0x0000000708400000, 0x0000000708400000| Untracked 
|  48|0x0000000708600000, 0x0000000708600000, 0x0000000708800000|  0%| F|  |TAMS 0x0000000708600000, 0x0000000708600000| Untracked 
|  49|0x0000000708800000, 0x0000000708800000, 0x0000000708a00000|  0%| F|  |TAMS 0x0000000708800000, 0x0000000708800000| Untracked 
|  50|0x0000000708a00000, 0x0000000708a00000, 0x0000000708c00000|  0%| F|  |TAMS 0x0000000708a00000, 0x0000000708a00000| Untracked 
|  51|0x0000000708c00000, 0x0000000708c00000, 0x0000000708e00000|  0%| F|  |TAMS 0x0000000708c00000, 0x0000000708c00000| Untracked 
|  52|0x0000000708e00000, 0x0000000708e00000, 0x0000000709000000|  0%| F|  |TAMS 0x0000000708e00000, 0x0000000708e00000| Untracked 
|  53|0x0000000709000000, 0x0000000709000000, 0x0000000709200000|  0%| F|  |TAMS 0x0000000709000000, 0x0000000709000000| Untracked 
|  54|0x0000000709200000, 0x0000000709200000, 0x0000000709400000|  0%| F|  |TAMS 0x0000000709200000, 0x0000000709200000| Untracked 
|  55|0x0000000709400000, 0x0000000709400000, 0x0000000709600000|  0%| F|  |TAMS 0x0000000709400000, 0x0000000709400000| Untracked 
|  56|0x0000000709600000, 0x0000000709600000, 0x0000000709800000|  0%| F|  |TAMS 0x0000000709600000, 0x0000000709600000| Untracked 
|  57|0x0000000709800000, 0x0000000709800000, 0x0000000709a00000|  0%| F|  |TAMS 0x0000000709800000, 0x0000000709800000| Untracked 
|  58|0x0000000709a00000, 0x0000000709a00000, 0x0000000709c00000|  0%| F|  |TAMS 0x0000000709a00000, 0x0000000709a00000| Untracked 
|  59|0x0000000709c00000, 0x0000000709c00000, 0x0000000709e00000|  0%| F|  |TAMS 0x0000000709c00000, 0x0000000709c00000| Untracked 
|  60|0x0000000709e00000, 0x0000000709e00000, 0x000000070a000000|  0%| F|  |TAMS 0x0000000709e00000, 0x0000000709e00000| Untracked 
|  61|0x000000070a000000, 0x000000070a000000, 0x000000070a200000|  0%| F|  |TAMS 0x000000070a000000, 0x000000070a000000| Untracked 
|  62|0x000000070a200000, 0x000000070a200000, 0x000000070a400000|  0%| F|  |TAMS 0x000000070a200000, 0x000000070a200000| Untracked 
|  63|0x000000070a400000, 0x000000070a400000, 0x000000070a600000|  0%| F|  |TAMS 0x000000070a400000, 0x000000070a400000| Untracked 
|  64|0x000000070a600000, 0x000000070a600000, 0x000000070a800000|  0%| F|  |TAMS 0x000000070a600000, 0x000000070a600000| Untracked 
|  65|0x000000070a800000, 0x000000070a800000, 0x000000070aa00000|  0%| F|  |TAMS 0x000000070a800000, 0x000000070a800000| Untracked 
|  66|0x000000070aa00000, 0x000000070aa00000, 0x000000070ac00000|  0%| F|  |TAMS 0x000000070aa00000, 0x000000070aa00000| Untracked 
|  67|0x000000070ac00000, 0x000000070ac00000, 0x000000070ae00000|  0%| F|  |TAMS 0x000000070ac00000, 0x000000070ac00000| Untracked 
|  68|0x000000070ae00000, 0x000000070ae00000, 0x000000070b000000|  0%| F|  |TAMS 0x000000070ae00000, 0x000000070ae00000| Untracked 
|  69|0x000000070b000000, 0x000000070b000000, 0x000000070b200000|  0%| F|  |TAMS 0x000000070b000000, 0x000000070b000000| Untracked 
|  70|0x000000070b200000, 0x000000070b200000, 0x000000070b400000|  0%| F|  |TAMS 0x000000070b200000, 0x000000070b200000| Untracked 
|  71|0x000000070b400000, 0x000000070b400000, 0x000000070b600000|  0%| F|  |TAMS 0x000000070b400000, 0x000000070b400000| Untracked 
|  72|0x000000070b600000, 0x000000070b600000, 0x000000070b800000|  0%| F|  |TAMS 0x000000070b600000, 0x000000070b600000| Untracked 
|  73|0x000000070b800000, 0x000000070b800000, 0x000000070ba00000|  0%| F|  |TAMS 0x000000070b800000, 0x000000070b800000| Untracked 
|  74|0x000000070ba00000, 0x000000070ba00000, 0x000000070bc00000|  0%| F|  |TAMS 0x000000070ba00000, 0x000000070ba00000| Untracked 
|  75|0x000000070bc00000, 0x000000070bc00000, 0x000000070be00000|  0%| F|  |TAMS 0x000000070bc00000, 0x000000070bc00000| Untracked 
|  76|0x000000070be00000, 0x000000070be00000, 0x000000070c000000|  0%| F|  |TAMS 0x000000070be00000, 0x000000070be00000| Untracked 
|  77|0x000000070c000000, 0x000000070c000000, 0x000000070c200000|  0%| F|  |TAMS 0x000000070c000000, 0x000000070c000000| Untracked 
|  78|0x000000070c200000, 0x000000070c200000, 0x000000070c400000|  0%| F|  |TAMS 0x000000070c200000, 0x000000070c200000| Untracked 
|  79|0x000000070c400000, 0x000000070c400000, 0x000000070c600000|  0%| F|  |TAMS 0x000000070c400000, 0x000000070c400000| Untracked 
|  80|0x000000070c600000, 0x000000070c600000, 0x000000070c800000|  0%| F|  |TAMS 0x000000070c600000, 0x000000070c600000| Untracked 
|  81|0x000000070c800000, 0x000000070c800000, 0x000000070ca00000|  0%| F|  |TAMS 0x000000070c800000, 0x000000070c800000| Untracked 
|  82|0x000000070ca00000, 0x000000070ca00000, 0x000000070cc00000|  0%| F|  |TAMS 0x000000070ca00000, 0x000000070ca00000| Untracked 
|  83|0x000000070cc00000, 0x000000070cc00000, 0x000000070ce00000|  0%| F|  |TAMS 0x000000070cc00000, 0x000000070cc00000| Untracked 
|  84|0x000000070ce00000, 0x000000070ce00000, 0x000000070d000000|  0%| F|  |TAMS 0x000000070ce00000, 0x000000070ce00000| Untracked 
|  85|0x000000070d000000, 0x000000070d000000, 0x000000070d200000|  0%| F|  |TAMS 0x000000070d000000, 0x000000070d000000| Untracked 
|  86|0x000000070d200000, 0x000000070d200000, 0x000000070d400000|  0%| F|  |TAMS 0x000000070d200000, 0x000000070d200000| Untracked 
|  87|0x000000070d400000, 0x000000070d400000, 0x000000070d600000|  0%| F|  |TAMS 0x000000070d400000, 0x000000070d400000| Untracked 
|  88|0x000000070d600000, 0x000000070d600000, 0x000000070d800000|  0%| F|  |TAMS 0x000000070d600000, 0x000000070d600000| Untracked 
|  89|0x000000070d800000, 0x000000070d800000, 0x000000070da00000|  0%| F|  |TAMS 0x000000070d800000, 0x000000070d800000| Untracked 
|  90|0x000000070da00000, 0x000000070da00000, 0x000000070dc00000|  0%| F|  |TAMS 0x000000070da00000, 0x000000070da00000| Untracked 
|  91|0x000000070dc00000, 0x000000070dc00000, 0x000000070de00000|  0%| F|  |TAMS 0x000000070dc00000, 0x000000070dc00000| Untracked 
|  92|0x000000070de00000, 0x000000070de00000, 0x000000070e000000|  0%| F|  |TAMS 0x000000070de00000, 0x000000070de00000| Untracked 
|  93|0x000000070e000000, 0x000000070e000000, 0x000000070e200000|  0%| F|  |TAMS 0x000000070e000000, 0x000000070e000000| Untracked 
|  94|0x000000070e200000, 0x000000070e200000, 0x000000070e400000|  0%| F|  |TAMS 0x000000070e200000, 0x000000070e200000| Untracked 
|  95|0x000000070e400000, 0x000000070e400000, 0x000000070e600000|  0%| F|  |TAMS 0x000000070e400000, 0x000000070e400000| Untracked 
|  96|0x000000070e600000, 0x000000070e600000, 0x000000070e800000|  0%| F|  |TAMS 0x000000070e600000, 0x000000070e600000| Untracked 
|  97|0x000000070e800000, 0x000000070e800000, 0x000000070ea00000|  0%| F|  |TAMS 0x000000070e800000, 0x000000070e800000| Untracked 
|  98|0x000000070ea00000, 0x000000070ea00000, 0x000000070ec00000|  0%| F|  |TAMS 0x000000070ea00000, 0x000000070ea00000| Untracked 
|  99|0x000000070ec00000, 0x000000070ec00000, 0x000000070ee00000|  0%| F|  |TAMS 0x000000070ec00000, 0x000000070ec00000| Untracked 
| 100|0x000000070ee00000, 0x000000070ee00000, 0x000000070f000000|  0%| F|  |TAMS 0x000000070ee00000, 0x000000070ee00000| Untracked 
| 101|0x000000070f000000, 0x000000070f000000, 0x000000070f200000|  0%| F|  |TAMS 0x000000070f000000, 0x000000070f000000| Untracked 
| 102|0x000000070f200000, 0x000000070f200000, 0x000000070f400000|  0%| F|  |TAMS 0x000000070f200000, 0x000000070f200000| Untracked 
| 103|0x000000070f400000, 0x000000070f400000, 0x000000070f600000|  0%| F|  |TAMS 0x000000070f400000, 0x000000070f400000| Untracked 
| 104|0x000000070f600000, 0x000000070f600000, 0x000000070f800000|  0%| F|  |TAMS 0x000000070f600000, 0x000000070f600000| Untracked 
| 105|0x000000070f800000, 0x000000070f800000, 0x000000070fa00000|  0%| F|  |TAMS 0x000000070f800000, 0x000000070f800000| Untracked 
| 106|0x000000070fa00000, 0x000000070fa00000, 0x000000070fc00000|  0%| F|  |TAMS 0x000000070fa00000, 0x000000070fa00000| Untracked 
| 107|0x000000070fc00000, 0x000000070fc00000, 0x000000070fe00000|  0%| F|  |TAMS 0x000000070fc00000, 0x000000070fc00000| Untracked 
| 108|0x000000070fe00000, 0x000000070fe00000, 0x0000000710000000|  0%| F|  |TAMS 0x000000070fe00000, 0x000000070fe00000| Untracked 
| 109|0x0000000710000000, 0x0000000710000000, 0x0000000710200000|  0%| F|  |TAMS 0x0000000710000000, 0x0000000710000000| Untracked 
| 110|0x0000000710200000, 0x0000000710200000, 0x0000000710400000|  0%| F|  |TAMS 0x0000000710200000, 0x0000000710200000| Untracked 
| 111|0x0000000710400000, 0x0000000710400000, 0x0000000710600000|  0%| F|  |TAMS 0x0000000710400000, 0x0000000710400000| Untracked 
| 112|0x0000000710600000, 0x0000000710600000, 0x0000000710800000|  0%| F|  |TAMS 0x0000000710600000, 0x0000000710600000| Untracked 
| 113|0x0000000710800000, 0x0000000710800000, 0x0000000710a00000|  0%| F|  |TAMS 0x0000000710800000, 0x0000000710800000| Untracked 
| 114|0x0000000710a00000, 0x0000000710a00000, 0x0000000710c00000|  0%| F|  |TAMS 0x0000000710a00000, 0x0000000710a00000| Untracked 
| 115|0x0000000710c00000, 0x0000000710c00000, 0x0000000710e00000|  0%| F|  |TAMS 0x0000000710c00000, 0x0000000710c00000| Untracked 
| 116|0x0000000710e00000, 0x0000000710e00000, 0x0000000711000000|  0%| F|  |TAMS 0x0000000710e00000, 0x0000000710e00000| Untracked 
| 117|0x0000000711000000, 0x0000000711000000, 0x0000000711200000|  0%| F|  |TAMS 0x0000000711000000, 0x0000000711000000| Untracked 
| 118|0x0000000711200000, 0x0000000711200000, 0x0000000711400000|  0%| F|  |TAMS 0x0000000711200000, 0x0000000711200000| Untracked 
| 119|0x0000000711400000, 0x0000000711400000, 0x0000000711600000|  0%| F|  |TAMS 0x0000000711400000, 0x0000000711400000| Untracked 
| 120|0x0000000711600000, 0x00000007117d5e48, 0x0000000711800000| 91%| E|  |TAMS 0x0000000711600000, 0x0000000711600000| Complete 
| 121|0x0000000711800000, 0x0000000711a00000, 0x0000000711a00000|100%| E|CS|TAMS 0x0000000711800000, 0x0000000711800000| Complete 
| 122|0x0000000711a00000, 0x0000000711c00000, 0x0000000711c00000|100%| E|  |TAMS 0x0000000711a00000, 0x0000000711a00000| Complete 
| 123|0x0000000711c00000, 0x0000000711e00000, 0x0000000711e00000|100%| E|CS|TAMS 0x0000000711c00000, 0x0000000711c00000| Complete 
| 124|0x0000000711e00000, 0x0000000712000000, 0x0000000712000000|100%| E|CS|TAMS 0x0000000711e00000, 0x0000000711e00000| Complete 
| 125|0x0000000712000000, 0x0000000712200000, 0x0000000712200000|100%| E|CS|TAMS 0x0000000712000000, 0x0000000712000000| Complete 
| 126|0x0000000712200000, 0x0000000712400000, 0x0000000712400000|100%| E|CS|TAMS 0x0000000712200000, 0x0000000712200000| Complete 

Card table byte_map: [0x0000025bff720000,0x0000025bfff10000] _byte_map_base: 0x0000025bfbf0d000

Marking Bits (Prev, Next): (CMBitMap*) 0x0000025bf53b0d40, (CMBitMap*) 0x0000025bf53b0d80
 Prev Bits: [0x0000025b8f7f0000, 0x0000025b93758000)
 Next Bits: [0x0000025b93760000, 0x0000025b976c8000)

Polling page: 0x0000025bf51c0000

Metaspace:

Usage:
  Non-class:      6.10 MB used.
      Class:    314.23 KB used.
       Both:      6.40 MB used.

Virtual space:
  Non-class space:       16.00 MB reserved,       6.19 MB ( 39%) committed,  2 nodes.
      Class space:        1.00 GB reserved,     448.00 KB ( <1%) committed,  1 nodes.
              Both:        1.02 GB reserved,       6.62 MB ( <1%) committed. 

Chunk freelists:
   Non-Class:  3.61 MB
       Class:  3.55 MB
        Both:  7.16 MB

MaxMetaspaceSize: 17179869184.00 GB
CompressedClassSpaceSize: 1.00 GB
 - commit_granule_bytes: 65536.
 - commit_granule_words: 8192.
 - virtual_space_node_default_size: 1048576.
 - enlarge_chunks_in_place: 1.
 - new_chunks_are_fully_committed: 0.
 - uncommit_free_chunks: 1.
 - use_allocation_guard: 0.
 - handle_deallocations: 1.


Internal statistics:

num_allocs_failed_limit: 0.
num_arena_births: 70.
num_arena_deaths: 0.
num_vsnodes_births: 3.
num_vsnodes_deaths: 0.
num_space_committed: 104.
num_space_uncommitted: 0.
num_chunks_returned_to_freelist: 0.
num_chunks_taken_from_freelist: 254.
num_chunk_merges: 0.
num_chunk_splits: 187.
num_chunks_enlarged: 145.
num_purges: 0.

CodeHeap 'non-profiled nmethods': size=120000Kb used=228Kb max_used=228Kb free=119771Kb
 bounds [0x0000025b87ad0000, 0x0000025b87d40000, 0x0000025b8f000000]
CodeHeap 'profiled nmethods': size=120000Kb used=1274Kb max_used=1274Kb free=118725Kb
 bounds [0x0000025b805a0000, 0x0000025b80810000, 0x0000025b87ad0000]
CodeHeap 'non-nmethods': size=5760Kb used=1763Kb max_used=1763Kb free=3996Kb
 bounds [0x0000025b80000000, 0x0000025b80270000, 0x0000025b805a0000]
 total_blobs=2032 nmethods=794 adapters=1151
 compilation: enabled
              stopped_count=0, restarted_count=0
 full_count=0

Compilation events (20 events):
Event: 1.004 Thread 0x0000025b9a33d270 nmethod 781 0x0000025b806d4890 code [0x0000025b806d4a40, 0x0000025b806d4c08]
Event: 1.047 Thread 0x0000025b9a33d270  783       3       java.net.URLStreamHandler::setURL (73 bytes)
Event: 1.049 Thread 0x0000025b9a33d270 nmethod 783 0x0000025b806d4d10 code [0x0000025b806d5000, 0x0000025b806d5e98]
Event: 1.050 Thread 0x0000025b9a337d40  784       4       java.lang.String::checkBoundsBeginEnd (63 bytes)
Event: 1.051 Thread 0x0000025b9a33d270  785       3       java.net.URL::<init> (8 bytes)
Event: 1.051 Thread 0x0000025b9a33d270 nmethod 785 0x0000025b806d6410 code [0x0000025b806d65c0, 0x0000025b806d6708]
Event: 1.051 Thread 0x0000025b9a337d40 nmethod 784 0x0000025b87b08f10 code [0x0000025b87b090a0, 0x0000025b87b09158]
Event: 1.052 Thread 0x0000025b9a33d270  786       3       jdk.internal.ref.PhantomCleanable::<init> (49 bytes)
Event: 1.053 Thread 0x0000025b9a33d270 nmethod 786 0x0000025b806d6790 code [0x0000025b806d69e0, 0x0000025b806d7558]
Event: 1.053 Thread 0x0000025b9a33d270  787   !   3       jdk.internal.ref.PhantomCleanable::insert (53 bytes)
Event: 1.053 Thread 0x0000025b9a33d270 nmethod 787 0x0000025b806d7890 code [0x0000025b806d7a40, 0x0000025b806d7dd8]
Event: 1.053 Thread 0x0000025b9a33d270  789       3       java.lang.StringConcatHelper::newString (67 bytes)
Event: 1.054 Thread 0x0000025b9a33d270 nmethod 789 0x0000025b806d7f90 code [0x0000025b806d8220, 0x0000025b806d8ca8]
Event: 1.054 Thread 0x0000025b9a33d270  790       3       java.lang.String::indexOf (113 bytes)
Event: 1.054 Thread 0x0000025b9a33d270 nmethod 790 0x0000025b806d9010 code [0x0000025b806d9240, 0x0000025b806d9868]
Event: 1.054 Thread 0x0000025b9a33d270  788       3       java.util.LinkedHashMap::get (29 bytes)
Event: 1.054 Thread 0x0000025b9a33d270 nmethod 788 0x0000025b806d9a10 code [0x0000025b806d9be0, 0x0000025b806d9e38]
Event: 1.057 Thread 0x0000025b9a33d270  791       3       java.lang.String::indexOf (18 bytes)
Event: 1.057 Thread 0x0000025b9a33d270 nmethod 791 0x0000025b806d9f10 code [0x0000025b806da0e0, 0x0000025b806da3a8]
Event: 1.057 Thread 0x0000025b9a33d270  792       3       java.util.zip.ZipFile::getZipEntry (322 bytes)

GC Heap History (0 events):
No events

Deoptimization events (12 events):
Event: 0.107 Thread 0x0000025bf535f040 Uncommon trap: trap_request=0xffffff45 fr.pc=0x0000025b87adeea8 relative=0x0000000000000088
Event: 0.107 Thread 0x0000025bf535f040 Uncommon trap: reason=unstable_if action=reinterpret pc=0x0000025b87adeea8 method=java.lang.String.charAt(I)C @ 4 c2
Event: 0.107 Thread 0x0000025bf535f040 DEOPT PACKING pc=0x0000025b87adeea8 sp=0x000000967d1ff240
Event: 0.107 Thread 0x0000025bf535f040 DEOPT UNPACKING pc=0x0000025b8004d72e sp=0x000000967d1ff1e0 mode 2
Event: 0.147 Thread 0x0000025bf535f040 DEOPT PACKING pc=0x0000025b805c8d67 sp=0x000000967d1fbc60
Event: 0.147 Thread 0x0000025bf535f040 DEOPT UNPACKING pc=0x0000025b8004dece sp=0x000000967d1fb080 mode 0
Event: 0.163 Thread 0x0000025bf535f040 DEOPT PACKING pc=0x0000025b805a8151 sp=0x000000967d1fd470
Event: 0.163 Thread 0x0000025bf535f040 DEOPT UNPACKING pc=0x0000025b8004dece sp=0x000000967d1fc8e8 mode 0
Event: 0.461 Thread 0x0000025bf535f040 Uncommon trap: trap_request=0xffffff54 fr.pc=0x0000025b87afbffc relative=0x000000000000005c
Event: 0.461 Thread 0x0000025bf535f040 Uncommon trap: reason=speculate_null_assert action=make_not_entrant pc=0x0000025b87afbffc method=sun.misc.Unsafe.getLong(Ljava/lang/Object;J)J @ 5 c2
Event: 0.461 Thread 0x0000025bf535f040 DEOPT PACKING pc=0x0000025b87afbffc sp=0x000000967d1ff4e0
Event: 0.461 Thread 0x0000025bf535f040 DEOPT UNPACKING pc=0x0000025b8004d72e sp=0x000000967d1ff468 mode 2

Classes unloaded (0 events):
No events

Classes redefined (0 events):
No events

Internal exceptions (20 events):
Event: 0.128 Thread 0x0000025bf535f040 Exception <a 'java/lang/NoSuchMethodError'{0x0000000711e8dac8}: 'int java.lang.invoke.DirectMethodHandle$Holder.invokeSpecial(java.lang.Object, java.lang.Object, java.lang.Object)'> (0x0000000711e8dac8) 
thrown [t:\workspace\open\src\hotspot\share\interpreter\linkResolver.cpp, line 790]
Event: 0.147 Thread 0x0000025bf535f040 Exception <a 'sun/nio/fs/WindowsException'{0x0000000711ee3b48}> (0x0000000711ee3b48) 
thrown [t:\workspace\open\src\hotspot\share\prims\jni.cpp, line 579]
Event: 0.147 Thread 0x0000025bf535f040 Exception <a 'sun/nio/fs/WindowsException'{0x0000000711ee40a0}> (0x0000000711ee40a0) 
thrown [t:\workspace\open\src\hotspot\share\prims\jni.cpp, line 579]
Event: 0.154 Thread 0x0000025bf535f040 Exception <a 'java/lang/NoSuchMethodError'{0x0000000711f106e0}: 'int java.lang.invoke.DirectMethodHandle$Holder.invokeStaticInit(java.lang.Object, java.lang.Object, int, long)'> (0x0000000711f106e0) 
thrown [t:\workspace\open\src\hotspot\share\interpreter\linkResolver.cpp, line 790]
Event: 0.154 Thread 0x0000025bf535f040 Exception <a 'java/lang/NoSuchMethodError'{0x0000000711f161b0}: 'java.lang.Object java.lang.invoke.DirectMethodHandle$Holder.newInvokeSpecial(java.lang.Object, java.lang.Object, int)'> (0x0000000711f161b0) 
thrown [t:\workspace\open\src\hotspot\share\interpreter\linkResolver.cpp, line 790]
Event: 0.156 Thread 0x0000025bf535f040 Exception <a 'java/lang/NoSuchMethodError'{0x0000000711f25180}: 'int java.lang.invoke.DirectMethodHandle$Holder.invokeStaticInit(java.lang.Object, java.lang.Object, long, long)'> (0x0000000711f25180) 
thrown [t:\workspace\open\src\hotspot\share\interpreter\linkResolver.cpp, line 790]
Event: 0.156 Thread 0x0000025bf535f040 Exception <a 'java/lang/NoSuchMethodError'{0x0000000711f2b528}: 'java.lang.Object java.lang.invoke.DirectMethodHandle$Holder.newInvokeSpecial(java.lang.Object, java.lang.Object, long)'> (0x0000000711f2b528) 
thrown [t:\workspace\open\src\hotspot\share\interpreter\linkResolver.cpp, line 790]
Event: 0.157 Thread 0x0000025bf535f040 Exception <a 'java/lang/NoSuchMethodError'{0x0000000711f2f680}: 'java.lang.Object java.lang.invoke.Invokers$Holder.linkToTargetMethod(java.lang.Object, long, java.lang.Object)'> (0x0000000711f2f680) 
thrown [t:\workspace\open\src\hotspot\share\interpreter\linkResolver.cpp, line 790]
Event: 0.157 Thread 0x0000025bf535f040 Exception <a 'java/lang/NoSuchMethodError'{0x0000000711f37128}: 'int java.lang.invoke.DirectMethodHandle$Holder.invokeStaticInit(java.lang.Object, java.lang.Object, java.lang.Object, long)'> (0x0000000711f37128) 
thrown [t:\workspace\open\src\hotspot\share\interpreter\linkResolver.cpp, line 790]
Event: 0.174 Thread 0x0000025bf535f040 Exception <a 'sun/nio/fs/WindowsException'{0x0000000711fdf590}> (0x0000000711fdf590) 
thrown [t:\workspace\open\src\hotspot\share\prims\jni.cpp, line 579]
Event: 0.174 Thread 0x0000025bf535f040 Exception <a 'sun/nio/fs/WindowsException'{0x0000000711fdf900}> (0x0000000711fdf900) 
thrown [t:\workspace\open\src\hotspot\share\prims\jni.cpp, line 579]
Event: 0.265 Thread 0x0000025bf535f040 Exception <a 'sun/nio/fs/WindowsException'{0x0000000711c61a10}> (0x0000000711c61a10) 
thrown [t:\workspace\open\src\hotspot\share\prims\jni.cpp, line 579]
Event: 0.265 Thread 0x0000025bf535f040 Exception <a 'sun/nio/fs/WindowsException'{0x0000000711c61dc0}> (0x0000000711c61dc0) 
thrown [t:\workspace\open\src\hotspot\share\prims\jni.cpp, line 579]
Event: 0.269 Thread 0x0000025bf535f040 Exception <a 'sun/nio/fs/WindowsException'{0x0000000711c6ed80}> (0x0000000711c6ed80) 
thrown [t:\workspace\open\src\hotspot\share\prims\jni.cpp, line 579]
Event: 0.269 Thread 0x0000025bf535f040 Exception <a 'sun/nio/fs/WindowsException'{0x0000000711c6f068}> (0x0000000711c6f068) 
thrown [t:\workspace\open\src\hotspot\share\prims\jni.cpp, line 579]
Event: 0.464 Thread 0x0000025bf535f040 Exception <a 'java/lang/NoSuchMethodError'{0x000000071168dd00}: 'int java.lang.invoke.DirectMethodHandle$Holder.invokeVirtual(java.lang.Object, java.lang.Object)'> (0x000000071168dd00) 
thrown [t:\workspace\open\src\hotspot\share\interpreter\linkResolver.cpp, line 790]
Event: 0.465 Thread 0x0000025bf535f040 Exception <a 'java/lang/NoSuchMethodError'{0x00000007116984e8}: 'java.lang.Object java.lang.invoke.Invokers$Holder.invokeExact_MT(java.lang.Object, java.lang.Object, java.lang.Object, java.lang.Object, java.lang.Object, java.lang.Object)'> (0x00000007116984e8) 
thrown [t:\workspace\open\src\hotspot\share\interpreter\linkResolver.cpp, line 790]
Event: 0.479 Thread 0x0000025bf535f040 Exception <a 'sun/nio/fs/WindowsException'{0x0000000711702718}> (0x0000000711702718) 
thrown [t:\workspace\open\src\hotspot\share\prims\jni.cpp, line 579]
Event: 0.479 Thread 0x0000025bf535f040 Exception <a 'sun/nio/fs/WindowsException'{0x0000000711702aa0}> (0x0000000711702aa0) 
thrown [t:\workspace\open\src\hotspot\share\prims\jni.cpp, line 579]
Event: 0.985 Thread 0x0000025bf535f040 Exception <a 'sun/nio/fs/WindowsException'{0x0000000711755eb8}> (0x0000000711755eb8) 
thrown [t:\workspace\open\src\hotspot\share\prims\jni.cpp, line 579]

Events (20 events):
Event: 0.345 loading class sun/nio/ch/Interruptible
Event: 0.345 loading class sun/nio/ch/Interruptible done
Event: 0.345 loading class java/nio/channels/spi/AbstractInterruptibleChannel$1 done
Event: 0.345 loading class java/util/regex/Matcher$ImmutableMatchResult
Event: 0.345 loading class java/util/regex/Matcher$ImmutableMatchResult done
Event: 0.360 loading class java/io/Externalizable
Event: 0.360 loading class java/io/Externalizable done
Event: 0.361 Loaded shared library C:\Program Files\Java\jdk-16.0.2\bin\verify.dll
Event: 0.394 loading class java/lang/SecurityException
Event: 0.394 loading class java/lang/SecurityException done
Event: 0.481 Loaded shared library C:\Users\xerxe\AppData\Local\Temp\lwjglxerxe\3.3.0-SNAPSHOT\lwjgl_stb.dll
Event: 0.983 loading class java/io/UncheckedIOException
Event: 0.983 loading class java/io/UncheckedIOException done
Event: 0.985 loading class java/nio/file/StandardCopyOption
Event: 0.985 loading class java/nio/file/StandardCopyOption done
Event: 1.019 loading class java/io/DeleteOnExitHook
Event: 1.019 loading class java/io/DeleteOnExitHook done
Event: 1.019 loading class java/io/DeleteOnExitHook$1
Event: 1.019 loading class java/io/DeleteOnExitHook$1 done
Event: 1.045 Loaded shared library C:\Users\xerxe\AppData\Local\Temp\imgui-java-natives_1643964504609\imgui-java64.dll


Dynamic libraries:
0x00007ff6cfa70000 - 0x00007ff6cfa80000 	C:\Program Files\Java\jdk-16.0.2\bin\java.exe
0x00007fff07bb0000 - 0x00007fff07da5000 	C:\Windows\SYSTEM32\ntdll.dll
0x00007fff07230000 - 0x00007fff072ee000 	C:\Windows\System32\KERNEL32.DLL
0x00007fff05630000 - 0x00007fff058f8000 	C:\Windows\System32\KERNELBASE.dll
0x00007fff05ac0000 - 0x00007fff05bc0000 	C:\Windows\System32\ucrtbase.dll
0x00007ffeea4e0000 - 0x00007ffeea4f9000 	C:\Program Files\Java\jdk-16.0.2\bin\VCRUNTIME140.dll
0x00007ffeea1f0000 - 0x00007ffeea208000 	C:\Program Files\Java\jdk-16.0.2\bin\jli.dll
0x00007fff06580000 - 0x00007fff0662e000 	C:\Windows\System32\ADVAPI32.dll
0x00007fff07ad0000 - 0x00007fff07b6e000 	C:\Windows\System32\msvcrt.dll
0x00007fff07190000 - 0x00007fff0722c000 	C:\Windows\System32\sechost.dll
0x00007fff06450000 - 0x00007fff06575000 	C:\Windows\System32\RPCRT4.dll
0x00007fff072f0000 - 0x00007fff07491000 	C:\Windows\System32\USER32.dll
0x00007fff05470000 - 0x00007fff05492000 	C:\Windows\System32\win32u.dll
0x00007ffeeebf0000 - 0x00007ffeeee8a000 	C:\Windows\WinSxS\amd64_microsoft.windows.common-controls_6595b64144ccf1df_6.0.19041.1110_none_60b5254171f9507e\COMCTL32.dll
0x00007fff075c0000 - 0x00007fff075eb000 	C:\Windows\System32\GDI32.dll
0x00007fff052c0000 - 0x00007fff053cd000 	C:\Windows\System32\gdi32full.dll
0x00007fff053d0000 - 0x00007fff0546d000 	C:\Windows\System32\msvcp_win.dll
0x00007fff04100000 - 0x00007fff0410a000 	C:\Windows\SYSTEM32\VERSION.dll
0x00007fff06730000 - 0x00007fff06760000 	C:\Windows\System32\IMM32.DLL
0x00007ffee4e70000 - 0x00007ffee4e7c000 	C:\Program Files\Java\jdk-16.0.2\bin\vcruntime140_1.dll
0x00007ffea9390000 - 0x00007ffea9421000 	C:\Program Files\Java\jdk-16.0.2\bin\msvcp140.dll
0x00007ffe88760000 - 0x00007ffe8930b000 	C:\Program Files\Java\jdk-16.0.2\bin\server\jvm.dll
0x00007fff063a0000 - 0x00007fff063a8000 	C:\Windows\System32\PSAPI.DLL
0x00007ffefed50000 - 0x00007ffefed59000 	C:\Windows\SYSTEM32\WSOCK32.dll
0x00007ffef53f0000 - 0x00007ffef5417000 	C:\Windows\SYSTEM32\WINMM.dll
0x00007fff07120000 - 0x00007fff0718b000 	C:\Windows\System32\WS2_32.dll
0x00007fff040c0000 - 0x00007fff040d2000 	C:\Windows\SYSTEM32\kernel.appcore.dll
0x00007ffee21a0000 - 0x00007ffee21aa000 	C:\Program Files\Java\jdk-16.0.2\bin\jimage.dll
0x00007fff02f00000 - 0x00007fff030e4000 	C:\Windows\SYSTEM32\DBGHELP.DLL
0x00007ffeebc20000 - 0x00007ffeebc4c000 	C:\Windows\SYSTEM32\dbgcore.DLL
0x00007fff054f0000 - 0x00007fff05572000 	C:\Windows\System32\bcryptPrimitives.dll
0x00007ffefe890000 - 0x00007ffefe89e000 	C:\Program Files\Java\jdk-16.0.2\bin\instrument.dll
0x00007ffed13d0000 - 0x00007ffed13f5000 	C:\Program Files\Java\jdk-16.0.2\bin\java.dll
0x00007fff05bf0000 - 0x00007fff06334000 	C:\Windows\System32\SHELL32.dll
0x00007fff031d0000 - 0x00007fff03965000 	C:\Windows\SYSTEM32\windows.storage.dll
0x00007fff06890000 - 0x00007fff06be5000 	C:\Windows\System32\combase.dll
0x00007fff04d10000 - 0x00007fff04d3e000 	C:\Windows\SYSTEM32\Wldp.dll
0x00007fff06bf0000 - 0x00007fff06c9d000 	C:\Windows\System32\SHCORE.dll
0x00007fff06340000 - 0x00007fff06395000 	C:\Windows\System32\shlwapi.dll
0x00007fff05200000 - 0x00007fff0521f000 	C:\Windows\SYSTEM32\profapi.dll
0x00007ffed04a0000 - 0x00007ffed04b8000 	C:\Program Files\Java\jdk-16.0.2\bin\zip.dll
0x00007ffeda9b0000 - 0x00007ffeda9c9000 	C:\Program Files\Java\jdk-16.0.2\bin\net.dll
0x00007ffef65b0000 - 0x00007ffef66bc000 	C:\Windows\SYSTEM32\WINHTTP.dll
0x00007fff04a70000 - 0x00007fff04ada000 	C:\Windows\system32\mswsock.dll
0x00007ffed1380000 - 0x00007ffed1393000 	C:\Program Files\Java\jdk-16.0.2\bin\nio.dll
0x00007ffefe820000 - 0x00007ffefe83a000 	C:\Program Files\JetBrains\IntelliJ IDEA Community Edition 2021.3.1\bin\breakgen64.dll
0x00007ffecd590000 - 0x00007ffecd601000 	C:\Users\xerxe\AppData\Local\Temp\lwjglxerxe\3.3.0-SNAPSHOT\lwjgl.dll
0x00007ffecd520000 - 0x00007ffecd581000 	C:\Users\xerxe\AppData\Local\Temp\lwjglxerxe\3.3.0-SNAPSHOT\glfw.dll
0x00007ffecda90000 - 0x00007ffecdad5000 	C:\Windows\SYSTEM32\dinput8.dll
0x00007ffef2a20000 - 0x00007ffef2a31000 	C:\Windows\SYSTEM32\xinput1_4.dll
0x00007fff054a0000 - 0x00007fff054ee000 	C:\Windows\System32\cfgmgr32.dll
0x00007fff05080000 - 0x00007fff050b4000 	C:\Windows\SYSTEM32\DEVOBJ.dll
0x00007fff02a80000 - 0x00007fff02aaf000 	C:\Windows\SYSTEM32\dwmapi.dll
0x00007ffef1230000 - 0x00007ffef1382000 	C:\Windows\SYSTEM32\inputhost.dll
0x00007fff06f90000 - 0x00007fff0705d000 	C:\Windows\System32\OLEAUT32.dll
0x00007fff00890000 - 0x00007fff009e4000 	C:\Windows\SYSTEM32\wintypes.dll
0x00007fff01f50000 - 0x00007fff02046000 	C:\Windows\SYSTEM32\PROPSYS.dll
0x00007fff02050000 - 0x00007fff02142000 	C:\Windows\SYSTEM32\CoreMessaging.dll
0x00007fff01870000 - 0x00007fff01bce000 	C:\Windows\SYSTEM32\CoreUIComponents.dll
0x00007fff03dd0000 - 0x00007fff03e03000 	C:\Windows\SYSTEM32\ntmarta.dll
0x00007fff02780000 - 0x00007fff0281e000 	C:\Windows\system32\uxtheme.dll
0x00007fff074a0000 - 0x00007fff075b5000 	C:\Windows\System32\MSCTF.dll
0x00007ffef0d00000 - 0x00007ffef0e25000 	C:\Windows\SYSTEM32\opengl32.dll
0x00007ffefc180000 - 0x00007ffefc1ac000 	C:\Windows\SYSTEM32\GLU32.dll
0x00007fff06ee0000 - 0x00007fff06f89000 	C:\Windows\System32\clbcatq.dll
0x00007ffe940e0000 - 0x00007ffe94f90000 	C:\Windows\System32\DriverStore\FileRepository\iigd_dch.inf_amd64_a446f8448ecf881c\ig9icd64.dll
0x00007fff039d0000 - 0x00007fff03ac4000 	C:\Windows\system32\dxgi.dll
0x00007ffefa430000 - 0x00007ffefa46b000 	C:\Windows\SYSTEM32\dxcore.dll
0x00007ffef66c0000 - 0x00007ffef8688000 	C:\Windows\System32\DriverStore\FileRepository\iigd_dch.inf_amd64_a446f8448ecf881c\igc64.dll
0x00007fff04880000 - 0x00007fff048cb000 	C:\Windows\SYSTEM32\powrprof.dll
0x00007fff046f0000 - 0x00007fff04702000 	C:\Windows\SYSTEM32\UMPDC.dll
0x00007ffef8690000 - 0x00007ffef87aa000 	C:\Windows\System32\DriverStore\FileRepository\iigd_dch.inf_amd64_a446f8448ecf881c\igdgmm64.dll
0x00007ffee4c50000 - 0x00007ffee4d49000 	C:\Windows\SYSTEM32\textinputframework.dll
0x00007ffeff160000 - 0x00007ffeff1c6000 	C:\Windows\system32\Oleacc.dll
0x00007ffecd4c0000 - 0x00007ffecd51d000 	C:\Users\xerxe\AppData\Local\Temp\lwjglxerxe\3.3.0-SNAPSHOT\lwjgl_opengl.dll
0x00007ffefe860000 - 0x00007ffefe870000 	C:\Program Files\Java\jdk-16.0.2\bin\verify.dll
0x00007ffecd430000 - 0x00007ffecd4b1000 	C:\Users\xerxe\AppData\Local\Temp\lwjglxerxe\3.3.0-SNAPSHOT\lwjgl_stb.dll
0x0000000064a00000 - 0x000000006580f000 	C:\Users\xerxe\AppData\Local\Temp\imgui-java-natives_1643964504609\imgui-java64.dll

dbghelp: loaded successfully - version: 4.0.5 - missing functions: none
symbol engine: initialized successfully - sym options: 0x614 - pdb path: .;C:\Program Files\Java\jdk-16.0.2\bin;C:\Windows\SYSTEM32;C:\Windows\WinSxS\amd64_microsoft.windows.common-controls_6595b64144ccf1df_6.0.19041.1110_none_60b5254171f9507e;C:\Program Files\Java\jdk-16.0.2\bin\server;C:\Program Files\JetBrains\IntelliJ IDEA Community Edition 2021.3.1\bin;C:\Users\xerxe\AppData\Local\Temp\lwjglxerxe\3.3.0-SNAPSHOT;C:\Windows\System32\DriverStore\FileRepository\iigd_dch.inf_amd64_a446f8448ecf881c;C:\Users\xerxe\AppData\Local\Temp\imgui-java-natives_1643964504609

VM Arguments:
jvm_args: -javaagent:C:\Program Files\JetBrains\IntelliJ IDEA Community Edition 2021.3.1\lib\idea_rt.jar=58240:C:\Program Files\JetBrains\IntelliJ IDEA Community Edition 2021.3.1\bin -Dfile.encoding=UTF-8 
java_command: xerxes.game.engine.Main
java_class_path (initial): C:\Dev\2D_Java_Game_Engine\target\classes;C:\Users\xerxe\.m2\repository\io\github\spair\imgui-java-app\1.86.2\imgui-java-app-1.86.2.jar;C:\Users\xerxe\.m2\repository\org\lwjgl\lwjgl\3.3.0\lwjgl-3.3.0-natives-linux.jar;C:\Users\xerxe\.m2\repository\org\lwjgl\lwjgl-glfw\3.3.0\lwjgl-glfw-3.3.0-natives-linux.jar;C:\Users\xerxe\.m2\repository\org\lwjgl\lwjgl-opengl\3.3.0\lwjgl-opengl-3.3.0-natives-linux.jar;C:\Users\xerxe\.m2\repository\org\lwjgl\lwjgl\3.3.0\lwjgl-3.3.0-natives-macos.jar;C:\Users\xerxe\.m2\repository\org\lwjgl\lwjgl-glfw\3.3.0\lwjgl-glfw-3.3.0-natives-macos.jar;C:\Users\xerxe\.m2\repository\org\lwjgl\lwjgl-opengl\3.3.0\lwjgl-opengl-3.3.0-natives-macos.jar;C:\Users\xerxe\.m2\repository\io\github\spair\imgui-java-binding\1.86.2\imgui-java-binding-1.86.2.jar;C:\Users\xerxe\.m2\repository\io\github\spair\imgui-java-lwjgl3\1.86.2\imgui-java-lwjgl3-1.86.2.jar;C:\Users\xerxe\.m2\repository\org\lwjgl\lwjgl\3.3.0\lwjgl-3.3.0.jar;C:\Users\xerxe\.m2\repository\org\lwjgl\lwjgl-assimp\3.3.0\lwjgl-assimp-3.3.0.jar;C:\Users\xerxe\.m2\repository\org\lwjgl\lwjgl-glfw\3.3.0\lwjgl-glfw-3.3.0.jar;C:\Users\xerxe\.m2\repository\org\lwjgl\lwjgl-openal\3.3.0\lwjgl-openal-3.3.0.jar;C:\Users\xerxe\.m2\repository\org\lwjgl\lwjgl-opengl\3.3.0\lwjgl-opengl-3.3.0.jar;C:\Users\xerxe\.m2\repository\org\lwjgl\lwjgl-stb\3.3.0\lwjgl-stb-3.3.0.jar;C:\Users\xerxe\.m2\repository\org\lwjgl\lwjgl\3.3.0\lwjgl-3.3.0-natives-windows.jar;C:\Users\xerxe\.m2\repository\org\lwjgl\lwjgl-assimp\3.3.0\lwjgl-assimp-3.3.0-natives-windows.jar;C:\Users\xerxe\.m2\repository\org\lwjgl\lwjgl-glfw\3.3.0\lwjgl-glfw-3.3.0-natives-windows.jar;C:\Users\xerxe\.m2\repository\org\lwjgl\lwjgl-openal\3.3.0\lwjgl-openal-3.3.0-natives-windows.jar;C:\Users\xerxe\.m2\repository\org\lwjgl\lwjgl-opengl\3.3.0\lwjgl-opengl-3.3.0-natives-windows.jar;C:\Users\xerxe\.m2\repository\org\lwjgl\lwjgl-stb\3.3.0\lwjgl-stb-3.3.0-natives-windows.jar;C:\Users\xerxe\.m2\repository\org\joml\joml\1.10.3\joml-1.10.
Launcher Type: SUN_STANDARD

[Global flags]
     intx CICompilerCount                          = 4                                         {product} {ergonomic}
     uint ConcGCThreads                            = 3                                         {product} {ergonomic}
     uint G1ConcRefinementThreads                  = 10                                        {product} {ergonomic}
   size_t G1HeapRegionSize                         = 2097152                                   {product} {ergonomic}
    uintx GCDrainStackTargetSize                   = 64                                        {product} {ergonomic}
   size_t InitialHeapSize                          = 266338304                                 {product} {ergonomic}
   size_t MarkStackSize                            = 4194304                                   {product} {ergonomic}
   size_t MaxHeapSize                              = 4255121408                                {product} {ergonomic}
   size_t MaxNewSize                               = 2552233984                                {product} {ergonomic}
   size_t MinHeapDeltaBytes                        = 2097152                                   {product} {ergonomic}
   size_t MinHeapSize                              = 8388608                                   {product} {ergonomic}
    uintx NonNMethodCodeHeapSize                   = 5839372                                {pd product} {ergonomic}
    uintx NonProfiledCodeHeapSize                  = 122909434                              {pd product} {ergonomic}
    uintx ProfiledCodeHeapSize                     = 122909434                              {pd product} {ergonomic}
    uintx ReservedCodeCacheSize                    = 251658240                              {pd product} {ergonomic}
     bool SegmentedCodeCache                       = true                                      {product} {ergonomic}
   size_t SoftMaxHeapSize                          = 4255121408                             {manageable} {ergonomic}
     bool UseCompressedClassPointers               = true                           {product lp64_product} {ergonomic}
     bool UseCompressedOops                        = true                           {product lp64_product} {ergonomic}
     bool UseG1GC                                  = true                                      {product} {ergonomic}
     bool UseLargePagesIndividualAllocation        = false                                  {pd product} {ergonomic}

Logging:
Log output configuration:
 #0: stdout all=warning uptime,level,tags
 #1: stderr all=off uptime,level,tags

Environment Variables:
PATH=C:\Program Files\Common Files\Oracle\Java\javapath;C:\Program Files (x86)\Common Files\Oracle\Java\javapath;C:\Windows\system32;C:\Windows;C:\Windows\System32\Wbem;C:\Windows\System32\WindowsPowerShell\v1.0\;C:\Windows\System32\OpenSSH\;C:\Program Files (x86)\NVIDIA Corporation\PhysX\Common;C:\Program Files\NVIDIA Corporation\NVIDIA NvDLISR;C:\Windows\system32;C:\Windows;C:\Windows\System32\Wbem;C:\Windows\System32\WindowsPowerShell\v1.0\;C:\Windows\System32\OpenSSH\;C:\Program Files\nodejs\;C:\Program Files\dotnet\;C:\Program Files (x86)\Git\cmd;C:\Users\xerxe\AppData\Local\Microsoft\WindowsApps;C:\Users\xerxe\AppData\Local\Programs\Microsoft VS Code\bin;C:\Users\xerxe\AppData\Roaming\npm;C:\Users\xerxe\.dotnet\tools;C:\Gradle\gradle-7.3.3\bin;C:\ProgramData\xerxe\GitHubDesktop\bin;C:\Users\xerxe\AppData\Local\GitHubDesktop\bin;C:\Program Files\JetBrains\IntelliJ IDEA Community Edition 2021.3.1\bin;
USERNAME=xerxe
OS=Windows_NT
PROCESSOR_IDENTIFIER=Intel64 Family 6 Model 158 Stepping 10, GenuineIntel



---------------  S Y S T E M  ---------------

OS:
 Windows 10 , 64 bit Build 19041 (10.0.19041.1466)
OS uptime: 5 days 19:25 hours

CPU: total 12 (initial active 12) (6 cores per cpu, 2 threads per core) family 6 model 158 stepping 10 microcode 0xb4, cx8, cmov, fxsr, ht, mmx, 3dnowpref, sse, sse2, sse3, ssse3, sse4.1, sse4.2, popcnt, lzcnt, tsc, tscinvbit, avx, avx2, aes, erms, clmul, bmi1, bmi2, adx, fma, vzeroupper, clflush, clflushopt

Memory: 4k page, system-wide physical 16231M (7902M free)
TotalPageFile size 19303M (AvailPageFile size 8097M)
current process WorkingSet (physical memory assigned to process): 303M, peak: 303M
current process commit charge ("private bytes"): 579M, peak: 579M

vm_info: Java HotSpot(TM) 64-Bit Server VM (16.0.2+7-67) for windows-amd64 JRE (16.0.2+7-67), built on Jun  8 2021 23:24:19 by "mach5one" with MS VC++ 16.7 (VS2019)

END.
