#
# A fatal error has been detected by the Java Runtime Environment:
#
#  EXCEPTION_ACCESS_VIOLATION (0xc0000005) at pc=0x0000000064a6fa87, pid=13608, tid=19864
#
# JRE version: Java(TM) SE Runtime Environment (16.0.2+7) (build 16.0.2+7-67)
# Java VM: Java HotSpot(TM) 64-Bit Server VM (16.0.2+7-67, mixed mode, sharing, tiered, compressed oops, compressed class ptrs, g1 gc, windows-amd64)
# Problematic frame:
# C  [imgui-java64.dll+0x6fa87]
#
# No core dump will be written. Minidumps are not enabled by default on client versions of Windows
#
# If you would like to submit a bug report, please visit:
#   https://bugreport.java.com/bugreport/crash.jsp
# The crash happened outside the Java Virtual Machine in native code.
# See problematic frame for where to report the bug.
#

---------------  S U M M A R Y ------------

Command Line: -javaagent:C:\Program Files\JetBrains\IntelliJ IDEA Community Edition 2021.3.1\lib\idea_rt.jar=58230:C:\Program Files\JetBrains\IntelliJ IDEA Community Edition 2021.3.1\bin -Dfile.encoding=UTF-8 xerxes.game.engine.Main

Host: Intel(R) Core(TM) i7-9750H CPU @ 2.60GHz, 12 cores, 15G,  Windows 10 , 64 bit Build 19041 (10.0.19041.1466)
Time: Fri Feb  4 02:47:48 2022 Central Standard Time elapsed time: 1.293942 seconds (0d 0h 0m 1s)

---------------  T H R E A D  ---------------

Current thread (0x0000022fe41813f0):  JavaThread "main" [_thread_in_native, id=19864, stack(0x000000a908900000,0x000000a908a00000)]

Stack: [0x000000a908900000,0x000000a908a00000],  sp=0x000000a9089fef50,  free space=1019k
Native frames: (J=compiled Java code, j=interpreted, Vv=VM code, C=native code)
C  [imgui-java64.dll+0x6fa87]

Java frames: (J=compiled Java code, j=interpreted, Vv=VM code)
j  imgui.ImGui.begin(Ljava/lang/String;)Z+0
j  xerxes.game.engine.Main.loop()V+76
j  xerxes.game.engine.Main.run()V+5
j  xerxes.game.engine.Main.main([Ljava/lang/String;)V+7
v  ~StubRoutines::call_stub

siginfo: EXCEPTION_ACCESS_VIOLATION (0xc0000005), reading address 0x0000000000001cb8


Register to memory mapping:

RIP=0x0000000064a6fa87 imgui-java64.dll
RAX=0x0000022f90c1dd80 points into unknown readable memory: 0x5720776f6c6c6548 | 48 65 6c 6c 6f 77 20 57
RBX=0x0000022f90c1dd80 points into unknown readable memory: 0x5720776f6c6c6548 | 48 65 6c 6c 6f 77 20 57
RCX=0x0000022f90c1dd80 points into unknown readable memory: 0x5720776f6c6c6548 | 48 65 6c 6c 6f 77 20 57
RDX=0x0 is NULL
RSP=0x000000a9089fef50 is pointing into the stack for thread: 0x0000022fe41813f0
RBP=0x000000a9089ff2a0 is pointing into the stack for thread: 0x0000022fe41813f0
RSI=0x0000000000000148 is an unknown value
RDI=0x0 is NULL
R8 =0x0 is NULL
R9 =0x0000000000000001 is an unknown value
R10=0x0000022f90c1dd8c points into unknown readable memory: 00 00 00 00
R11=0x0000022f90c1dd80 points into unknown readable memory: 0x5720776f6c6c6548 | 48 65 6c 6c 6f 77 20 57
R12=0x0000022fe4181700 points into unknown readable memory: 0x0000022ffffefb00 | 00 fb fe ff 2f 02 00 00
R13=0x000000a9089ff2c0 is pointing into the stack for thread: 0x0000022fe41813f0
R14=0x000000a9089ff2c0 is pointing into the stack for thread: 0x0000022fe41813f0
R15=0x0 is NULL


Registers:
RAX=0x0000022f90c1dd80, RBX=0x0000022f90c1dd80, RCX=0x0000022f90c1dd80, RDX=0x0000000000000000
RSP=0x000000a9089fef50, RBP=0x000000a9089ff2a0, RSI=0x0000000000000148, RDI=0x0000000000000000
R8 =0x0000000000000000, R9 =0x0000000000000001, R10=0x0000022f90c1dd8c, R11=0x0000022f90c1dd80
R12=0x0000022fe4181700, R13=0x000000a9089ff2c0, R14=0x000000a9089ff2c0, R15=0x0000000000000000
RIP=0x0000000064a6fa87, EFLAGS=0x0000000000010206

Top of Stack: (sp=0x000000a9089fef50)
0x000000a9089fef50:   0000000000000000 0000000000000020
0x000000a9089fef60:   000000000000000d 0000000000000004
0x000000a9089fef70:   0000022fe4040000 000000a9089ff039
0x000000a9089fef80:   0000000000000002 00007fff07bdb3c7
0x000000a9089fef90:   0000022fe3f50000 0000022f00000000
0x000000a9089fefa0:   000000000000000d 0000000700000000
0x000000a9089fefb0:   0000022fe4181d10 00007ffe88d9e58a
0x000000a9089fefc0:   00000002e4181940 0000022fe4181301
0x000000a9089fefd0:   0000022fe4181920 000000a9089ff100
0x000000a9089fefe0:   0000022fe4181d10 0000000000000000
0x000000a9089feff0:   0000022fe41813f0 00007ffe8908006e
0x000000a9089ff000:   000000a90000000b 0000000064a906b0
0x000000a9089ff010:   000000a9089ff200 0000000000000003
0x000000a9089ff020:   000000a9089ff200 000000a9089ff1e0
0x000000a9089ff030:   0000022fe4181920 00007ffe88d9e12f
0x000000a9089ff040:   0000022fe4181d18 0000022fe41813f0 

Instructions: (pc=0x0000000064a6fa87)
0x0000000064a6f987:   00 0f 10 d3 e8 80 bd fe ff 66 0f 6e d8 48 c1 e8
0x0000000064a6f997:   20 83 bf d8 1f 00 00 03 66 0f 6e d0 0f 85 86 fe
0x0000000064a6f9a7:   ff ff e9 62 fe ff ff f3 0f 10 25 9e 92 4a 00 f3
0x0000000064a6f9b7:   0f 10 15 26 93 4a 00 0f 10 ec e9 66 fa ff ff f3
0x0000000064a6f9c7:   0f 10 0d 16 93 4a 00 0f 10 d1 e9 ef fd ff ff f3
0x0000000064a6f9d7:   0f 10 1d 06 93 4a 00 f3 0f 10 25 6e 92 4a 00 0f
0x0000000064a6f9e7:   10 d3 e9 07 fd ff ff 66 90 41 57 41 56 41 55 41
0x0000000064a6f9f7:   54 55 57 56 53 48 81 ec 48 02 00 00 0f 11 b4 24
0x0000000064a6fa07:   a0 01 00 00 0f 11 bc 24 b0 01 00 00 44 0f 11 84
0x0000000064a6fa17:   24 c0 01 00 00 44 0f 11 8c 24 d0 01 00 00 44 0f
0x0000000064a6fa27:   11 94 24 e0 01 00 00 44 0f 11 9c 24 f0 01 00 00
0x0000000064a6fa37:   44 0f 11 a4 24 00 02 00 00 44 0f 11 ac 24 10 02
0x0000000064a6fa47:   00 00 44 0f 11 b4 24 20 02 00 00 44 0f 11 bc 24
0x0000000064a6fa57:   30 02 00 00 4c 8b 3d e6 96 54 00 48 89 8c 24 90
0x0000000064a6fa67:   02 00 00 44 89 c7 48 89 94 24 98 02 00 00 48 85
0x0000000064a6fa77:   c9 0f 84 42 33 00 00 80 39 00 0f 84 99 02 00 00
0x0000000064a6fa87:   41 80 bf b8 1c 00 00 00 0f 84 d1 02 00 00 41 8b
0x0000000064a6fa97:   87 a8 1c 00 00 41 39 87 ac 1c 00 00 0f 84 5f 2d
0x0000000064a6faa7:   00 00 48 8b 8c 24 90 02 00 00 e8 aa 1a fe ff 49
0x0000000064a6fab7:   89 c4 48 85 c0 0f 84 96 11 00 00 41 89 f8 31 d2
0x0000000064a6fac7:   48 89 c1 4c 89 e3 e8 7e 0f fd ff 89 fa 89 f8 81
0x0000000064a6fad7:   e2 00 02 0c 00 83 c8 06 81 fa 00 02 0c 00 0f 44
0x0000000064a6fae7:   f8 f7 c7 00 00 80 00 74 0c f7 c7 00 00 00 01 0f
0x0000000064a6faf7:   84 64 2e 00 00 8b 83 70 02 00 00 45 8b 97 f8 1c
0x0000000064a6fb07:   00 00 41 8b af a8 1c 00 00 89 44 24 40 31 c0 45
0x0000000064a6fb17:   85 d2 75 08 41 0f b6 87 b9 1c 00 00 88 83 cf 00
0x0000000064a6fb27:   00 00 8d 45 ff 39 44 24 40 0f 9c 44 24 48 f7 c7
0x0000000064a6fb37:   00 00 00 04 0f 85 4f 10 00 00 44 0f b6 ab cd 00
0x0000000064a6fb47:   00 00 8b 73 0c 39 6c 24 40 74 59 0f b6 44 24 48
0x0000000064a6fb57:   88 83 cd 00 00 00 84 c0 0f 85 3b 02 00 00 89 73
0x0000000064a6fb67:   10 66 0f ef c0 45 31 c9 89 fe f2 41 0f 5a 87 a0
0x0000000064a6fb77:   1c 00 00 89 7b 0c 89 ab 70 02 00 00 41 8b 87 18 


Stack slot to memory mapping:
stack at sp + 0 slots: 0x0 is NULL
stack at sp + 1 slots: 0x0000000000000020 is an unknown value
stack at sp + 2 slots: 0x000000000000000d is an unknown value
stack at sp + 3 slots: 0x0000000000000004 is an unknown value
stack at sp + 4 slots: 0x0000022fe4040000 points into unknown readable memory: 0x0000000000000000 | 00 00 00 00 00 00 00 00
stack at sp + 5 slots: 0x000000a9089ff039 is pointing into the stack for thread: 0x0000022fe41813f0
stack at sp + 6 slots: 0x0000000000000002 is an unknown value
stack at sp + 7 slots: 0x00007fff07bdb3c7 ntdll.dll


---------------  P R O C E S S  ---------------

Threads class SMR info:
_java_thread_list=0x0000022fffdd6a90, length=13, elements={
0x0000022fe41813f0, 0x0000022fff2276f0, 0x0000022fff2285b0, 0x0000022fff2328b0,
0x0000022fff2344c0, 0x0000022fff236ed0, 0x0000022fff2380e0, 0x0000022fff23c310,
0x0000022fff244e10, 0x0000022fff252460, 0x0000022fffcd6ca0, 0x0000022fffde3560,
0x0000022fffecf360
}

Java Threads: ( => current thread )
=>0x0000022fe41813f0 JavaThread "main" [_thread_in_native, id=19864, stack(0x000000a908900000,0x000000a908a00000)]
  0x0000022fff2276f0 JavaThread "Reference Handler" daemon [_thread_blocked, id=23612, stack(0x000000a909000000,0x000000a909100000)]
  0x0000022fff2285b0 JavaThread "Finalizer" daemon [_thread_blocked, id=21304, stack(0x000000a909100000,0x000000a909200000)]
  0x0000022fff2328b0 JavaThread "Signal Dispatcher" daemon [_thread_blocked, id=9712, stack(0x000000a909200000,0x000000a909300000)]
  0x0000022fff2344c0 JavaThread "Attach Listener" daemon [_thread_blocked, id=24712, stack(0x000000a909300000,0x000000a909400000)]
  0x0000022fff236ed0 JavaThread "Service Thread" daemon [_thread_blocked, id=21580, stack(0x000000a909400000,0x000000a909500000)]
  0x0000022fff2380e0 JavaThread "Monitor Deflation Thread" daemon [_thread_blocked, id=25060, stack(0x000000a909500000,0x000000a909600000)]
  0x0000022fff23c310 JavaThread "C2 CompilerThread0" daemon [_thread_blocked, id=2076, stack(0x000000a909600000,0x000000a909700000)]
  0x0000022fff244e10 JavaThread "C1 CompilerThread0" daemon [_thread_blocked, id=21472, stack(0x000000a909700000,0x000000a909800000)]
  0x0000022fff252460 JavaThread "Sweeper thread" daemon [_thread_blocked, id=16832, stack(0x000000a909800000,0x000000a909900000)]
  0x0000022fffcd6ca0 JavaThread "Common-Cleaner" daemon [_thread_blocked, id=22904, stack(0x000000a909900000,0x000000a909a00000)]
  0x0000022fffde3560 JavaThread "Monitor Ctrl-Break" daemon [_thread_in_native, id=2584, stack(0x000000a909a00000,0x000000a909b00000)]
  0x0000022fffecf360 JavaThread "Notification Thread" daemon [_thread_blocked, id=22884, stack(0x000000a909b00000,0x000000a909c00000)]

Other Threads:
  0x0000022fff2226a0 VMThread "VM Thread" [stack: 0x000000a908f00000,0x000000a909000000] [id=26140]
  0x0000022fffed4a30 WatcherThread [stack: 0x000000a909c00000,0x000000a909d00000] [id=9332]
  0x0000022fe41d27e0 GCTaskThread "GC Thread#0" [stack: 0x000000a908a00000,0x000000a908b00000] [id=13924]
  0x0000022fe413df40 ConcurrentGCThread "G1 Main Marker" [stack: 0x000000a908b00000,0x000000a908c00000] [id=15796]
  0x0000022fe413e9b0 ConcurrentGCThread "G1 Conc#0" [stack: 0x000000a908c00000,0x000000a908d00000] [id=23484]
  0x0000022fe425d0c0 ConcurrentGCThread "G1 Refine#0" [stack: 0x000000a908d00000,0x000000a908e00000] [id=8520]
  0x0000022fe425da50 ConcurrentGCThread "G1 Service" [stack: 0x000000a908e00000,0x000000a908f00000] [id=13892]

Threads with active compile tasks:

VM state: not at safepoint (normal execution)

VM Mutex/Monitor currently owned by a thread: None

Heap address: 0x0000000702600000, size: 4058 MB, Compressed Oops mode: Zero based, Oop shift amount: 3

CDS archive(s) mapped at: [0x0000000800000000-0x0000000800bb0000-0x0000000800bb0000), size 12255232, SharedBaseAddress: 0x0000000800000000, ArchiveRelocationMode: 0.
Compressed class space mapped at: 0x0000000800c00000-0x0000000840c00000, reserved size: 1073741824
Narrow klass base: 0x0000000800000000, Narrow klass shift: 3, Narrow klass range: 0x100000000

GC Precious Log:
 CPUs: 12 total, 12 available
 Memory: 16231M
 Large Page Support: Disabled
 NUMA Support: Disabled
 Compressed Oops: Enabled (Zero based)
 Heap Region Size: 2M
 Heap Min Capacity: 8M
 Heap Initial Capacity: 254M
 Heap Max Capacity: 4058M
 Pre-touch: Disabled
 Parallel Workers: 10
 Concurrent Workers: 3
 Concurrent Refinement Workers: 10
 Periodic GC: Disabled

Heap:
 garbage-first heap   total 260096K, used 10240K [0x0000000702600000, 0x0000000800000000)
  region size 2048K, 7 young (14336K), 0 survivors (0K)
 Metaspace       used 6504K, committed 6720K, reserved 1064960K
  class space    used 309K, committed 384K, reserved 1048576K

Heap Regions: E=young(eden), S=young(survivor), O=old, HS=humongous(starts), HC=humongous(continues), CS=collection set, F=free, OA=open archive, CA=closed archive, TAMS=top-at-mark-start (previous, next)
|   0|0x0000000702600000, 0x0000000702600000, 0x0000000702800000|  0%| F|  |TAMS 0x0000000702600000, 0x0000000702600000| Untracked 
|   1|0x0000000702800000, 0x0000000702800000, 0x0000000702a00000|  0%| F|  |TAMS 0x0000000702800000, 0x0000000702800000| Untracked 
|   2|0x0000000702a00000, 0x0000000702a00000, 0x0000000702c00000|  0%| F|  |TAMS 0x0000000702a00000, 0x0000000702a00000| Untracked 
|   3|0x0000000702c00000, 0x0000000702c00000, 0x0000000702e00000|  0%| F|  |TAMS 0x0000000702c00000, 0x0000000702c00000| Untracked 
|   4|0x0000000702e00000, 0x0000000702e00000, 0x0000000703000000|  0%| F|  |TAMS 0x0000000702e00000, 0x0000000702e00000| Untracked 
|   5|0x0000000703000000, 0x0000000703000000, 0x0000000703200000|  0%| F|  |TAMS 0x0000000703000000, 0x0000000703000000| Untracked 
|   6|0x0000000703200000, 0x0000000703200000, 0x0000000703400000|  0%| F|  |TAMS 0x0000000703200000, 0x0000000703200000| Untracked 
|   7|0x0000000703400000, 0x0000000703400000, 0x0000000703600000|  0%| F|  |TAMS 0x0000000703400000, 0x0000000703400000| Untracked 
|   8|0x0000000703600000, 0x0000000703600000, 0x0000000703800000|  0%| F|  |TAMS 0x0000000703600000, 0x0000000703600000| Untracked 
|   9|0x0000000703800000, 0x0000000703800000, 0x0000000703a00000|  0%| F|  |TAMS 0x0000000703800000, 0x0000000703800000| Untracked 
|  10|0x0000000703a00000, 0x0000000703a00000, 0x0000000703c00000|  0%| F|  |TAMS 0x0000000703a00000, 0x0000000703a00000| Untracked 
|  11|0x0000000703c00000, 0x0000000703c00000, 0x0000000703e00000|  0%| F|  |TAMS 0x0000000703c00000, 0x0000000703c00000| Untracked 
|  12|0x0000000703e00000, 0x0000000703e00000, 0x0000000704000000|  0%| F|  |TAMS 0x0000000703e00000, 0x0000000703e00000| Untracked 
|  13|0x0000000704000000, 0x0000000704000000, 0x0000000704200000|  0%| F|  |TAMS 0x0000000704000000, 0x0000000704000000| Untracked 
|  14|0x0000000704200000, 0x0000000704200000, 0x0000000704400000|  0%| F|  |TAMS 0x0000000704200000, 0x0000000704200000| Untracked 
|  15|0x0000000704400000, 0x0000000704400000, 0x0000000704600000|  0%| F|  |TAMS 0x0000000704400000, 0x0000000704400000| Untracked 
|  16|0x0000000704600000, 0x0000000704600000, 0x0000000704800000|  0%| F|  |TAMS 0x0000000704600000, 0x0000000704600000| Untracked 
|  17|0x0000000704800000, 0x0000000704800000, 0x0000000704a00000|  0%| F|  |TAMS 0x0000000704800000, 0x0000000704800000| Untracked 
|  18|0x0000000704a00000, 0x0000000704a00000, 0x0000000704c00000|  0%| F|  |TAMS 0x0000000704a00000, 0x0000000704a00000| Untracked 
|  19|0x0000000704c00000, 0x0000000704c00000, 0x0000000704e00000|  0%| F|  |TAMS 0x0000000704c00000, 0x0000000704c00000| Untracked 
|  20|0x0000000704e00000, 0x0000000704e00000, 0x0000000705000000|  0%| F|  |TAMS 0x0000000704e00000, 0x0000000704e00000| Untracked 
|  21|0x0000000705000000, 0x0000000705000000, 0x0000000705200000|  0%| F|  |TAMS 0x0000000705000000, 0x0000000705000000| Untracked 
|  22|0x0000000705200000, 0x0000000705200000, 0x0000000705400000|  0%| F|  |TAMS 0x0000000705200000, 0x0000000705200000| Untracked 
|  23|0x0000000705400000, 0x0000000705400000, 0x0000000705600000|  0%| F|  |TAMS 0x0000000705400000, 0x0000000705400000| Untracked 
|  24|0x0000000705600000, 0x0000000705600000, 0x0000000705800000|  0%| F|  |TAMS 0x0000000705600000, 0x0000000705600000| Untracked 
|  25|0x0000000705800000, 0x0000000705800000, 0x0000000705a00000|  0%| F|  |TAMS 0x0000000705800000, 0x0000000705800000| Untracked 
|  26|0x0000000705a00000, 0x0000000705a00000, 0x0000000705c00000|  0%| F|  |TAMS 0x0000000705a00000, 0x0000000705a00000| Untracked 
|  27|0x0000000705c00000, 0x0000000705c00000, 0x0000000705e00000|  0%| F|  |TAMS 0x0000000705c00000, 0x0000000705c00000| Untracked 
|  28|0x0000000705e00000, 0x0000000705e00000, 0x0000000706000000|  0%| F|  |TAMS 0x0000000705e00000, 0x0000000705e00000| Untracked 
|  29|0x0000000706000000, 0x0000000706000000, 0x0000000706200000|  0%| F|  |TAMS 0x0000000706000000, 0x0000000706000000| Untracked 
|  30|0x0000000706200000, 0x0000000706200000, 0x0000000706400000|  0%| F|  |TAMS 0x0000000706200000, 0x0000000706200000| Untracked 
|  31|0x0000000706400000, 0x0000000706400000, 0x0000000706600000|  0%| F|  |TAMS 0x0000000706400000, 0x0000000706400000| Untracked 
|  32|0x0000000706600000, 0x0000000706600000, 0x0000000706800000|  0%| F|  |TAMS 0x0000000706600000, 0x0000000706600000| Untracked 
|  33|0x0000000706800000, 0x0000000706800000, 0x0000000706a00000|  0%| F|  |TAMS 0x0000000706800000, 0x0000000706800000| Untracked 
|  34|0x0000000706a00000, 0x0000000706a00000, 0x0000000706c00000|  0%| F|  |TAMS 0x0000000706a00000, 0x0000000706a00000| Untracked 
|  35|0x0000000706c00000, 0x0000000706c00000, 0x0000000706e00000|  0%| F|  |TAMS 0x0000000706c00000, 0x0000000706c00000| Untracked 
|  36|0x0000000706e00000, 0x0000000706e00000, 0x0000000707000000|  0%| F|  |TAMS 0x0000000706e00000, 0x0000000706e00000| Untracked 
|  37|0x0000000707000000, 0x0000000707000000, 0x0000000707200000|  0%| F|  |TAMS 0x0000000707000000, 0x0000000707000000| Untracked 
|  38|0x0000000707200000, 0x0000000707200000, 0x0000000707400000|  0%| F|  |TAMS 0x0000000707200000, 0x0000000707200000| Untracked 
|  39|0x0000000707400000, 0x0000000707400000, 0x0000000707600000|  0%| F|  |TAMS 0x0000000707400000, 0x0000000707400000| Untracked 
|  40|0x0000000707600000, 0x0000000707600000, 0x0000000707800000|  0%| F|  |TAMS 0x0000000707600000, 0x0000000707600000| Untracked 
|  41|0x0000000707800000, 0x0000000707800000, 0x0000000707a00000|  0%| F|  |TAMS 0x0000000707800000, 0x0000000707800000| Untracked 
|  42|0x0000000707a00000, 0x0000000707a00000, 0x0000000707c00000|  0%| F|  |TAMS 0x0000000707a00000, 0x0000000707a00000| Untracked 
|  43|0x0000000707c00000, 0x0000000707c00000, 0x0000000707e00000|  0%| F|  |TAMS 0x0000000707c00000, 0x0000000707c00000| Untracked 
|  44|0x0000000707e00000, 0x0000000707e00000, 0x0000000708000000|  0%| F|  |TAMS 0x0000000707e00000, 0x0000000707e00000| Untracked 
|  45|0x0000000708000000, 0x0000000708000000, 0x0000000708200000|  0%| F|  |TAMS 0x0000000708000000, 0x0000000708000000| Untracked 
|  46|0x0000000708200000, 0x0000000708200000, 0x0000000708400000|  0%| F|  |TAMS 0x0000000708200000, 0x0000000708200000| Untracked 
|  47|0x0000000708400000, 0x0000000708400000, 0x0000000708600000|  0%| F|  |TAMS 0x0000000708400000, 0x0000000708400000| Untracked 
|  48|0x0000000708600000, 0x0000000708600000, 0x0000000708800000|  0%| F|  |TAMS 0x0000000708600000, 0x0000000708600000| Untracked 
|  49|0x0000000708800000, 0x0000000708800000, 0x0000000708a00000|  0%| F|  |TAMS 0x0000000708800000, 0x0000000708800000| Untracked 
|  50|0x0000000708a00000, 0x0000000708a00000, 0x0000000708c00000|  0%| F|  |TAMS 0x0000000708a00000, 0x0000000708a00000| Untracked 
|  51|0x0000000708c00000, 0x0000000708c00000, 0x0000000708e00000|  0%| F|  |TAMS 0x0000000708c00000, 0x0000000708c00000| Untracked 
|  52|0x0000000708e00000, 0x0000000708e00000, 0x0000000709000000|  0%| F|  |TAMS 0x0000000708e00000, 0x0000000708e00000| Untracked 
|  53|0x0000000709000000, 0x0000000709000000, 0x0000000709200000|  0%| F|  |TAMS 0x0000000709000000, 0x0000000709000000| Untracked 
|  54|0x0000000709200000, 0x0000000709200000, 0x0000000709400000|  0%| F|  |TAMS 0x0000000709200000, 0x0000000709200000| Untracked 
|  55|0x0000000709400000, 0x0000000709400000, 0x0000000709600000|  0%| F|  |TAMS 0x0000000709400000, 0x0000000709400000| Untracked 
|  56|0x0000000709600000, 0x0000000709600000, 0x0000000709800000|  0%| F|  |TAMS 0x0000000709600000, 0x0000000709600000| Untracked 
|  57|0x0000000709800000, 0x0000000709800000, 0x0000000709a00000|  0%| F|  |TAMS 0x0000000709800000, 0x0000000709800000| Untracked 
|  58|0x0000000709a00000, 0x0000000709a00000, 0x0000000709c00000|  0%| F|  |TAMS 0x0000000709a00000, 0x0000000709a00000| Untracked 
|  59|0x0000000709c00000, 0x0000000709c00000, 0x0000000709e00000|  0%| F|  |TAMS 0x0000000709c00000, 0x0000000709c00000| Untracked 
|  60|0x0000000709e00000, 0x0000000709e00000, 0x000000070a000000|  0%| F|  |TAMS 0x0000000709e00000, 0x0000000709e00000| Untracked 
|  61|0x000000070a000000, 0x000000070a000000, 0x000000070a200000|  0%| F|  |TAMS 0x000000070a000000, 0x000000070a000000| Untracked 
|  62|0x000000070a200000, 0x000000070a200000, 0x000000070a400000|  0%| F|  |TAMS 0x000000070a200000, 0x000000070a200000| Untracked 
|  63|0x000000070a400000, 0x000000070a400000, 0x000000070a600000|  0%| F|  |TAMS 0x000000070a400000, 0x000000070a400000| Untracked 
|  64|0x000000070a600000, 0x000000070a600000, 0x000000070a800000|  0%| F|  |TAMS 0x000000070a600000, 0x000000070a600000| Untracked 
|  65|0x000000070a800000, 0x000000070a800000, 0x000000070aa00000|  0%| F|  |TAMS 0x000000070a800000, 0x000000070a800000| Untracked 
|  66|0x000000070aa00000, 0x000000070aa00000, 0x000000070ac00000|  0%| F|  |TAMS 0x000000070aa00000, 0x000000070aa00000| Untracked 
|  67|0x000000070ac00000, 0x000000070ac00000, 0x000000070ae00000|  0%| F|  |TAMS 0x000000070ac00000, 0x000000070ac00000| Untracked 
|  68|0x000000070ae00000, 0x000000070ae00000, 0x000000070b000000|  0%| F|  |TAMS 0x000000070ae00000, 0x000000070ae00000| Untracked 
|  69|0x000000070b000000, 0x000000070b000000, 0x000000070b200000|  0%| F|  |TAMS 0x000000070b000000, 0x000000070b000000| Untracked 
|  70|0x000000070b200000, 0x000000070b200000, 0x000000070b400000|  0%| F|  |TAMS 0x000000070b200000, 0x000000070b200000| Untracked 
|  71|0x000000070b400000, 0x000000070b400000, 0x000000070b600000|  0%| F|  |TAMS 0x000000070b400000, 0x000000070b400000| Untracked 
|  72|0x000000070b600000, 0x000000070b600000, 0x000000070b800000|  0%| F|  |TAMS 0x000000070b600000, 0x000000070b600000| Untracked 
|  73|0x000000070b800000, 0x000000070b800000, 0x000000070ba00000|  0%| F|  |TAMS 0x000000070b800000, 0x000000070b800000| Untracked 
|  74|0x000000070ba00000, 0x000000070ba00000, 0x000000070bc00000|  0%| F|  |TAMS 0x000000070ba00000, 0x000000070ba00000| Untracked 
|  75|0x000000070bc00000, 0x000000070bc00000, 0x000000070be00000|  0%| F|  |TAMS 0x000000070bc00000, 0x000000070bc00000| Untracked 
|  76|0x000000070be00000, 0x000000070be00000, 0x000000070c000000|  0%| F|  |TAMS 0x000000070be00000, 0x000000070be00000| Untracked 
|  77|0x000000070c000000, 0x000000070c000000, 0x000000070c200000|  0%| F|  |TAMS 0x000000070c000000, 0x000000070c000000| Untracked 
|  78|0x000000070c200000, 0x000000070c200000, 0x000000070c400000|  0%| F|  |TAMS 0x000000070c200000, 0x000000070c200000| Untracked 
|  79|0x000000070c400000, 0x000000070c400000, 0x000000070c600000|  0%| F|  |TAMS 0x000000070c400000, 0x000000070c400000| Untracked 
|  80|0x000000070c600000, 0x000000070c600000, 0x000000070c800000|  0%| F|  |TAMS 0x000000070c600000, 0x000000070c600000| Untracked 
|  81|0x000000070c800000, 0x000000070c800000, 0x000000070ca00000|  0%| F|  |TAMS 0x000000070c800000, 0x000000070c800000| Untracked 
|  82|0x000000070ca00000, 0x000000070ca00000, 0x000000070cc00000|  0%| F|  |TAMS 0x000000070ca00000, 0x000000070ca00000| Untracked 
|  83|0x000000070cc00000, 0x000000070cc00000, 0x000000070ce00000|  0%| F|  |TAMS 0x000000070cc00000, 0x000000070cc00000| Untracked 
|  84|0x000000070ce00000, 0x000000070ce00000, 0x000000070d000000|  0%| F|  |TAMS 0x000000070ce00000, 0x000000070ce00000| Untracked 
|  85|0x000000070d000000, 0x000000070d000000, 0x000000070d200000|  0%| F|  |TAMS 0x000000070d000000, 0x000000070d000000| Untracked 
|  86|0x000000070d200000, 0x000000070d200000, 0x000000070d400000|  0%| F|  |TAMS 0x000000070d200000, 0x000000070d200000| Untracked 
|  87|0x000000070d400000, 0x000000070d400000, 0x000000070d600000|  0%| F|  |TAMS 0x000000070d400000, 0x000000070d400000| Untracked 
|  88|0x000000070d600000, 0x000000070d600000, 0x000000070d800000|  0%| F|  |TAMS 0x000000070d600000, 0x000000070d600000| Untracked 
|  89|0x000000070d800000, 0x000000070d800000, 0x000000070da00000|  0%| F|  |TAMS 0x000000070d800000, 0x000000070d800000| Untracked 
|  90|0x000000070da00000, 0x000000070da00000, 0x000000070dc00000|  0%| F|  |TAMS 0x000000070da00000, 0x000000070da00000| Untracked 
|  91|0x000000070dc00000, 0x000000070dc00000, 0x000000070de00000|  0%| F|  |TAMS 0x000000070dc00000, 0x000000070dc00000| Untracked 
|  92|0x000000070de00000, 0x000000070de00000, 0x000000070e000000|  0%| F|  |TAMS 0x000000070de00000, 0x000000070de00000| Untracked 
|  93|0x000000070e000000, 0x000000070e000000, 0x000000070e200000|  0%| F|  |TAMS 0x000000070e000000, 0x000000070e000000| Untracked 
|  94|0x000000070e200000, 0x000000070e200000, 0x000000070e400000|  0%| F|  |TAMS 0x000000070e200000, 0x000000070e200000| Untracked 
|  95|0x000000070e400000, 0x000000070e400000, 0x000000070e600000|  0%| F|  |TAMS 0x000000070e400000, 0x000000070e400000| Untracked 
|  96|0x000000070e600000, 0x000000070e600000, 0x000000070e800000|  0%| F|  |TAMS 0x000000070e600000, 0x000000070e600000| Untracked 
|  97|0x000000070e800000, 0x000000070e800000, 0x000000070ea00000|  0%| F|  |TAMS 0x000000070e800000, 0x000000070e800000| Untracked 
|  98|0x000000070ea00000, 0x000000070ea00000, 0x000000070ec00000|  0%| F|  |TAMS 0x000000070ea00000, 0x000000070ea00000| Untracked 
|  99|0x000000070ec00000, 0x000000070ec00000, 0x000000070ee00000|  0%| F|  |TAMS 0x000000070ec00000, 0x000000070ec00000| Untracked 
| 100|0x000000070ee00000, 0x000000070ee00000, 0x000000070f000000|  0%| F|  |TAMS 0x000000070ee00000, 0x000000070ee00000| Untracked 
| 101|0x000000070f000000, 0x000000070f000000, 0x000000070f200000|  0%| F|  |TAMS 0x000000070f000000, 0x000000070f000000| Untracked 
| 102|0x000000070f200000, 0x000000070f200000, 0x000000070f400000|  0%| F|  |TAMS 0x000000070f200000, 0x000000070f200000| Untracked 
| 103|0x000000070f400000, 0x000000070f400000, 0x000000070f600000|  0%| F|  |TAMS 0x000000070f400000, 0x000000070f400000| Untracked 
| 104|0x000000070f600000, 0x000000070f600000, 0x000000070f800000|  0%| F|  |TAMS 0x000000070f600000, 0x000000070f600000| Untracked 
| 105|0x000000070f800000, 0x000000070f800000, 0x000000070fa00000|  0%| F|  |TAMS 0x000000070f800000, 0x000000070f800000| Untracked 
| 106|0x000000070fa00000, 0x000000070fa00000, 0x000000070fc00000|  0%| F|  |TAMS 0x000000070fa00000, 0x000000070fa00000| Untracked 
| 107|0x000000070fc00000, 0x000000070fc00000, 0x000000070fe00000|  0%| F|  |TAMS 0x000000070fc00000, 0x000000070fc00000| Untracked 
| 108|0x000000070fe00000, 0x000000070fe00000, 0x0000000710000000|  0%| F|  |TAMS 0x000000070fe00000, 0x000000070fe00000| Untracked 
| 109|0x0000000710000000, 0x0000000710000000, 0x0000000710200000|  0%| F|  |TAMS 0x0000000710000000, 0x0000000710000000| Untracked 
| 110|0x0000000710200000, 0x0000000710200000, 0x0000000710400000|  0%| F|  |TAMS 0x0000000710200000, 0x0000000710200000| Untracked 
| 111|0x0000000710400000, 0x0000000710400000, 0x0000000710600000|  0%| F|  |TAMS 0x0000000710400000, 0x0000000710400000| Untracked 
| 112|0x0000000710600000, 0x0000000710600000, 0x0000000710800000|  0%| F|  |TAMS 0x0000000710600000, 0x0000000710600000| Untracked 
| 113|0x0000000710800000, 0x0000000710800000, 0x0000000710a00000|  0%| F|  |TAMS 0x0000000710800000, 0x0000000710800000| Untracked 
| 114|0x0000000710a00000, 0x0000000710a00000, 0x0000000710c00000|  0%| F|  |TAMS 0x0000000710a00000, 0x0000000710a00000| Untracked 
| 115|0x0000000710c00000, 0x0000000710c00000, 0x0000000710e00000|  0%| F|  |TAMS 0x0000000710c00000, 0x0000000710c00000| Untracked 
| 116|0x0000000710e00000, 0x0000000710e00000, 0x0000000711000000|  0%| F|  |TAMS 0x0000000710e00000, 0x0000000710e00000| Untracked 
| 117|0x0000000711000000, 0x0000000711000000, 0x0000000711200000|  0%| F|  |TAMS 0x0000000711000000, 0x0000000711000000| Untracked 
| 118|0x0000000711200000, 0x0000000711200000, 0x0000000711400000|  0%| F|  |TAMS 0x0000000711200000, 0x0000000711200000| Untracked 
| 119|0x0000000711400000, 0x0000000711400000, 0x0000000711600000|  0%| F|  |TAMS 0x0000000711400000, 0x0000000711400000| Untracked 
| 120|0x0000000711600000, 0x00000007117cc1e0, 0x0000000711800000| 89%| E|  |TAMS 0x0000000711600000, 0x0000000711600000| Complete 
| 121|0x0000000711800000, 0x0000000711a00000, 0x0000000711a00000|100%| E|CS|TAMS 0x0000000711800000, 0x0000000711800000| Complete 
| 122|0x0000000711a00000, 0x0000000711c00000, 0x0000000711c00000|100%| E|  |TAMS 0x0000000711a00000, 0x0000000711a00000| Complete 
| 123|0x0000000711c00000, 0x0000000711e00000, 0x0000000711e00000|100%| E|CS|TAMS 0x0000000711c00000, 0x0000000711c00000| Complete 
| 124|0x0000000711e00000, 0x0000000712000000, 0x0000000712000000|100%| E|CS|TAMS 0x0000000711e00000, 0x0000000711e00000| Complete 
| 125|0x0000000712000000, 0x0000000712200000, 0x0000000712200000|100%| E|CS|TAMS 0x0000000712000000, 0x0000000712000000| Complete 
| 126|0x0000000712200000, 0x0000000712400000, 0x0000000712400000|100%| E|CS|TAMS 0x0000000712200000, 0x0000000712200000| Complete 

Card table byte_map: [0x0000022ffd560000,0x0000022ffdd50000] _byte_map_base: 0x0000022ff9d4d000

Marking Bits (Prev, Next): (CMBitMap*) 0x0000022fe41d2ed0, (CMBitMap*) 0x0000022fe41d2f10
 Prev Bits: [0x0000022f80000000, 0x0000022f83f68000)
 Next Bits: [0x0000022f83f70000, 0x0000022f87ed8000)

Polling page: 0x0000022fed0b0000

Metaspace:

Usage:
  Non-class:      6.05 MB used.
      Class:    309.03 KB used.
       Both:      6.35 MB used.

Virtual space:
  Non-class space:       16.00 MB reserved,       6.19 MB ( 39%) committed,  2 nodes.
      Class space:        1.00 GB reserved,     384.00 KB ( <1%) committed,  1 nodes.
              Both:        1.02 GB reserved,       6.56 MB ( <1%) committed. 

Chunk freelists:
   Non-Class:  3.61 MB
       Class:  3.55 MB
        Both:  7.16 MB

MaxMetaspaceSize: 17179869184.00 GB
CompressedClassSpaceSize: 1.00 GB
 - commit_granule_bytes: 65536.
 - commit_granule_words: 8192.
 - virtual_space_node_default_size: 1048576.
 - enlarge_chunks_in_place: 1.
 - new_chunks_are_fully_committed: 0.
 - uncommit_free_chunks: 1.
 - use_allocation_guard: 0.
 - handle_deallocations: 1.


Internal statistics:

num_allocs_failed_limit: 0.
num_arena_births: 70.
num_arena_deaths: 0.
num_vsnodes_births: 3.
num_vsnodes_deaths: 0.
num_space_committed: 103.
num_space_uncommitted: 0.
num_chunks_returned_to_freelist: 0.
num_chunks_taken_from_freelist: 255.
num_chunk_merges: 0.
num_chunk_splits: 187.
num_chunks_enlarged: 146.
num_purges: 0.

CodeHeap 'non-profiled nmethods': size=120000Kb used=230Kb max_used=230Kb free=119769Kb
 bounds [0x0000022ff4ba0000, 0x0000022ff4e10000, 0x0000022ffc0d0000]
CodeHeap 'profiled nmethods': size=120000Kb used=1298Kb max_used=1298Kb free=118701Kb
 bounds [0x0000022fed670000, 0x0000022fed8e0000, 0x0000022ff4ba0000]
CodeHeap 'non-nmethods': size=5760Kb used=1760Kb max_used=1760Kb free=3999Kb
 bounds [0x0000022fed0d0000, 0x0000022fed340000, 0x0000022fed670000]
 total_blobs=2037 nmethods=802 adapters=1148
 compilation: enabled
              stopped_count=0, restarted_count=0
 full_count=0

Compilation events (20 events):
Event: 1.260 Thread 0x0000022fff23c310  793       4       java.lang.String::checkBoundsBeginEnd (63 bytes)
Event: 1.261 Thread 0x0000022fff23c310 nmethod 793 0x0000022ff4bd9810 code [0x0000022ff4bd99a0, 0x0000022ff4bd9a58]
Event: 1.262 Thread 0x0000022fff244e10  794       3       java.util.LinkedHashMap::get (29 bytes)
Event: 1.263 Thread 0x0000022fff244e10 nmethod 794 0x0000022fed7ad510 code [0x0000022fed7ad6e0, 0x0000022fed7ad938]
Event: 1.263 Thread 0x0000022fff244e10  795       3       java.util.ArrayDeque::poll (5 bytes)
Event: 1.263 Thread 0x0000022fff244e10 nmethod 795 0x0000022fed7ada10 code [0x0000022fed7adbc0, 0x0000022fed7add08]
Event: 1.263 Thread 0x0000022fff244e10  797       3       java.lang.String::indexOf (113 bytes)
Event: 1.263 Thread 0x0000022fff244e10 nmethod 797 0x0000022fed7add90 code [0x0000022fed7adfc0, 0x0000022fed7ae5e8]
Event: 1.263 Thread 0x0000022fff244e10  796       3       java.lang.StringConcatHelper::newString (67 bytes)
Event: 1.264 Thread 0x0000022fff244e10 nmethod 796 0x0000022fed7ae790 code [0x0000022fed7aea20, 0x0000022fed7af4a8]
Event: 1.267 Thread 0x0000022fff244e10  798   !   3       jdk.internal.ref.PhantomCleanable::insert (53 bytes)
Event: 1.267 Thread 0x0000022fff244e10 nmethod 798 0x0000022fed7af810 code [0x0000022fed7af9c0, 0x0000022fed7afd58]
Event: 1.268 Thread 0x0000022fff244e10  799       3       java.lang.String::indexOf (18 bytes)
Event: 1.268 Thread 0x0000022fff244e10 nmethod 799 0x0000022fed7aff10 code [0x0000022fed7b00e0, 0x0000022fed7b03a8]
Event: 1.268 Thread 0x0000022fff244e10  800       3       java.util.zip.ZipFile::getZipEntry (322 bytes)
Event: 1.270 Thread 0x0000022fff244e10 nmethod 800 0x0000022fed7b0510 code [0x0000022fed7b0980, 0x0000022fed7b30f8]
Event: 1.270 Thread 0x0000022fff244e10  801       3       sun.net.www.ParseUtil::encodePath (41 bytes)
Event: 1.270 Thread 0x0000022fff244e10 nmethod 801 0x0000022fed7b3f90 code [0x0000022fed7b4160, 0x0000022fed7b43c8]
Event: 1.270 Thread 0x0000022fff244e10  802       3       java.io.FileSystem::hasBooleanAttributes (17 bytes)
Event: 1.270 Thread 0x0000022fff244e10 nmethod 802 0x0000022fed7b4490 code [0x0000022fed7b4640, 0x0000022fed7b4868]

GC Heap History (0 events):
No events

Deoptimization events (16 events):
Event: 0.093 Thread 0x0000022fe41813f0 Uncommon trap: trap_request=0xffffff45 fr.pc=0x0000022ff4baef28 relative=0x0000000000000088
Event: 0.093 Thread 0x0000022fe41813f0 Uncommon trap: reason=unstable_if action=reinterpret pc=0x0000022ff4baef28 method=java.lang.String.charAt(I)C @ 4 c2
Event: 0.093 Thread 0x0000022fe41813f0 DEOPT PACKING pc=0x0000022ff4baef28 sp=0x000000a9089fedf0
Event: 0.094 Thread 0x0000022fe41813f0 DEOPT UNPACKING pc=0x0000022fed11d72e sp=0x000000a9089fed90 mode 2
Event: 0.130 Thread 0x0000022fe41813f0 Uncommon trap: trap_request=0xffffff45 fr.pc=0x0000022ff4babea0 relative=0x0000000000000920
Event: 0.130 Thread 0x0000022fe41813f0 Uncommon trap: reason=unstable_if action=reinterpret pc=0x0000022ff4babea0 method=java.util.HashMap.putVal(ILjava/lang/Object;Ljava/lang/Object;ZZ)Ljava/lang/Object; @ 181 c2
Event: 0.130 Thread 0x0000022fe41813f0 DEOPT PACKING pc=0x0000022ff4babea0 sp=0x000000a9089fba40
Event: 0.130 Thread 0x0000022fe41813f0 DEOPT UNPACKING pc=0x0000022fed11d72e sp=0x000000a9089fb9f0 mode 2
Event: 0.135 Thread 0x0000022fe41813f0 DEOPT PACKING pc=0x0000022fed697a67 sp=0x000000a9089fb810
Event: 0.135 Thread 0x0000022fe41813f0 DEOPT UNPACKING pc=0x0000022fed11dece sp=0x000000a9089fac30 mode 0
Event: 0.157 Thread 0x0000022fe41813f0 DEOPT PACKING pc=0x0000022fed6770d1 sp=0x000000a9089fd200
Event: 0.157 Thread 0x0000022fe41813f0 DEOPT UNPACKING pc=0x0000022fed11dece sp=0x000000a9089fc678 mode 0
Event: 0.363 Thread 0x0000022fe41813f0 Uncommon trap: trap_request=0xffffff54 fr.pc=0x0000022ff4bcb480 relative=0x0000000000000060
Event: 0.363 Thread 0x0000022fe41813f0 Uncommon trap: reason=speculate_null_assert action=make_not_entrant pc=0x0000022ff4bcb480 method=sun.misc.Unsafe.putLong(Ljava/lang/Object;JJ)V @ 7 c2
Event: 0.363 Thread 0x0000022fe41813f0 DEOPT PACKING pc=0x0000022ff4bcb480 sp=0x000000a9089fee40
Event: 0.363 Thread 0x0000022fe41813f0 DEOPT UNPACKING pc=0x0000022fed11d72e sp=0x000000a9089fedb8 mode 2

Classes unloaded (0 events):
No events

Classes redefined (0 events):
No events

Internal exceptions (20 events):
Event: 0.167 Thread 0x0000022fe41813f0 Exception <a 'sun/nio/fs/WindowsException'{0x0000000711fd9bb8}> (0x0000000711fd9bb8) 
thrown [t:\workspace\open\src\hotspot\share\prims\jni.cpp, line 579]
Event: 0.170 Thread 0x0000022fe41813f0 Exception <a 'sun/nio/fs/WindowsException'{0x0000000711fdc930}> (0x0000000711fdc930) 
thrown [t:\workspace\open\src\hotspot\share\prims\jni.cpp, line 579]
Event: 0.170 Thread 0x0000022fe41813f0 Exception <a 'sun/nio/fs/WindowsException'{0x0000000711fdcca0}> (0x0000000711fdcca0) 
thrown [t:\workspace\open\src\hotspot\share\prims\jni.cpp, line 579]
Event: 0.331 Thread 0x0000022fe41813f0 Exception <a 'sun/nio/fs/WindowsException'{0x0000000711c56a70}> (0x0000000711c56a70) 
thrown [t:\workspace\open\src\hotspot\share\prims\jni.cpp, line 579]
Event: 0.331 Thread 0x0000022fe41813f0 Exception <a 'sun/nio/fs/WindowsException'{0x0000000711c56d70}> (0x0000000711c56d70) 
thrown [t:\workspace\open\src\hotspot\share\prims\jni.cpp, line 579]
Event: 0.331 Thread 0x0000022fe41813f0 Exception <a 'sun/nio/fs/WindowsException'{0x0000000711c57830}> (0x0000000711c57830) 
thrown [t:\workspace\open\src\hotspot\share\prims\jni.cpp, line 579]
Event: 0.332 Thread 0x0000022fe41813f0 Exception <a 'sun/nio/fs/WindowsException'{0x0000000711c5b230}> (0x0000000711c5b230) 
thrown [t:\workspace\open\src\hotspot\share\prims\jni.cpp, line 579]
Event: 0.336 Thread 0x0000022fe41813f0 Exception <a 'sun/nio/fs/WindowsException'{0x0000000711c5e010}> (0x0000000711c5e010) 
thrown [t:\workspace\open\src\hotspot\share\prims\jni.cpp, line 579]
Event: 0.336 Thread 0x0000022fe41813f0 Exception <a 'sun/nio/fs/WindowsException'{0x0000000711c5e3c0}> (0x0000000711c5e3c0) 
thrown [t:\workspace\open\src\hotspot\share\prims\jni.cpp, line 579]
Event: 0.341 Thread 0x0000022fe41813f0 Exception <a 'sun/nio/fs/WindowsException'{0x0000000711c6b380}> (0x0000000711c6b380) 
thrown [t:\workspace\open\src\hotspot\share\prims\jni.cpp, line 579]
Event: 0.341 Thread 0x0000022fe41813f0 Exception <a 'sun/nio/fs/WindowsException'{0x0000000711c6b668}> (0x0000000711c6b668) 
thrown [t:\workspace\open\src\hotspot\share\prims\jni.cpp, line 579]
Event: 0.573 Thread 0x0000022fe41813f0 Exception <a 'java/lang/NoSuchMethodError'{0x0000000711685178}: 'int java.lang.invoke.DirectMethodHandle$Holder.invokeVirtual(java.lang.Object, java.lang.Object)'> (0x0000000711685178) 
thrown [t:\workspace\open\src\hotspot\share\interpreter\linkResolver.cpp, line 790]
Event: 0.574 Thread 0x0000022fe41813f0 Exception <a 'java/lang/NoSuchMethodError'{0x000000071168f960}: 'java.lang.Object java.lang.invoke.Invokers$Holder.invokeExact_MT(java.lang.Object, java.lang.Object, java.lang.Object, java.lang.Object, java.lang.Object, java.lang.Object)'> (0x000000071168f960) 
thrown [t:\workspace\open\src\hotspot\share\interpreter\linkResolver.cpp, line 790]
Event: 0.582 Thread 0x0000022fe41813f0 Exception <a 'sun/nio/fs/WindowsException'{0x00000007116ee4e8}> (0x00000007116ee4e8) 
thrown [t:\workspace\open\src\hotspot\share\prims\jni.cpp, line 579]
Event: 0.582 Thread 0x0000022fe41813f0 Exception <a 'sun/nio/fs/WindowsException'{0x00000007116ee7d8}> (0x00000007116ee7d8) 
thrown [t:\workspace\open\src\hotspot\share\prims\jni.cpp, line 579]
Event: 0.582 Thread 0x0000022fe41813f0 Exception <a 'sun/nio/fs/WindowsException'{0x00000007116ef288}> (0x00000007116ef288) 
thrown [t:\workspace\open\src\hotspot\share\prims\jni.cpp, line 579]
Event: 0.584 Thread 0x0000022fe41813f0 Exception <a 'sun/nio/fs/WindowsException'{0x00000007116f5f50}> (0x00000007116f5f50) 
thrown [t:\workspace\open\src\hotspot\share\prims\jni.cpp, line 579]
Event: 0.590 Thread 0x0000022fe41813f0 Exception <a 'sun/nio/fs/WindowsException'{0x00000007116f8cf0}> (0x00000007116f8cf0) 
thrown [t:\workspace\open\src\hotspot\share\prims\jni.cpp, line 579]
Event: 0.590 Thread 0x0000022fe41813f0 Exception <a 'sun/nio/fs/WindowsException'{0x00000007116f9078}> (0x00000007116f9078) 
thrown [t:\workspace\open\src\hotspot\share\prims\jni.cpp, line 579]
Event: 1.202 Thread 0x0000022fe41813f0 Exception <a 'sun/nio/fs/WindowsException'{0x000000071174c080}> (0x000000071174c080) 
thrown [t:\workspace\open\src\hotspot\share\prims\jni.cpp, line 579]

Events (20 events):
Event: 0.415 loading class sun/nio/ch/Interruptible
Event: 0.415 loading class sun/nio/ch/Interruptible done
Event: 0.415 loading class java/nio/channels/spi/AbstractInterruptibleChannel$1 done
Event: 0.415 loading class java/util/regex/Matcher$ImmutableMatchResult
Event: 0.415 loading class java/util/regex/Matcher$ImmutableMatchResult done
Event: 0.462 loading class java/io/Externalizable
Event: 0.462 loading class java/io/Externalizable done
Event: 0.463 Loaded shared library C:\Program Files\Java\jdk-16.0.2\bin\verify.dll
Event: 0.496 loading class java/lang/SecurityException
Event: 0.496 loading class java/lang/SecurityException done
Event: 0.594 Loaded shared library C:\Users\xerxe\AppData\Local\Temp\lwjglxerxe\3.3.0-SNAPSHOT\lwjgl_stb.dll
Event: 1.100 Executing  VM operation: Cleanup
Event: 1.100 Executing  VM operation: Cleanup done
Event: 1.200 loading class java/io/UncheckedIOException
Event: 1.200 loading class java/io/UncheckedIOException done
Event: 1.236 loading class java/io/DeleteOnExitHook
Event: 1.236 loading class java/io/DeleteOnExitHook done
Event: 1.237 loading class java/io/DeleteOnExitHook$1
Event: 1.237 loading class java/io/DeleteOnExitHook$1 done
Event: 1.257 Loaded shared library C:\Users\xerxe\AppData\Local\Temp\imgui-java-natives_1643964468842\imgui-java64.dll


Dynamic libraries:
0x00007ff6cfa70000 - 0x00007ff6cfa80000 	C:\Program Files\Java\jdk-16.0.2\bin\java.exe
0x00007fff07bb0000 - 0x00007fff07da5000 	C:\Windows\SYSTEM32\ntdll.dll
0x00007fff07230000 - 0x00007fff072ee000 	C:\Windows\System32\KERNEL32.DLL
0x00007fff05630000 - 0x00007fff058f8000 	C:\Windows\System32\KERNELBASE.dll
0x00007fff05ac0000 - 0x00007fff05bc0000 	C:\Windows\System32\ucrtbase.dll
0x00007ffeea4e0000 - 0x00007ffeea4f9000 	C:\Program Files\Java\jdk-16.0.2\bin\VCRUNTIME140.dll
0x00007ffeea1f0000 - 0x00007ffeea208000 	C:\Program Files\Java\jdk-16.0.2\bin\jli.dll
0x00007fff06580000 - 0x00007fff0662e000 	C:\Windows\System32\ADVAPI32.dll
0x00007fff07ad0000 - 0x00007fff07b6e000 	C:\Windows\System32\msvcrt.dll
0x00007fff07190000 - 0x00007fff0722c000 	C:\Windows\System32\sechost.dll
0x00007fff06450000 - 0x00007fff06575000 	C:\Windows\System32\RPCRT4.dll
0x00007fff072f0000 - 0x00007fff07491000 	C:\Windows\System32\USER32.dll
0x00007fff05470000 - 0x00007fff05492000 	C:\Windows\System32\win32u.dll
0x00007ffeeebf0000 - 0x00007ffeeee8a000 	C:\Windows\WinSxS\amd64_microsoft.windows.common-controls_6595b64144ccf1df_6.0.19041.1110_none_60b5254171f9507e\COMCTL32.dll
0x00007fff075c0000 - 0x00007fff075eb000 	C:\Windows\System32\GDI32.dll
0x00007fff052c0000 - 0x00007fff053cd000 	C:\Windows\System32\gdi32full.dll
0x00007fff053d0000 - 0x00007fff0546d000 	C:\Windows\System32\msvcp_win.dll
0x00007fff04100000 - 0x00007fff0410a000 	C:\Windows\SYSTEM32\VERSION.dll
0x00007fff06730000 - 0x00007fff06760000 	C:\Windows\System32\IMM32.DLL
0x00007ffee4e70000 - 0x00007ffee4e7c000 	C:\Program Files\Java\jdk-16.0.2\bin\vcruntime140_1.dll
0x00007ffea9390000 - 0x00007ffea9421000 	C:\Program Files\Java\jdk-16.0.2\bin\msvcp140.dll
0x00007ffe88760000 - 0x00007ffe8930b000 	C:\Program Files\Java\jdk-16.0.2\bin\server\jvm.dll
0x00007fff063a0000 - 0x00007fff063a8000 	C:\Windows\System32\PSAPI.DLL
0x00007ffefed50000 - 0x00007ffefed59000 	C:\Windows\SYSTEM32\WSOCK32.dll
0x00007ffef53f0000 - 0x00007ffef5417000 	C:\Windows\SYSTEM32\WINMM.dll
0x00007fff07120000 - 0x00007fff0718b000 	C:\Windows\System32\WS2_32.dll
0x00007fff040c0000 - 0x00007fff040d2000 	C:\Windows\SYSTEM32\kernel.appcore.dll
0x00007ffee21a0000 - 0x00007ffee21aa000 	C:\Program Files\Java\jdk-16.0.2\bin\jimage.dll
0x00007fff02f00000 - 0x00007fff030e4000 	C:\Windows\SYSTEM32\DBGHELP.DLL
0x00007ffeebc20000 - 0x00007ffeebc4c000 	C:\Windows\SYSTEM32\dbgcore.DLL
0x00007fff054f0000 - 0x00007fff05572000 	C:\Windows\System32\bcryptPrimitives.dll
0x00007ffefe880000 - 0x00007ffefe88e000 	C:\Program Files\Java\jdk-16.0.2\bin\instrument.dll
0x00007ffed13d0000 - 0x00007ffed13f5000 	C:\Program Files\Java\jdk-16.0.2\bin\java.dll
0x00007fff05bf0000 - 0x00007fff06334000 	C:\Windows\System32\SHELL32.dll
0x00007fff031d0000 - 0x00007fff03965000 	C:\Windows\SYSTEM32\windows.storage.dll
0x00007fff06890000 - 0x00007fff06be5000 	C:\Windows\System32\combase.dll
0x00007fff04d10000 - 0x00007fff04d3e000 	C:\Windows\SYSTEM32\Wldp.dll
0x00007fff06bf0000 - 0x00007fff06c9d000 	C:\Windows\System32\SHCORE.dll
0x00007fff06340000 - 0x00007fff06395000 	C:\Windows\System32\shlwapi.dll
0x00007fff05200000 - 0x00007fff0521f000 	C:\Windows\SYSTEM32\profapi.dll
0x00007ffed04a0000 - 0x00007ffed04b8000 	C:\Program Files\Java\jdk-16.0.2\bin\zip.dll
0x00007ffeda9b0000 - 0x00007ffeda9c9000 	C:\Program Files\Java\jdk-16.0.2\bin\net.dll
0x00007ffef65b0000 - 0x00007ffef66bc000 	C:\Windows\SYSTEM32\WINHTTP.dll
0x00007fff04a70000 - 0x00007fff04ada000 	C:\Windows\system32\mswsock.dll
0x00007ffed1380000 - 0x00007ffed1393000 	C:\Program Files\Java\jdk-16.0.2\bin\nio.dll
0x00007ffefe840000 - 0x00007ffefe85a000 	C:\Program Files\JetBrains\IntelliJ IDEA Community Edition 2021.3.1\bin\breakgen64.dll
0x00007ffedf680000 - 0x00007ffedf6f1000 	C:\Users\xerxe\AppData\Local\Temp\lwjglxerxe\3.3.0-SNAPSHOT\lwjgl.dll
0x00007ffecd5a0000 - 0x00007ffecd601000 	C:\Users\xerxe\AppData\Local\Temp\lwjglxerxe\3.3.0-SNAPSHOT\glfw.dll
0x00007ffecda90000 - 0x00007ffecdad5000 	C:\Windows\SYSTEM32\dinput8.dll
0x00007ffef2a20000 - 0x00007ffef2a31000 	C:\Windows\SYSTEM32\xinput1_4.dll
0x00007fff054a0000 - 0x00007fff054ee000 	C:\Windows\System32\cfgmgr32.dll
0x00007fff05080000 - 0x00007fff050b4000 	C:\Windows\SYSTEM32\DEVOBJ.dll
0x00007fff02a80000 - 0x00007fff02aaf000 	C:\Windows\SYSTEM32\dwmapi.dll
0x00007ffef1230000 - 0x00007ffef1382000 	C:\Windows\SYSTEM32\inputhost.dll
0x00007fff06f90000 - 0x00007fff0705d000 	C:\Windows\System32\OLEAUT32.dll
0x00007fff00890000 - 0x00007fff009e4000 	C:\Windows\SYSTEM32\wintypes.dll
0x00007fff02050000 - 0x00007fff02142000 	C:\Windows\SYSTEM32\CoreMessaging.dll
0x00007fff01f50000 - 0x00007fff02046000 	C:\Windows\SYSTEM32\PROPSYS.dll
0x00007fff01870000 - 0x00007fff01bce000 	C:\Windows\SYSTEM32\CoreUIComponents.dll
0x00007fff03dd0000 - 0x00007fff03e03000 	C:\Windows\SYSTEM32\ntmarta.dll
0x00007fff02780000 - 0x00007fff0281e000 	C:\Windows\system32\uxtheme.dll
0x00007fff074a0000 - 0x00007fff075b5000 	C:\Windows\System32\MSCTF.dll
0x00007ffef0d00000 - 0x00007ffef0e25000 	C:\Windows\SYSTEM32\opengl32.dll
0x00007ffefc180000 - 0x00007ffefc1ac000 	C:\Windows\SYSTEM32\GLU32.dll
0x00007fff06ee0000 - 0x00007fff06f89000 	C:\Windows\System32\clbcatq.dll
0x00007ffe940e0000 - 0x00007ffe94f90000 	C:\Windows\System32\DriverStore\FileRepository\iigd_dch.inf_amd64_a446f8448ecf881c\ig9icd64.dll
0x00007fff039d0000 - 0x00007fff03ac4000 	C:\Windows\system32\dxgi.dll
0x00007ffefa430000 - 0x00007ffefa46b000 	C:\Windows\SYSTEM32\dxcore.dll
0x00007ffef66c0000 - 0x00007ffef8688000 	C:\Windows\System32\DriverStore\FileRepository\iigd_dch.inf_amd64_a446f8448ecf881c\igc64.dll
0x00007fff04880000 - 0x00007fff048cb000 	C:\Windows\SYSTEM32\powrprof.dll
0x00007fff046f0000 - 0x00007fff04702000 	C:\Windows\SYSTEM32\UMPDC.dll
0x00007ffef8690000 - 0x00007ffef87aa000 	C:\Windows\System32\DriverStore\FileRepository\iigd_dch.inf_amd64_a446f8448ecf881c\igdgmm64.dll
0x00007ffee4c50000 - 0x00007ffee4d49000 	C:\Windows\SYSTEM32\textinputframework.dll
0x00007ffeff160000 - 0x00007ffeff1c6000 	C:\Windows\system32\Oleacc.dll
0x00007ffecd540000 - 0x00007ffecd59d000 	C:\Users\xerxe\AppData\Local\Temp\lwjglxerxe\3.3.0-SNAPSHOT\lwjgl_opengl.dll
0x00007ffefe860000 - 0x00007ffefe870000 	C:\Program Files\Java\jdk-16.0.2\bin\verify.dll
0x00007ffecd4b0000 - 0x00007ffecd531000 	C:\Users\xerxe\AppData\Local\Temp\lwjglxerxe\3.3.0-SNAPSHOT\lwjgl_stb.dll
0x0000000064a00000 - 0x000000006580f000 	C:\Users\xerxe\AppData\Local\Temp\imgui-java-natives_1643964468842\imgui-java64.dll

dbghelp: loaded successfully - version: 4.0.5 - missing functions: none
symbol engine: initialized successfully - sym options: 0x614 - pdb path: .;C:\Program Files\Java\jdk-16.0.2\bin;C:\Windows\SYSTEM32;C:\Windows\WinSxS\amd64_microsoft.windows.common-controls_6595b64144ccf1df_6.0.19041.1110_none_60b5254171f9507e;C:\Program Files\Java\jdk-16.0.2\bin\server;C:\Program Files\JetBrains\IntelliJ IDEA Community Edition 2021.3.1\bin;C:\Users\xerxe\AppData\Local\Temp\lwjglxerxe\3.3.0-SNAPSHOT;C:\Windows\System32\DriverStore\FileRepository\iigd_dch.inf_amd64_a446f8448ecf881c;C:\Users\xerxe\AppData\Local\Temp\imgui-java-natives_1643964468842

VM Arguments:
jvm_args: -javaagent:C:\Program Files\JetBrains\IntelliJ IDEA Community Edition 2021.3.1\lib\idea_rt.jar=58230:C:\Program Files\JetBrains\IntelliJ IDEA Community Edition 2021.3.1\bin -Dfile.encoding=UTF-8 
java_command: xerxes.game.engine.Main
java_class_path (initial): C:\Dev\2D_Java_Game_Engine\target\classes;C:\Users\xerxe\.m2\repository\io\github\spair\imgui-java-app\1.86.2\imgui-java-app-1.86.2.jar;C:\Users\xerxe\.m2\repository\org\lwjgl\lwjgl\3.3.0\lwjgl-3.3.0-natives-linux.jar;C:\Users\xerxe\.m2\repository\org\lwjgl\lwjgl-glfw\3.3.0\lwjgl-glfw-3.3.0-natives-linux.jar;C:\Users\xerxe\.m2\repository\org\lwjgl\lwjgl-opengl\3.3.0\lwjgl-opengl-3.3.0-natives-linux.jar;C:\Users\xerxe\.m2\repository\org\lwjgl\lwjgl\3.3.0\lwjgl-3.3.0-natives-macos.jar;C:\Users\xerxe\.m2\repository\org\lwjgl\lwjgl-glfw\3.3.0\lwjgl-glfw-3.3.0-natives-macos.jar;C:\Users\xerxe\.m2\repository\org\lwjgl\lwjgl-opengl\3.3.0\lwjgl-opengl-3.3.0-natives-macos.jar;C:\Users\xerxe\.m2\repository\io\github\spair\imgui-java-binding\1.86.2\imgui-java-binding-1.86.2.jar;C:\Users\xerxe\.m2\repository\io\github\spair\imgui-java-lwjgl3\1.86.2\imgui-java-lwjgl3-1.86.2.jar;C:\Users\xerxe\.m2\repository\org\lwjgl\lwjgl\3.3.0\lwjgl-3.3.0.jar;C:\Users\xerxe\.m2\repository\org\lwjgl\lwjgl-assimp\3.3.0\lwjgl-assimp-3.3.0.jar;C:\Users\xerxe\.m2\repository\org\lwjgl\lwjgl-glfw\3.3.0\lwjgl-glfw-3.3.0.jar;C:\Users\xerxe\.m2\repository\org\lwjgl\lwjgl-openal\3.3.0\lwjgl-openal-3.3.0.jar;C:\Users\xerxe\.m2\repository\org\lwjgl\lwjgl-opengl\3.3.0\lwjgl-opengl-3.3.0.jar;C:\Users\xerxe\.m2\repository\org\lwjgl\lwjgl-stb\3.3.0\lwjgl-stb-3.3.0.jar;C:\Users\xerxe\.m2\repository\org\lwjgl\lwjgl\3.3.0\lwjgl-3.3.0-natives-windows.jar;C:\Users\xerxe\.m2\repository\org\lwjgl\lwjgl-assimp\3.3.0\lwjgl-assimp-3.3.0-natives-windows.jar;C:\Users\xerxe\.m2\repository\org\lwjgl\lwjgl-glfw\3.3.0\lwjgl-glfw-3.3.0-natives-windows.jar;C:\Users\xerxe\.m2\repository\org\lwjgl\lwjgl-openal\3.3.0\lwjgl-openal-3.3.0-natives-windows.jar;C:\Users\xerxe\.m2\repository\org\lwjgl\lwjgl-opengl\3.3.0\lwjgl-opengl-3.3.0-natives-windows.jar;C:\Users\xerxe\.m2\repository\org\lwjgl\lwjgl-stb\3.3.0\lwjgl-stb-3.3.0-natives-windows.jar;C:\Users\xerxe\.m2\repository\org\joml\joml\1.10.3\joml-1.10.
Launcher Type: SUN_STANDARD

[Global flags]
     intx CICompilerCount                          = 4                                         {product} {ergonomic}
     uint ConcGCThreads                            = 3                                         {product} {ergonomic}
     uint G1ConcRefinementThreads                  = 10                                        {product} {ergonomic}
   size_t G1HeapRegionSize                         = 2097152                                   {product} {ergonomic}
    uintx GCDrainStackTargetSize                   = 64                                        {product} {ergonomic}
   size_t InitialHeapSize                          = 266338304                                 {product} {ergonomic}
   size_t MarkStackSize                            = 4194304                                   {product} {ergonomic}
   size_t MaxHeapSize                              = 4255121408                                {product} {ergonomic}
   size_t MaxNewSize                               = 2552233984                                {product} {ergonomic}
   size_t MinHeapDeltaBytes                        = 2097152                                   {product} {ergonomic}
   size_t MinHeapSize                              = 8388608                                   {product} {ergonomic}
    uintx NonNMethodCodeHeapSize                   = 5839372                                {pd product} {ergonomic}
    uintx NonProfiledCodeHeapSize                  = 122909434                              {pd product} {ergonomic}
    uintx ProfiledCodeHeapSize                     = 122909434                              {pd product} {ergonomic}
    uintx ReservedCodeCacheSize                    = 251658240                              {pd product} {ergonomic}
     bool SegmentedCodeCache                       = true                                      {product} {ergonomic}
   size_t SoftMaxHeapSize                          = 4255121408                             {manageable} {ergonomic}
     bool UseCompressedClassPointers               = true                           {product lp64_product} {ergonomic}
     bool UseCompressedOops                        = true                           {product lp64_product} {ergonomic}
     bool UseG1GC                                  = true                                      {product} {ergonomic}
     bool UseLargePagesIndividualAllocation        = false                                  {pd product} {ergonomic}

Logging:
Log output configuration:
 #0: stdout all=warning uptime,level,tags
 #1: stderr all=off uptime,level,tags

Environment Variables:
PATH=C:\Program Files\Common Files\Oracle\Java\javapath;C:\Program Files (x86)\Common Files\Oracle\Java\javapath;C:\Windows\system32;C:\Windows;C:\Windows\System32\Wbem;C:\Windows\System32\WindowsPowerShell\v1.0\;C:\Windows\System32\OpenSSH\;C:\Program Files (x86)\NVIDIA Corporation\PhysX\Common;C:\Program Files\NVIDIA Corporation\NVIDIA NvDLISR;C:\Windows\system32;C:\Windows;C:\Windows\System32\Wbem;C:\Windows\System32\WindowsPowerShell\v1.0\;C:\Windows\System32\OpenSSH\;C:\Program Files\nodejs\;C:\Program Files\dotnet\;C:\Program Files (x86)\Git\cmd;C:\Users\xerxe\AppData\Local\Microsoft\WindowsApps;C:\Users\xerxe\AppData\Local\Programs\Microsoft VS Code\bin;C:\Users\xerxe\AppData\Roaming\npm;C:\Users\xerxe\.dotnet\tools;C:\Gradle\gradle-7.3.3\bin;C:\ProgramData\xerxe\GitHubDesktop\bin;C:\Users\xerxe\AppData\Local\GitHubDesktop\bin;C:\Program Files\JetBrains\IntelliJ IDEA Community Edition 2021.3.1\bin;
USERNAME=xerxe
OS=Windows_NT
PROCESSOR_IDENTIFIER=Intel64 Family 6 Model 158 Stepping 10, GenuineIntel



---------------  S Y S T E M  ---------------

OS:
 Windows 10 , 64 bit Build 19041 (10.0.19041.1466)
OS uptime: 5 days 19:25 hours

CPU: total 12 (initial active 12) (6 cores per cpu, 2 threads per core) family 6 model 158 stepping 10 microcode 0xb4, cx8, cmov, fxsr, ht, mmx, 3dnowpref, sse, sse2, sse3, ssse3, sse4.1, sse4.2, popcnt, lzcnt, tsc, tscinvbit, avx, avx2, aes, erms, clmul, bmi1, bmi2, adx, fma, vzeroupper, clflush, clflushopt

Memory: 4k page, system-wide physical 16231M (7814M free)
TotalPageFile size 19303M (AvailPageFile size 8083M)
current process WorkingSet (physical memory assigned to process): 301M, peak: 301M
current process commit charge ("private bytes"): 577M, peak: 577M

vm_info: Java HotSpot(TM) 64-Bit Server VM (16.0.2+7-67) for windows-amd64 JRE (16.0.2+7-67), built on Jun  8 2021 23:24:19 by "mach5one" with MS VC++ 16.7 (VS2019)

END.
