#
# A fatal error has been detected by the Java Runtime Environment:
#
#  EXCEPTION_ACCESS_VIOLATION (0xc0000005) at pc=0x0000000064b2606a, pid=24484, tid=6668
#
# JRE version: Java(TM) SE Runtime Environment (16.0.2+7) (build 16.0.2+7-67)
# Java VM: Java HotSpot(TM) 64-Bit Server VM (16.0.2+7-67, mixed mode, sharing, tiered, compressed oops, compressed class ptrs, g1 gc, windows-amd64)
# Problematic frame:
# C  [imgui-java64.dll+0x12606a]
#
# No core dump will be written. Minidumps are not enabled by default on client versions of Windows
#
# If you would like to submit a bug report, please visit:
#   https://bugreport.java.com/bugreport/crash.jsp
# The crash happened outside the Java Virtual Machine in native code.
# See problematic frame for where to report the bug.
#

---------------  S U M M A R Y ------------

Command Line: -javaagent:C:\Program Files\JetBrains\IntelliJ IDEA Community Edition 2021.3.1\lib\idea_rt.jar=58928:C:\Program Files\JetBrains\IntelliJ IDEA Community Edition 2021.3.1\bin -Dfile.encoding=UTF-8 xerxes.game.engine.Main

Host: Intel(R) Core(TM) i7-9750H CPU @ 2.60GHz, 12 cores, 15G,  Windows 10 , 64 bit Build 19041 (10.0.19041.1466)
Time: Fri Feb  4 03:10:39 2022 Central Standard Time elapsed time: 0.594221 seconds (0d 0h 0m 0s)

---------------  T H R E A D  ---------------

Current thread (0x0000020a1141ce40):  JavaThread "main" [_thread_in_native, id=6668, stack(0x0000004c8d500000,0x0000004c8d600000)]

Stack: [0x0000004c8d500000,0x0000004c8d600000],  sp=0x0000004c8d5ff4f0,  free space=1021k
Native frames: (J=compiled Java code, j=interpreted, Vv=VM code, C=native code)
C  [imgui-java64.dll+0x12606a]

Java frames: (J=compiled Java code, j=interpreted, Vv=VM code)
j  imgui.ImGui.text(Ljava/lang/String;)V+0
j  xerxes.game.engine.renderer.Render.process()V+2
j  xerxes.game.engine.Main.loop()V+55
j  xerxes.game.engine.Main.run()V+5
j  xerxes.game.engine.Main.main([Ljava/lang/String;)V+7
v  ~StubRoutines::call_stub

siginfo: EXCEPTION_ACCESS_VIOLATION (0xc0000005), reading address 0x0000000000001d28


Register to memory mapping:

RIP=0x0000000064b2606a imgui-java64.dll
RAX=0x0000000064fb9148 imgui-java64.dll
RBX=0x0000020a35b3b150 points into unknown readable memory: 0x57202c6f6c6c6548 | 48 65 6c 6c 6f 2c 20 57
RCX=0x0000020a35b3b150 points into unknown readable memory: 0x57202c6f6c6c6548 | 48 65 6c 6c 6f 2c 20 57
RDX=0x0 is NULL
RSP=0x0000004c8d5ff4f0 is pointing into the stack for thread: 0x0000020a1141ce40
RBP=0x0000004c8d5ff670 is pointing into the stack for thread: 0x0000020a1141ce40
RSI=0x0000000000000005 is an unknown value
RDI=0x0000000000000028 is an unknown value
R8 =0x0000000000000001 is an unknown value
R9 =0x0000000000000001 is an unknown value
R10=0x0000020a35b3b15d points into unknown readable memory: 00 2f 28
R11=0x0000020a35b3b150 points into unknown readable memory: 0x57202c6f6c6c6548 | 48 65 6c 6c 6f 2c 20 57
R12=0x0000020a1141d150 points into unknown readable memory: 0x0000020a3541ea40 | 40 ea 41 35 0a 02 00 00
R13=0x0 is NULL
R14=0x0000004c8d5ff690 is pointing into the stack for thread: 0x0000020a1141ce40
R15=0x0000020a1141ce40 is a thread


Registers:
RAX=0x0000000064fb9148, RBX=0x0000020a35b3b150, RCX=0x0000020a35b3b150, RDX=0x0000000000000000
RSP=0x0000004c8d5ff4f0, RBP=0x0000004c8d5ff670, RSI=0x0000000000000005, RDI=0x0000000000000028
R8 =0x0000000000000001, R9 =0x0000000000000001, R10=0x0000020a35b3b15d, R11=0x0000020a35b3b150
R12=0x0000020a1141d150, R13=0x0000000000000000, R14=0x0000004c8d5ff690, R15=0x0000020a1141ce40
RIP=0x0000000064b2606a, EFLAGS=0x0000000000010206

Top of Stack: (sp=0x0000004c8d5ff4f0)
0x0000004c8d5ff4f0:   0000020a1141ce40 0000000711713fc0
0x0000004c8d5ff500:   000000000000000e 0000000000000028
0x0000004c8d5ff510:   0000020a1141ce40 0000020a1141ce40
0x0000004c8d5ff520:   0000000711713fa8 00007ffe88b3c3f3
0x0000004c8d5ff530:   0000000000000000 0000000000000000
0x0000004c8d5ff540:   0000000000000000 0000000000000000
0x0000004c8d5ff550:   0000000000000000 0000000000000000
0x0000004c8d5ff560:   0000000000000000 0000000000000000
0x0000004c8d5ff570:   0000000000000000 0000000000000000
0x0000004c8d5ff580:   0000020a35b3b150 0000000000000005
0x0000004c8d5ff590:   0000000000000028 0000004c8d5ff670
0x0000004c8d5ff5a0:   0000020a1141d150 0000004c8d5ff690
0x0000004c8d5ff5b0:   0000004c8d5ff690 0000000064a91d8b
0x0000004c8d5ff5c0:   0000004c8d5ff670 0000000000000028
0x0000004c8d5ff5d0:   0000004c8d5ff690 0000020a3cc101c8
0x0000004c8d5ff5e0:   0000020a3cc101c8 0000000000000000 

Instructions: (pc=0x0000000064b2606a)
0x0000000064b25f6a:   e2 4c 89 e9 e8 6d d4 ff ff 41 8b 44 24 04 41 8b
0x0000000064b25f7a:   4c 24 08 41 8b 55 04 39 c8 0f 85 0e f8 ff ff e9
0x0000000064b25f8a:   2c f8 ff ff 41 be 01 00 00 00 e9 dc f7 ff ff 39
0x0000000064b25f9a:   c1 74 18 7d 07 41 89 4c 24 04 89 c8 41 89 04 24
0x0000000064b25faa:   41 89 44 24 08 41 c6 44 24 16 00 41 8b 55 04 41
0x0000000064b25fba:   39 14 24 0f 8e fa f5 ff ff 41 89 14 24 e9 f1 f5
0x0000000064b25fca:   ff ff c7 44 24 3c 01 00 00 00 e9 a0 f5 ff ff 39
0x0000000064b25fda:   ca 0f 8d d9 f7 ff ff e9 c4 f7 ff ff 41 8b 04 24
0x0000000064b25fea:   41 89 44 24 08 41 89 44 24 04 41 8b 55 04 e9 bd
0x0000000064b25ffa:   f7 ff ff 39 ca 0f 8d b8 f5 ff ff 41 89 54 24 08
0x0000000064b2600a:   39 d0 75 ab 41 89 04 24 eb a5 41 8b 04 24 41 89
0x0000000064b2601a:   44 24 08 41 89 44 24 04 eb 91 31 ed e9 17 f9 ff
0x0000000064b2602a:   ff 0f 1f 44 00 00 41 56 41 55 41 54 55 57 56 53
0x0000000064b2603a:   48 81 ec 90 00 00 00 0f 11 74 24 40 0f 11 7c 24
0x0000000064b2604a:   50 44 0f 11 44 24 60 44 0f 11 4c 24 70 44 0f 11
0x0000000064b2605a:   94 24 80 00 00 00 48 8b 05 b9 5c 43 00 4c 8b 28
0x0000000064b2606a:   49 8b b5 28 1d 00 00 80 be cc 00 00 00 00 49 89
0x0000000064b2607a:   cc 48 89 d3 44 89 c7 c6 86 c9 00 00 00 01 0f 85
0x0000000064b2608a:   ec 00 00 00 f3 0f 10 be 14 01 00 00 f3 0f 10 b6
0x0000000064b2609a:   48 01 00 00 f3 44 0f 10 86 10 01 00 00 f3 44 0f
0x0000000064b260aa:   10 8e d0 01 00 00 48 39 d1 0f 84 f7 00 00 00 48
0x0000000064b260ba:   85 d2 75 09 e8 ad cc 0e 00 49 8d 1c 04 48 89 d8
0x0000000064b260ca:   f3 0f 58 f7 4c 29 e0 48 3d d0 07 00 00 0f 8e e1
0x0000000064b260da:   00 00 00 66 0f ef e4 44 0f 2f cc 0f 82 ed 00 00
0x0000000064b260ea:   00 48 8d 8e 10 01 00 00 41 0f 10 c9 e8 e5 86 f2
0x0000000064b260fa:   ff 0f 10 f8 45 31 c0 48 89 da 0f 10 df 4c 89 e1
0x0000000064b2610a:   e8 41 9b f2 ff 48 8d 4c 24 28 f3 44 0f 11 44 24
0x0000000064b2611a:   30 48 89 44 24 28 f3 0f 10 4c 24 28 f3 0f 10 44
0x0000000064b2612a:   24 2c f3 0f 11 74 24 34 f3 41 0f 58 c8 f3 0f 58
0x0000000064b2613a:   c6 f3 0f 11 4c 24 38 66 0f ef c9 f3 0f 11 44 24
0x0000000064b2614a:   3c e8 f0 f7 f2 ff 45 31 c9 45 31 c0 31 d2 48 8d
0x0000000064b2615a:   4c 24 30 e8 ce f9 f2 ff 84 c0 74 14 48 8b 4c 24 


Stack slot to memory mapping:
stack at sp + 0 slots: 0x0000020a1141ce40 is a thread
stack at sp + 1 slots: 0x0000000711713fc0 is an oop: [B 
{0x0000000711713fc0} - klass: {type array byte}
 - length: 13
stack at sp + 2 slots: 0x000000000000000e is an unknown value
stack at sp + 3 slots: 0x0000000000000028 is an unknown value
stack at sp + 4 slots: 0x0000020a1141ce40 is a thread
stack at sp + 5 slots: 0x0000020a1141ce40 is a thread
stack at sp + 6 slots: 0x0000000711713fa8 is an oop: java.lang.String 
{0x0000000711713fa8} - klass: 'java/lang/String'
stack at sp + 7 slots: 0x00007ffe88b3c3f3 jvm.dll


---------------  P R O C E S S  ---------------

Threads class SMR info:
_java_thread_list=0x0000020a3515eae0, length=13, elements={
0x0000020a1141ce40, 0x0000020a34421bb0, 0x0000020a34423210, 0x0000020a3442f4b0,
0x0000020a34430fd0, 0x0000020a34434280, 0x0000020a34435420, 0x0000020a34439ea0,
0x0000020a3443c0e0, 0x0000020a35008070, 0x0000020a350f8dc0, 0x0000020a351b8610,
0x0000020a352e1c20
}

Java Threads: ( => current thread )
=>0x0000020a1141ce40 JavaThread "main" [_thread_in_native, id=6668, stack(0x0000004c8d500000,0x0000004c8d600000)]
  0x0000020a34421bb0 JavaThread "Reference Handler" daemon [_thread_blocked, id=14492, stack(0x0000004c8dc00000,0x0000004c8dd00000)]
  0x0000020a34423210 JavaThread "Finalizer" daemon [_thread_blocked, id=8500, stack(0x0000004c8dd00000,0x0000004c8de00000)]
  0x0000020a3442f4b0 JavaThread "Signal Dispatcher" daemon [_thread_blocked, id=16020, stack(0x0000004c8de00000,0x0000004c8df00000)]
  0x0000020a34430fd0 JavaThread "Attach Listener" daemon [_thread_blocked, id=20792, stack(0x0000004c8df00000,0x0000004c8e000000)]
  0x0000020a34434280 JavaThread "Service Thread" daemon [_thread_blocked, id=19204, stack(0x0000004c8e000000,0x0000004c8e100000)]
  0x0000020a34435420 JavaThread "Monitor Deflation Thread" daemon [_thread_blocked, id=2288, stack(0x0000004c8e100000,0x0000004c8e200000)]
  0x0000020a34439ea0 JavaThread "C2 CompilerThread0" daemon [_thread_blocked, id=12276, stack(0x0000004c8e200000,0x0000004c8e300000)]
  0x0000020a3443c0e0 JavaThread "C1 CompilerThread0" daemon [_thread_blocked, id=23924, stack(0x0000004c8e300000,0x0000004c8e400000)]
  0x0000020a35008070 JavaThread "Sweeper thread" daemon [_thread_blocked, id=7340, stack(0x0000004c8e400000,0x0000004c8e500000)]
  0x0000020a350f8dc0 JavaThread "Common-Cleaner" daemon [_thread_blocked, id=8860, stack(0x0000004c8e500000,0x0000004c8e600000)]
  0x0000020a351b8610 JavaThread "Monitor Ctrl-Break" daemon [_thread_in_native, id=656, stack(0x0000004c8e600000,0x0000004c8e700000)]
  0x0000020a352e1c20 JavaThread "Notification Thread" daemon [_thread_blocked, id=8336, stack(0x0000004c8e700000,0x0000004c8e800000)]

Other Threads:
  0x0000020a3441bfb0 VMThread "VM Thread" [stack: 0x0000004c8db00000,0x0000004c8dc00000] [id=18792]
  0x0000020a352e5640 WatcherThread [stack: 0x0000004c8e800000,0x0000004c8e900000] [id=21108]
  0x0000020a1146e240 GCTaskThread "GC Thread#0" [stack: 0x0000004c8d600000,0x0000004c8d700000] [id=4472]
  0x0000020a1147f010 ConcurrentGCThread "G1 Main Marker" [stack: 0x0000004c8d700000,0x0000004c8d800000] [id=16008]
  0x0000020a11481230 ConcurrentGCThread "G1 Conc#0" [stack: 0x0000004c8d800000,0x0000004c8d900000] [id=1132]
  0x0000020a342d40e0 ConcurrentGCThread "G1 Refine#0" [stack: 0x0000004c8d900000,0x0000004c8da00000] [id=21000]
  0x0000020a342d4b60 ConcurrentGCThread "G1 Service" [stack: 0x0000004c8da00000,0x0000004c8db00000] [id=16516]

Threads with active compile tasks:

VM state: not at safepoint (normal execution)

VM Mutex/Monitor currently owned by a thread: None

Heap address: 0x0000000702600000, size: 4058 MB, Compressed Oops mode: Zero based, Oop shift amount: 3

CDS archive(s) mapped at: [0x0000000800000000-0x0000000800bb0000-0x0000000800bb0000), size 12255232, SharedBaseAddress: 0x0000000800000000, ArchiveRelocationMode: 0.
Compressed class space mapped at: 0x0000000800c00000-0x0000000840c00000, reserved size: 1073741824
Narrow klass base: 0x0000000800000000, Narrow klass shift: 3, Narrow klass range: 0x100000000

GC Precious Log:
 CPUs: 12 total, 12 available
 Memory: 16231M
 Large Page Support: Disabled
 NUMA Support: Disabled
 Compressed Oops: Enabled (Zero based)
 Heap Region Size: 2M
 Heap Min Capacity: 8M
 Heap Initial Capacity: 254M
 Heap Max Capacity: 4058M
 Pre-touch: Disabled
 Parallel Workers: 10
 Concurrent Workers: 3
 Concurrent Refinement Workers: 10
 Periodic GC: Disabled

Heap:
 garbage-first heap   total 260096K, used 10240K [0x0000000702600000, 0x0000000800000000)
  region size 2048K, 7 young (14336K), 0 survivors (0K)
 Metaspace       used 6545K, committed 6784K, reserved 1064960K
  class space    used 322K, committed 448K, reserved 1048576K

Heap Regions: E=young(eden), S=young(survivor), O=old, HS=humongous(starts), HC=humongous(continues), CS=collection set, F=free, OA=open archive, CA=closed archive, TAMS=top-at-mark-start (previous, next)
|   0|0x0000000702600000, 0x0000000702600000, 0x0000000702800000|  0%| F|  |TAMS 0x0000000702600000, 0x0000000702600000| Untracked 
|   1|0x0000000702800000, 0x0000000702800000, 0x0000000702a00000|  0%| F|  |TAMS 0x0000000702800000, 0x0000000702800000| Untracked 
|   2|0x0000000702a00000, 0x0000000702a00000, 0x0000000702c00000|  0%| F|  |TAMS 0x0000000702a00000, 0x0000000702a00000| Untracked 
|   3|0x0000000702c00000, 0x0000000702c00000, 0x0000000702e00000|  0%| F|  |TAMS 0x0000000702c00000, 0x0000000702c00000| Untracked 
|   4|0x0000000702e00000, 0x0000000702e00000, 0x0000000703000000|  0%| F|  |TAMS 0x0000000702e00000, 0x0000000702e00000| Untracked 
|   5|0x0000000703000000, 0x0000000703000000, 0x0000000703200000|  0%| F|  |TAMS 0x0000000703000000, 0x0000000703000000| Untracked 
|   6|0x0000000703200000, 0x0000000703200000, 0x0000000703400000|  0%| F|  |TAMS 0x0000000703200000, 0x0000000703200000| Untracked 
|   7|0x0000000703400000, 0x0000000703400000, 0x0000000703600000|  0%| F|  |TAMS 0x0000000703400000, 0x0000000703400000| Untracked 
|   8|0x0000000703600000, 0x0000000703600000, 0x0000000703800000|  0%| F|  |TAMS 0x0000000703600000, 0x0000000703600000| Untracked 
|   9|0x0000000703800000, 0x0000000703800000, 0x0000000703a00000|  0%| F|  |TAMS 0x0000000703800000, 0x0000000703800000| Untracked 
|  10|0x0000000703a00000, 0x0000000703a00000, 0x0000000703c00000|  0%| F|  |TAMS 0x0000000703a00000, 0x0000000703a00000| Untracked 
|  11|0x0000000703c00000, 0x0000000703c00000, 0x0000000703e00000|  0%| F|  |TAMS 0x0000000703c00000, 0x0000000703c00000| Untracked 
|  12|0x0000000703e00000, 0x0000000703e00000, 0x0000000704000000|  0%| F|  |TAMS 0x0000000703e00000, 0x0000000703e00000| Untracked 
|  13|0x0000000704000000, 0x0000000704000000, 0x0000000704200000|  0%| F|  |TAMS 0x0000000704000000, 0x0000000704000000| Untracked 
|  14|0x0000000704200000, 0x0000000704200000, 0x0000000704400000|  0%| F|  |TAMS 0x0000000704200000, 0x0000000704200000| Untracked 
|  15|0x0000000704400000, 0x0000000704400000, 0x0000000704600000|  0%| F|  |TAMS 0x0000000704400000, 0x0000000704400000| Untracked 
|  16|0x0000000704600000, 0x0000000704600000, 0x0000000704800000|  0%| F|  |TAMS 0x0000000704600000, 0x0000000704600000| Untracked 
|  17|0x0000000704800000, 0x0000000704800000, 0x0000000704a00000|  0%| F|  |TAMS 0x0000000704800000, 0x0000000704800000| Untracked 
|  18|0x0000000704a00000, 0x0000000704a00000, 0x0000000704c00000|  0%| F|  |TAMS 0x0000000704a00000, 0x0000000704a00000| Untracked 
|  19|0x0000000704c00000, 0x0000000704c00000, 0x0000000704e00000|  0%| F|  |TAMS 0x0000000704c00000, 0x0000000704c00000| Untracked 
|  20|0x0000000704e00000, 0x0000000704e00000, 0x0000000705000000|  0%| F|  |TAMS 0x0000000704e00000, 0x0000000704e00000| Untracked 
|  21|0x0000000705000000, 0x0000000705000000, 0x0000000705200000|  0%| F|  |TAMS 0x0000000705000000, 0x0000000705000000| Untracked 
|  22|0x0000000705200000, 0x0000000705200000, 0x0000000705400000|  0%| F|  |TAMS 0x0000000705200000, 0x0000000705200000| Untracked 
|  23|0x0000000705400000, 0x0000000705400000, 0x0000000705600000|  0%| F|  |TAMS 0x0000000705400000, 0x0000000705400000| Untracked 
|  24|0x0000000705600000, 0x0000000705600000, 0x0000000705800000|  0%| F|  |TAMS 0x0000000705600000, 0x0000000705600000| Untracked 
|  25|0x0000000705800000, 0x0000000705800000, 0x0000000705a00000|  0%| F|  |TAMS 0x0000000705800000, 0x0000000705800000| Untracked 
|  26|0x0000000705a00000, 0x0000000705a00000, 0x0000000705c00000|  0%| F|  |TAMS 0x0000000705a00000, 0x0000000705a00000| Untracked 
|  27|0x0000000705c00000, 0x0000000705c00000, 0x0000000705e00000|  0%| F|  |TAMS 0x0000000705c00000, 0x0000000705c00000| Untracked 
|  28|0x0000000705e00000, 0x0000000705e00000, 0x0000000706000000|  0%| F|  |TAMS 0x0000000705e00000, 0x0000000705e00000| Untracked 
|  29|0x0000000706000000, 0x0000000706000000, 0x0000000706200000|  0%| F|  |TAMS 0x0000000706000000, 0x0000000706000000| Untracked 
|  30|0x0000000706200000, 0x0000000706200000, 0x0000000706400000|  0%| F|  |TAMS 0x0000000706200000, 0x0000000706200000| Untracked 
|  31|0x0000000706400000, 0x0000000706400000, 0x0000000706600000|  0%| F|  |TAMS 0x0000000706400000, 0x0000000706400000| Untracked 
|  32|0x0000000706600000, 0x0000000706600000, 0x0000000706800000|  0%| F|  |TAMS 0x0000000706600000, 0x0000000706600000| Untracked 
|  33|0x0000000706800000, 0x0000000706800000, 0x0000000706a00000|  0%| F|  |TAMS 0x0000000706800000, 0x0000000706800000| Untracked 
|  34|0x0000000706a00000, 0x0000000706a00000, 0x0000000706c00000|  0%| F|  |TAMS 0x0000000706a00000, 0x0000000706a00000| Untracked 
|  35|0x0000000706c00000, 0x0000000706c00000, 0x0000000706e00000|  0%| F|  |TAMS 0x0000000706c00000, 0x0000000706c00000| Untracked 
|  36|0x0000000706e00000, 0x0000000706e00000, 0x0000000707000000|  0%| F|  |TAMS 0x0000000706e00000, 0x0000000706e00000| Untracked 
|  37|0x0000000707000000, 0x0000000707000000, 0x0000000707200000|  0%| F|  |TAMS 0x0000000707000000, 0x0000000707000000| Untracked 
|  38|0x0000000707200000, 0x0000000707200000, 0x0000000707400000|  0%| F|  |TAMS 0x0000000707200000, 0x0000000707200000| Untracked 
|  39|0x0000000707400000, 0x0000000707400000, 0x0000000707600000|  0%| F|  |TAMS 0x0000000707400000, 0x0000000707400000| Untracked 
|  40|0x0000000707600000, 0x0000000707600000, 0x0000000707800000|  0%| F|  |TAMS 0x0000000707600000, 0x0000000707600000| Untracked 
|  41|0x0000000707800000, 0x0000000707800000, 0x0000000707a00000|  0%| F|  |TAMS 0x0000000707800000, 0x0000000707800000| Untracked 
|  42|0x0000000707a00000, 0x0000000707a00000, 0x0000000707c00000|  0%| F|  |TAMS 0x0000000707a00000, 0x0000000707a00000| Untracked 
|  43|0x0000000707c00000, 0x0000000707c00000, 0x0000000707e00000|  0%| F|  |TAMS 0x0000000707c00000, 0x0000000707c00000| Untracked 
|  44|0x0000000707e00000, 0x0000000707e00000, 0x0000000708000000|  0%| F|  |TAMS 0x0000000707e00000, 0x0000000707e00000| Untracked 
|  45|0x0000000708000000, 0x0000000708000000, 0x0000000708200000|  0%| F|  |TAMS 0x0000000708000000, 0x0000000708000000| Untracked 
|  46|0x0000000708200000, 0x0000000708200000, 0x0000000708400000|  0%| F|  |TAMS 0x0000000708200000, 0x0000000708200000| Untracked 
|  47|0x0000000708400000, 0x0000000708400000, 0x0000000708600000|  0%| F|  |TAMS 0x0000000708400000, 0x0000000708400000| Untracked 
|  48|0x0000000708600000, 0x0000000708600000, 0x0000000708800000|  0%| F|  |TAMS 0x0000000708600000, 0x0000000708600000| Untracked 
|  49|0x0000000708800000, 0x0000000708800000, 0x0000000708a00000|  0%| F|  |TAMS 0x0000000708800000, 0x0000000708800000| Untracked 
|  50|0x0000000708a00000, 0x0000000708a00000, 0x0000000708c00000|  0%| F|  |TAMS 0x0000000708a00000, 0x0000000708a00000| Untracked 
|  51|0x0000000708c00000, 0x0000000708c00000, 0x0000000708e00000|  0%| F|  |TAMS 0x0000000708c00000, 0x0000000708c00000| Untracked 
|  52|0x0000000708e00000, 0x0000000708e00000, 0x0000000709000000|  0%| F|  |TAMS 0x0000000708e00000, 0x0000000708e00000| Untracked 
|  53|0x0000000709000000, 0x0000000709000000, 0x0000000709200000|  0%| F|  |TAMS 0x0000000709000000, 0x0000000709000000| Untracked 
|  54|0x0000000709200000, 0x0000000709200000, 0x0000000709400000|  0%| F|  |TAMS 0x0000000709200000, 0x0000000709200000| Untracked 
|  55|0x0000000709400000, 0x0000000709400000, 0x0000000709600000|  0%| F|  |TAMS 0x0000000709400000, 0x0000000709400000| Untracked 
|  56|0x0000000709600000, 0x0000000709600000, 0x0000000709800000|  0%| F|  |TAMS 0x0000000709600000, 0x0000000709600000| Untracked 
|  57|0x0000000709800000, 0x0000000709800000, 0x0000000709a00000|  0%| F|  |TAMS 0x0000000709800000, 0x0000000709800000| Untracked 
|  58|0x0000000709a00000, 0x0000000709a00000, 0x0000000709c00000|  0%| F|  |TAMS 0x0000000709a00000, 0x0000000709a00000| Untracked 
|  59|0x0000000709c00000, 0x0000000709c00000, 0x0000000709e00000|  0%| F|  |TAMS 0x0000000709c00000, 0x0000000709c00000| Untracked 
|  60|0x0000000709e00000, 0x0000000709e00000, 0x000000070a000000|  0%| F|  |TAMS 0x0000000709e00000, 0x0000000709e00000| Untracked 
|  61|0x000000070a000000, 0x000000070a000000, 0x000000070a200000|  0%| F|  |TAMS 0x000000070a000000, 0x000000070a000000| Untracked 
|  62|0x000000070a200000, 0x000000070a200000, 0x000000070a400000|  0%| F|  |TAMS 0x000000070a200000, 0x000000070a200000| Untracked 
|  63|0x000000070a400000, 0x000000070a400000, 0x000000070a600000|  0%| F|  |TAMS 0x000000070a400000, 0x000000070a400000| Untracked 
|  64|0x000000070a600000, 0x000000070a600000, 0x000000070a800000|  0%| F|  |TAMS 0x000000070a600000, 0x000000070a600000| Untracked 
|  65|0x000000070a800000, 0x000000070a800000, 0x000000070aa00000|  0%| F|  |TAMS 0x000000070a800000, 0x000000070a800000| Untracked 
|  66|0x000000070aa00000, 0x000000070aa00000, 0x000000070ac00000|  0%| F|  |TAMS 0x000000070aa00000, 0x000000070aa00000| Untracked 
|  67|0x000000070ac00000, 0x000000070ac00000, 0x000000070ae00000|  0%| F|  |TAMS 0x000000070ac00000, 0x000000070ac00000| Untracked 
|  68|0x000000070ae00000, 0x000000070ae00000, 0x000000070b000000|  0%| F|  |TAMS 0x000000070ae00000, 0x000000070ae00000| Untracked 
|  69|0x000000070b000000, 0x000000070b000000, 0x000000070b200000|  0%| F|  |TAMS 0x000000070b000000, 0x000000070b000000| Untracked 
|  70|0x000000070b200000, 0x000000070b200000, 0x000000070b400000|  0%| F|  |TAMS 0x000000070b200000, 0x000000070b200000| Untracked 
|  71|0x000000070b400000, 0x000000070b400000, 0x000000070b600000|  0%| F|  |TAMS 0x000000070b400000, 0x000000070b400000| Untracked 
|  72|0x000000070b600000, 0x000000070b600000, 0x000000070b800000|  0%| F|  |TAMS 0x000000070b600000, 0x000000070b600000| Untracked 
|  73|0x000000070b800000, 0x000000070b800000, 0x000000070ba00000|  0%| F|  |TAMS 0x000000070b800000, 0x000000070b800000| Untracked 
|  74|0x000000070ba00000, 0x000000070ba00000, 0x000000070bc00000|  0%| F|  |TAMS 0x000000070ba00000, 0x000000070ba00000| Untracked 
|  75|0x000000070bc00000, 0x000000070bc00000, 0x000000070be00000|  0%| F|  |TAMS 0x000000070bc00000, 0x000000070bc00000| Untracked 
|  76|0x000000070be00000, 0x000000070be00000, 0x000000070c000000|  0%| F|  |TAMS 0x000000070be00000, 0x000000070be00000| Untracked 
|  77|0x000000070c000000, 0x000000070c000000, 0x000000070c200000|  0%| F|  |TAMS 0x000000070c000000, 0x000000070c000000| Untracked 
|  78|0x000000070c200000, 0x000000070c200000, 0x000000070c400000|  0%| F|  |TAMS 0x000000070c200000, 0x000000070c200000| Untracked 
|  79|0x000000070c400000, 0x000000070c400000, 0x000000070c600000|  0%| F|  |TAMS 0x000000070c400000, 0x000000070c400000| Untracked 
|  80|0x000000070c600000, 0x000000070c600000, 0x000000070c800000|  0%| F|  |TAMS 0x000000070c600000, 0x000000070c600000| Untracked 
|  81|0x000000070c800000, 0x000000070c800000, 0x000000070ca00000|  0%| F|  |TAMS 0x000000070c800000, 0x000000070c800000| Untracked 
|  82|0x000000070ca00000, 0x000000070ca00000, 0x000000070cc00000|  0%| F|  |TAMS 0x000000070ca00000, 0x000000070ca00000| Untracked 
|  83|0x000000070cc00000, 0x000000070cc00000, 0x000000070ce00000|  0%| F|  |TAMS 0x000000070cc00000, 0x000000070cc00000| Untracked 
|  84|0x000000070ce00000, 0x000000070ce00000, 0x000000070d000000|  0%| F|  |TAMS 0x000000070ce00000, 0x000000070ce00000| Untracked 
|  85|0x000000070d000000, 0x000000070d000000, 0x000000070d200000|  0%| F|  |TAMS 0x000000070d000000, 0x000000070d000000| Untracked 
|  86|0x000000070d200000, 0x000000070d200000, 0x000000070d400000|  0%| F|  |TAMS 0x000000070d200000, 0x000000070d200000| Untracked 
|  87|0x000000070d400000, 0x000000070d400000, 0x000000070d600000|  0%| F|  |TAMS 0x000000070d400000, 0x000000070d400000| Untracked 
|  88|0x000000070d600000, 0x000000070d600000, 0x000000070d800000|  0%| F|  |TAMS 0x000000070d600000, 0x000000070d600000| Untracked 
|  89|0x000000070d800000, 0x000000070d800000, 0x000000070da00000|  0%| F|  |TAMS 0x000000070d800000, 0x000000070d800000| Untracked 
|  90|0x000000070da00000, 0x000000070da00000, 0x000000070dc00000|  0%| F|  |TAMS 0x000000070da00000, 0x000000070da00000| Untracked 
|  91|0x000000070dc00000, 0x000000070dc00000, 0x000000070de00000|  0%| F|  |TAMS 0x000000070dc00000, 0x000000070dc00000| Untracked 
|  92|0x000000070de00000, 0x000000070de00000, 0x000000070e000000|  0%| F|  |TAMS 0x000000070de00000, 0x000000070de00000| Untracked 
|  93|0x000000070e000000, 0x000000070e000000, 0x000000070e200000|  0%| F|  |TAMS 0x000000070e000000, 0x000000070e000000| Untracked 
|  94|0x000000070e200000, 0x000000070e200000, 0x000000070e400000|  0%| F|  |TAMS 0x000000070e200000, 0x000000070e200000| Untracked 
|  95|0x000000070e400000, 0x000000070e400000, 0x000000070e600000|  0%| F|  |TAMS 0x000000070e400000, 0x000000070e400000| Untracked 
|  96|0x000000070e600000, 0x000000070e600000, 0x000000070e800000|  0%| F|  |TAMS 0x000000070e600000, 0x000000070e600000| Untracked 
|  97|0x000000070e800000, 0x000000070e800000, 0x000000070ea00000|  0%| F|  |TAMS 0x000000070e800000, 0x000000070e800000| Untracked 
|  98|0x000000070ea00000, 0x000000070ea00000, 0x000000070ec00000|  0%| F|  |TAMS 0x000000070ea00000, 0x000000070ea00000| Untracked 
|  99|0x000000070ec00000, 0x000000070ec00000, 0x000000070ee00000|  0%| F|  |TAMS 0x000000070ec00000, 0x000000070ec00000| Untracked 
| 100|0x000000070ee00000, 0x000000070ee00000, 0x000000070f000000|  0%| F|  |TAMS 0x000000070ee00000, 0x000000070ee00000| Untracked 
| 101|0x000000070f000000, 0x000000070f000000, 0x000000070f200000|  0%| F|  |TAMS 0x000000070f000000, 0x000000070f000000| Untracked 
| 102|0x000000070f200000, 0x000000070f200000, 0x000000070f400000|  0%| F|  |TAMS 0x000000070f200000, 0x000000070f200000| Untracked 
| 103|0x000000070f400000, 0x000000070f400000, 0x000000070f600000|  0%| F|  |TAMS 0x000000070f400000, 0x000000070f400000| Untracked 
| 104|0x000000070f600000, 0x000000070f600000, 0x000000070f800000|  0%| F|  |TAMS 0x000000070f600000, 0x000000070f600000| Untracked 
| 105|0x000000070f800000, 0x000000070f800000, 0x000000070fa00000|  0%| F|  |TAMS 0x000000070f800000, 0x000000070f800000| Untracked 
| 106|0x000000070fa00000, 0x000000070fa00000, 0x000000070fc00000|  0%| F|  |TAMS 0x000000070fa00000, 0x000000070fa00000| Untracked 
| 107|0x000000070fc00000, 0x000000070fc00000, 0x000000070fe00000|  0%| F|  |TAMS 0x000000070fc00000, 0x000000070fc00000| Untracked 
| 108|0x000000070fe00000, 0x000000070fe00000, 0x0000000710000000|  0%| F|  |TAMS 0x000000070fe00000, 0x000000070fe00000| Untracked 
| 109|0x0000000710000000, 0x0000000710000000, 0x0000000710200000|  0%| F|  |TAMS 0x0000000710000000, 0x0000000710000000| Untracked 
| 110|0x0000000710200000, 0x0000000710200000, 0x0000000710400000|  0%| F|  |TAMS 0x0000000710200000, 0x0000000710200000| Untracked 
| 111|0x0000000710400000, 0x0000000710400000, 0x0000000710600000|  0%| F|  |TAMS 0x0000000710400000, 0x0000000710400000| Untracked 
| 112|0x0000000710600000, 0x0000000710600000, 0x0000000710800000|  0%| F|  |TAMS 0x0000000710600000, 0x0000000710600000| Untracked 
| 113|0x0000000710800000, 0x0000000710800000, 0x0000000710a00000|  0%| F|  |TAMS 0x0000000710800000, 0x0000000710800000| Untracked 
| 114|0x0000000710a00000, 0x0000000710a00000, 0x0000000710c00000|  0%| F|  |TAMS 0x0000000710a00000, 0x0000000710a00000| Untracked 
| 115|0x0000000710c00000, 0x0000000710c00000, 0x0000000710e00000|  0%| F|  |TAMS 0x0000000710c00000, 0x0000000710c00000| Untracked 
| 116|0x0000000710e00000, 0x0000000710e00000, 0x0000000711000000|  0%| F|  |TAMS 0x0000000710e00000, 0x0000000710e00000| Untracked 
| 117|0x0000000711000000, 0x0000000711000000, 0x0000000711200000|  0%| F|  |TAMS 0x0000000711000000, 0x0000000711000000| Untracked 
| 118|0x0000000711200000, 0x0000000711200000, 0x0000000711400000|  0%| F|  |TAMS 0x0000000711200000, 0x0000000711200000| Untracked 
| 119|0x0000000711400000, 0x0000000711400000, 0x0000000711600000|  0%| F|  |TAMS 0x0000000711400000, 0x0000000711400000| Untracked 
| 120|0x0000000711600000, 0x00000007117d6d10, 0x0000000711800000| 91%| E|  |TAMS 0x0000000711600000, 0x0000000711600000| Complete 
| 121|0x0000000711800000, 0x0000000711a00000, 0x0000000711a00000|100%| E|CS|TAMS 0x0000000711800000, 0x0000000711800000| Complete 
| 122|0x0000000711a00000, 0x0000000711c00000, 0x0000000711c00000|100%| E|  |TAMS 0x0000000711a00000, 0x0000000711a00000| Complete 
| 123|0x0000000711c00000, 0x0000000711e00000, 0x0000000711e00000|100%| E|CS|TAMS 0x0000000711c00000, 0x0000000711c00000| Complete 
| 124|0x0000000711e00000, 0x0000000712000000, 0x0000000712000000|100%| E|CS|TAMS 0x0000000711e00000, 0x0000000711e00000| Complete 
| 125|0x0000000712000000, 0x0000000712200000, 0x0000000712200000|100%| E|CS|TAMS 0x0000000712000000, 0x0000000712000000| Complete 
| 126|0x0000000712200000, 0x0000000712400000, 0x0000000712400000|100%| E|CS|TAMS 0x0000000712200000, 0x0000000712200000| Complete 

Card table byte_map: [0x0000020a288f0000,0x0000020a290e0000] _byte_map_base: 0x0000020a250dd000

Marking Bits (Prev, Next): (CMBitMap*) 0x0000020a1146e8b0, (CMBitMap*) 0x0000020a1146e8f0
 Prev Bits: [0x0000020a298d0000, 0x0000020a2d838000)
 Next Bits: [0x0000020a2d840000, 0x0000020a317a8000)

Polling page: 0x0000020a0f390000

Metaspace:

Usage:
  Non-class:      6.08 MB used.
      Class:    322.91 KB used.
       Both:      6.39 MB used.

Virtual space:
  Non-class space:       16.00 MB reserved,       6.19 MB ( 39%) committed,  2 nodes.
      Class space:        1.00 GB reserved,     448.00 KB ( <1%) committed,  1 nodes.
              Both:        1.02 GB reserved,       6.62 MB ( <1%) committed. 

Chunk freelists:
   Non-Class:  3.64 MB
       Class:  3.54 MB
        Both:  7.18 MB

MaxMetaspaceSize: 17179869184.00 GB
CompressedClassSpaceSize: 1.00 GB
 - commit_granule_bytes: 65536.
 - commit_granule_words: 8192.
 - virtual_space_node_default_size: 1048576.
 - enlarge_chunks_in_place: 1.
 - new_chunks_are_fully_committed: 0.
 - uncommit_free_chunks: 1.
 - use_allocation_guard: 0.
 - handle_deallocations: 1.


Internal statistics:

num_allocs_failed_limit: 0.
num_arena_births: 68.
num_arena_deaths: 0.
num_vsnodes_births: 3.
num_vsnodes_deaths: 0.
num_space_committed: 104.
num_space_uncommitted: 0.
num_chunks_returned_to_freelist: 0.
num_chunks_taken_from_freelist: 246.
num_chunk_merges: 0.
num_chunk_splits: 184.
num_chunks_enlarged: 146.
num_purges: 0.

CodeHeap 'non-profiled nmethods': size=120000Kb used=233Kb max_used=233Kb free=119766Kb
 bounds [0x0000020a20670000, 0x0000020a208e0000, 0x0000020a27ba0000]
CodeHeap 'profiled nmethods': size=120000Kb used=1298Kb max_used=1298Kb free=118701Kb
 bounds [0x0000020a19140000, 0x0000020a193b0000, 0x0000020a20670000]
CodeHeap 'non-nmethods': size=5760Kb used=1753Kb max_used=1769Kb free=4006Kb
 bounds [0x0000020a18ba0000, 0x0000020a18e10000, 0x0000020a19140000]
 total_blobs=2025 nmethods=801 adapters=1137
 compilation: enabled
              stopped_count=0, restarted_count=0
 full_count=0

Compilation events (20 events):
Event: 0.536 Thread 0x0000020a34439ea0  791       4       java.nio.ByteBuffer::position (8 bytes)
Event: 0.537 Thread 0x0000020a34439ea0 nmethod 791 0x0000020a206a9290 code [0x0000020a206a9420, 0x0000020a206a94f8]
Event: 0.576 Thread 0x0000020a34439ea0  792       4       java.util.concurrent.ConcurrentHashMap::spread (10 bytes)
Event: 0.577 Thread 0x0000020a34439ea0 nmethod 792 0x0000020a206a9610 code [0x0000020a206a9780, 0x0000020a206a97f8]
Event: 0.577 Thread 0x0000020a3443c0e0  793   !   3       java.util.concurrent.ConcurrentHashMap::computeIfAbsent (576 bytes)
Event: 0.578 Thread 0x0000020a34439ea0  796       4       java.lang.String::substring (58 bytes)
Event: 0.580 Thread 0x0000020a3443c0e0 nmethod 793 0x0000020a1927ee10 code [0x0000020a1927f240, 0x0000020a192816b8]
Event: 0.580 Thread 0x0000020a3443c0e0  797       3       java.util.jar.Attributes::getValue (9 bytes)
Event: 0.580 Thread 0x0000020a3443c0e0 nmethod 797 0x0000020a19282790 code [0x0000020a19282940, 0x0000020a19282c88]
Event: 0.580 Thread 0x0000020a3443c0e0  794       3       java.util.zip.ZipCoder$UTF8ZipCoder::toString (12 bytes)
Event: 0.580 Thread 0x0000020a3443c0e0 nmethod 794 0x0000020a19282d90 code [0x0000020a19282f40, 0x0000020a192830e8]
Event: 0.580 Thread 0x0000020a3443c0e0  795       3       java.lang.System$2::newStringUTF8NoRepl (7 bytes)
Event: 0.580 Thread 0x0000020a3443c0e0 nmethod 795 0x0000020a19283210 code [0x0000020a192833c0, 0x0000020a19283508]
Event: 0.581 Thread 0x0000020a3443c0e0  798       3       java.lang.String::equalsIgnoreCase (45 bytes)
Event: 0.581 Thread 0x0000020a3443c0e0 nmethod 798 0x0000020a19283590 code [0x0000020a19283780, 0x0000020a19283ce8]
Event: 0.581 Thread 0x0000020a3443c0e0  799       3       java.lang.ref.Reference::clear (5 bytes)
Event: 0.581 Thread 0x0000020a3443c0e0 nmethod 799 0x0000020a19283f10 code [0x0000020a192840c0, 0x0000020a19284208]
Event: 0.582 Thread 0x0000020a3443c0e0  801   !   3       jdk.internal.ref.PhantomCleanable::remove (60 bytes)
Event: 0.582 Thread 0x0000020a3443c0e0 nmethod 801 0x0000020a19284290 code [0x0000020a19284460, 0x0000020a19284898]
Event: 0.583 Thread 0x0000020a34439ea0 nmethod 796 0x0000020a206a9d10 code [0x0000020a206a9ec0, 0x0000020a206aa3b8]

GC Heap History (0 events):
No events

Deoptimization events (16 events):
Event: 0.111 Thread 0x0000020a1141ce40 Uncommon trap: trap_request=0xffffff45 fr.pc=0x0000020a2067f2a8 relative=0x0000000000000088
Event: 0.111 Thread 0x0000020a1141ce40 Uncommon trap: reason=unstable_if action=reinterpret pc=0x0000020a2067f2a8 method=java.lang.String.charAt(I)C @ 4 c2
Event: 0.111 Thread 0x0000020a1141ce40 DEOPT PACKING pc=0x0000020a2067f2a8 sp=0x0000004c8d5ff220
Event: 0.111 Thread 0x0000020a1141ce40 DEOPT UNPACKING pc=0x0000020a18bed72e sp=0x0000004c8d5ff1c0 mode 2
Event: 0.147 Thread 0x0000020a1141ce40 DEOPT PACKING pc=0x0000020a1916b8e7 sp=0x0000004c8d5fbce0
Event: 0.147 Thread 0x0000020a1141ce40 DEOPT UNPACKING pc=0x0000020a18bedece sp=0x0000004c8d5fb100 mode 0
Event: 0.169 Thread 0x0000020a1141ce40 DEOPT PACKING pc=0x0000020a19147bd1 sp=0x0000004c8d5fcb90
Event: 0.169 Thread 0x0000020a1141ce40 DEOPT UNPACKING pc=0x0000020a18bedece sp=0x0000004c8d5fc008 mode 0
Event: 0.307 Thread 0x0000020a1141ce40 Uncommon trap: trap_request=0xffffff54 fr.pc=0x0000020a2069b700 relative=0x0000000000000060
Event: 0.307 Thread 0x0000020a1141ce40 Uncommon trap: reason=speculate_null_assert action=make_not_entrant pc=0x0000020a2069b700 method=sun.misc.Unsafe.putLong(Ljava/lang/Object;JJ)V @ 7 c2
Event: 0.307 Thread 0x0000020a1141ce40 DEOPT PACKING pc=0x0000020a2069b700 sp=0x0000004c8d5ff270
Event: 0.307 Thread 0x0000020a1141ce40 DEOPT UNPACKING pc=0x0000020a18bed72e sp=0x0000004c8d5ff1e8 mode 2
Event: 0.485 Thread 0x0000020a1141ce40 Uncommon trap: trap_request=0xffffff54 fr.pc=0x0000020a2069bcfc relative=0x000000000000005c
Event: 0.485 Thread 0x0000020a1141ce40 Uncommon trap: reason=speculate_null_assert action=make_not_entrant pc=0x0000020a2069bcfc method=sun.misc.Unsafe.getLong(Ljava/lang/Object;J)J @ 5 c2
Event: 0.485 Thread 0x0000020a1141ce40 DEOPT PACKING pc=0x0000020a2069bcfc sp=0x0000004c8d5ff4c0
Event: 0.485 Thread 0x0000020a1141ce40 DEOPT UNPACKING pc=0x0000020a18bed72e sp=0x0000004c8d5ff448 mode 2

Classes unloaded (0 events):
No events

Classes redefined (0 events):
No events

Internal exceptions (20 events):
Event: 0.132 Thread 0x0000020a1141ce40 Exception <a 'java/lang/NoSuchMethodError'{0x0000000711e7d4e8}: 'java.lang.Object java.lang.invoke.DirectMethodHandle$Holder.invokeStatic(java.lang.Object, java.lang.Object, int)'> (0x0000000711e7d4e8) 
thrown [t:\workspace\open\src\hotspot\share\interpreter\linkResolver.cpp, line 790]
Event: 0.133 Thread 0x0000020a1141ce40 Exception <a 'java/lang/NoSuchMethodError'{0x0000000711e89978}: 'void java.lang.invoke.DelegatingMethodHandle$Holder.delegate(java.lang.Object, java.lang.Object, int, java.lang.Object)'> (0x0000000711e89978) 
thrown [t:\workspace\open\src\hotspot\share\interpreter\linkResolver.cpp, line 790]
Event: 0.133 Thread 0x0000020a1141ce40 Exception <a 'java/lang/NoSuchMethodError'{0x0000000711e8dac8}: 'int java.lang.invoke.DirectMethodHandle$Holder.invokeSpecial(java.lang.Object, java.lang.Object, java.lang.Object)'> (0x0000000711e8dac8) 
thrown [t:\workspace\open\src\hotspot\share\interpreter\linkResolver.cpp, line 790]
Event: 0.153 Thread 0x0000020a1141ce40 Exception <a 'sun/nio/fs/WindowsException'{0x0000000711ee3ba8}> (0x0000000711ee3ba8) 
thrown [t:\workspace\open\src\hotspot\share\prims\jni.cpp, line 579]
Event: 0.154 Thread 0x0000020a1141ce40 Exception <a 'sun/nio/fs/WindowsException'{0x0000000711ee4100}> (0x0000000711ee4100) 
thrown [t:\workspace\open\src\hotspot\share\prims\jni.cpp, line 579]
Event: 0.161 Thread 0x0000020a1141ce40 Exception <a 'java/lang/NoSuchMethodError'{0x0000000711f106e0}: 'int java.lang.invoke.DirectMethodHandle$Holder.invokeStaticInit(java.lang.Object, java.lang.Object, int, long)'> (0x0000000711f106e0) 
thrown [t:\workspace\open\src\hotspot\share\interpreter\linkResolver.cpp, line 790]
Event: 0.162 Thread 0x0000020a1141ce40 Exception <a 'java/lang/NoSuchMethodError'{0x0000000711f161b0}: 'java.lang.Object java.lang.invoke.DirectMethodHandle$Holder.newInvokeSpecial(java.lang.Object, java.lang.Object, int)'> (0x0000000711f161b0) 
thrown [t:\workspace\open\src\hotspot\share\interpreter\linkResolver.cpp, line 790]
Event: 0.163 Thread 0x0000020a1141ce40 Exception <a 'java/lang/NoSuchMethodError'{0x0000000711f250f8}: 'int java.lang.invoke.DirectMethodHandle$Holder.invokeStaticInit(java.lang.Object, java.lang.Object, long, long)'> (0x0000000711f250f8) 
thrown [t:\workspace\open\src\hotspot\share\interpreter\linkResolver.cpp, line 790]
Event: 0.163 Thread 0x0000020a1141ce40 Exception <a 'java/lang/NoSuchMethodError'{0x0000000711f2b528}: 'java.lang.Object java.lang.invoke.DirectMethodHandle$Holder.newInvokeSpecial(java.lang.Object, java.lang.Object, long)'> (0x0000000711f2b528) 
thrown [t:\workspace\open\src\hotspot\share\interpreter\linkResolver.cpp, line 790]
Event: 0.164 Thread 0x0000020a1141ce40 Exception <a 'java/lang/NoSuchMethodError'{0x0000000711f2f680}: 'java.lang.Object java.lang.invoke.Invokers$Holder.linkToTargetMethod(java.lang.Object, long, java.lang.Object)'> (0x0000000711f2f680) 
thrown [t:\workspace\open\src\hotspot\share\interpreter\linkResolver.cpp, line 790]
Event: 0.165 Thread 0x0000020a1141ce40 Exception <a 'java/lang/NoSuchMethodError'{0x0000000711f37128}: 'int java.lang.invoke.DirectMethodHandle$Holder.invokeStaticInit(java.lang.Object, java.lang.Object, java.lang.Object, long)'> (0x0000000711f37128) 
thrown [t:\workspace\open\src\hotspot\share\interpreter\linkResolver.cpp, line 790]
Event: 0.183 Thread 0x0000020a1141ce40 Exception <a 'sun/nio/fs/WindowsException'{0x0000000711fdf600}> (0x0000000711fdf600) 
thrown [t:\workspace\open\src\hotspot\share\prims\jni.cpp, line 579]
Event: 0.183 Thread 0x0000020a1141ce40 Exception <a 'sun/nio/fs/WindowsException'{0x0000000711fdf970}> (0x0000000711fdf970) 
thrown [t:\workspace\open\src\hotspot\share\prims\jni.cpp, line 579]
Event: 0.276 Thread 0x0000020a1141ce40 Exception <a 'sun/nio/fs/WindowsException'{0x0000000711c61a90}> (0x0000000711c61a90) 
thrown [t:\workspace\open\src\hotspot\share\prims\jni.cpp, line 579]
Event: 0.276 Thread 0x0000020a1141ce40 Exception <a 'sun/nio/fs/WindowsException'{0x0000000711c61e40}> (0x0000000711c61e40) 
thrown [t:\workspace\open\src\hotspot\share\prims\jni.cpp, line 579]
Event: 0.280 Thread 0x0000020a1141ce40 Exception <a 'sun/nio/fs/WindowsException'{0x0000000711c6ee00}> (0x0000000711c6ee00) 
thrown [t:\workspace\open\src\hotspot\share\prims\jni.cpp, line 579]
Event: 0.280 Thread 0x0000020a1141ce40 Exception <a 'sun/nio/fs/WindowsException'{0x0000000711c6f0e8}> (0x0000000711c6f0e8) 
thrown [t:\workspace\open\src\hotspot\share\prims\jni.cpp, line 579]
Event: 0.498 Thread 0x0000020a1141ce40 Exception <a 'java/lang/NoSuchMethodError'{0x00000007116fed20}: 'int java.lang.invoke.DirectMethodHandle$Holder.invokeVirtual(java.lang.Object, java.lang.Object)'> (0x00000007116fed20) 
thrown [t:\workspace\open\src\hotspot\share\interpreter\linkResolver.cpp, line 790]
Event: 0.499 Thread 0x0000020a1141ce40 Exception <a 'java/lang/NoSuchMethodError'{0x0000000711709508}: 'java.lang.Object java.lang.invoke.Invokers$Holder.invokeExact_MT(java.lang.Object, java.lang.Object, java.lang.Object, java.lang.Object, java.lang.Object, java.lang.Object)'> (0x0000000711709508) 
thrown [t:\workspace\open\src\hotspot\share\interpreter\linkResolver.cpp, line 790]
Event: 0.506 Thread 0x0000020a1141ce40 Exception <a 'sun/nio/fs/WindowsException'{0x00000007117534c8}> (0x00000007117534c8) 
thrown [t:\workspace\open\src\hotspot\share\prims\jni.cpp, line 579]

Events (20 events):
Event: 0.356 loading class java/nio/channels/spi/AbstractInterruptibleChannel$1
Event: 0.356 loading class sun/nio/ch/Interruptible
Event: 0.356 loading class sun/nio/ch/Interruptible done
Event: 0.356 loading class java/nio/channels/spi/AbstractInterruptibleChannel$1 done
Event: 0.357 loading class java/util/regex/Matcher$ImmutableMatchResult
Event: 0.357 loading class java/util/regex/Matcher$ImmutableMatchResult done
Event: 0.372 loading class java/io/Externalizable
Event: 0.372 loading class java/io/Externalizable done
Event: 0.374 Loaded shared library C:\Program Files\Java\jdk-16.0.2\bin\verify.dll
Event: 0.409 loading class java/lang/SecurityException
Event: 0.409 loading class java/lang/SecurityException done
Event: 0.503 loading class java/io/UncheckedIOException
Event: 0.503 loading class java/io/UncheckedIOException done
Event: 0.505 loading class java/nio/file/StandardCopyOption
Event: 0.505 loading class java/nio/file/StandardCopyOption done
Event: 0.546 loading class java/io/DeleteOnExitHook
Event: 0.546 loading class java/io/DeleteOnExitHook done
Event: 0.546 loading class java/io/DeleteOnExitHook$1
Event: 0.546 loading class java/io/DeleteOnExitHook$1 done
Event: 0.575 Loaded shared library C:\Users\xerxe\AppData\Local\Temp\imgui-java-natives_1643965838989\imgui-java64.dll


Dynamic libraries:
0x00007ff6cfa70000 - 0x00007ff6cfa80000 	C:\Program Files\Java\jdk-16.0.2\bin\java.exe
0x00007fff07bb0000 - 0x00007fff07da5000 	C:\Windows\SYSTEM32\ntdll.dll
0x00007fff07230000 - 0x00007fff072ee000 	C:\Windows\System32\KERNEL32.DLL
0x00007fff05630000 - 0x00007fff058f8000 	C:\Windows\System32\KERNELBASE.dll
0x00007fff05ac0000 - 0x00007fff05bc0000 	C:\Windows\System32\ucrtbase.dll
0x00007ffeea4e0000 - 0x00007ffeea4f9000 	C:\Program Files\Java\jdk-16.0.2\bin\VCRUNTIME140.dll
0x00007ffeea1f0000 - 0x00007ffeea208000 	C:\Program Files\Java\jdk-16.0.2\bin\jli.dll
0x00007fff06580000 - 0x00007fff0662e000 	C:\Windows\System32\ADVAPI32.dll
0x00007fff07ad0000 - 0x00007fff07b6e000 	C:\Windows\System32\msvcrt.dll
0x00007fff07190000 - 0x00007fff0722c000 	C:\Windows\System32\sechost.dll
0x00007fff06450000 - 0x00007fff06575000 	C:\Windows\System32\RPCRT4.dll
0x00007fff072f0000 - 0x00007fff07491000 	C:\Windows\System32\USER32.dll
0x00007fff05470000 - 0x00007fff05492000 	C:\Windows\System32\win32u.dll
0x00007ffeeebf0000 - 0x00007ffeeee8a000 	C:\Windows\WinSxS\amd64_microsoft.windows.common-controls_6595b64144ccf1df_6.0.19041.1110_none_60b5254171f9507e\COMCTL32.dll
0x00007fff075c0000 - 0x00007fff075eb000 	C:\Windows\System32\GDI32.dll
0x00007fff052c0000 - 0x00007fff053cd000 	C:\Windows\System32\gdi32full.dll
0x00007fff053d0000 - 0x00007fff0546d000 	C:\Windows\System32\msvcp_win.dll
0x00007fff04100000 - 0x00007fff0410a000 	C:\Windows\SYSTEM32\VERSION.dll
0x00007fff06730000 - 0x00007fff06760000 	C:\Windows\System32\IMM32.DLL
0x00007ffee4e70000 - 0x00007ffee4e7c000 	C:\Program Files\Java\jdk-16.0.2\bin\vcruntime140_1.dll
0x00007ffea9390000 - 0x00007ffea9421000 	C:\Program Files\Java\jdk-16.0.2\bin\msvcp140.dll
0x00007ffe88760000 - 0x00007ffe8930b000 	C:\Program Files\Java\jdk-16.0.2\bin\server\jvm.dll
0x00007fff063a0000 - 0x00007fff063a8000 	C:\Windows\System32\PSAPI.DLL
0x00007ffefed50000 - 0x00007ffefed59000 	C:\Windows\SYSTEM32\WSOCK32.dll
0x00007ffef53f0000 - 0x00007ffef5417000 	C:\Windows\SYSTEM32\WINMM.dll
0x00007fff07120000 - 0x00007fff0718b000 	C:\Windows\System32\WS2_32.dll
0x00007fff040c0000 - 0x00007fff040d2000 	C:\Windows\SYSTEM32\kernel.appcore.dll
0x00007ffee21a0000 - 0x00007ffee21aa000 	C:\Program Files\Java\jdk-16.0.2\bin\jimage.dll
0x00007fff02f00000 - 0x00007fff030e4000 	C:\Windows\SYSTEM32\DBGHELP.DLL
0x00007ffeebc20000 - 0x00007ffeebc4c000 	C:\Windows\SYSTEM32\dbgcore.DLL
0x00007fff054f0000 - 0x00007fff05572000 	C:\Windows\System32\bcryptPrimitives.dll
0x00007ffefe890000 - 0x00007ffefe89e000 	C:\Program Files\Java\jdk-16.0.2\bin\instrument.dll
0x00007ffed13d0000 - 0x00007ffed13f5000 	C:\Program Files\Java\jdk-16.0.2\bin\java.dll
0x00007fff05bf0000 - 0x00007fff06334000 	C:\Windows\System32\SHELL32.dll
0x00007fff031d0000 - 0x00007fff03965000 	C:\Windows\SYSTEM32\windows.storage.dll
0x00007fff06890000 - 0x00007fff06be5000 	C:\Windows\System32\combase.dll
0x00007fff04d10000 - 0x00007fff04d3e000 	C:\Windows\SYSTEM32\Wldp.dll
0x00007fff06bf0000 - 0x00007fff06c9d000 	C:\Windows\System32\SHCORE.dll
0x00007fff06340000 - 0x00007fff06395000 	C:\Windows\System32\shlwapi.dll
0x00007fff05200000 - 0x00007fff0521f000 	C:\Windows\SYSTEM32\profapi.dll
0x00007ffed04a0000 - 0x00007ffed04b8000 	C:\Program Files\Java\jdk-16.0.2\bin\zip.dll
0x00007ffeda9b0000 - 0x00007ffeda9c9000 	C:\Program Files\Java\jdk-16.0.2\bin\net.dll
0x00007ffef65b0000 - 0x00007ffef66bc000 	C:\Windows\SYSTEM32\WINHTTP.dll
0x00007fff04a70000 - 0x00007fff04ada000 	C:\Windows\system32\mswsock.dll
0x00007ffed1380000 - 0x00007ffed1393000 	C:\Program Files\Java\jdk-16.0.2\bin\nio.dll
0x00007ffefe820000 - 0x00007ffefe83a000 	C:\Program Files\JetBrains\IntelliJ IDEA Community Edition 2021.3.1\bin\breakgen64.dll
0x00007ffecd490000 - 0x00007ffecd501000 	C:\Users\xerxe\AppData\Local\Temp\lwjglxerxe\3.3.0-SNAPSHOT\lwjgl.dll
0x00007ffecd420000 - 0x00007ffecd481000 	C:\Users\xerxe\AppData\Local\Temp\lwjglxerxe\3.3.0-SNAPSHOT\glfw.dll
0x00007ffefc820000 - 0x00007ffefc865000 	C:\Windows\SYSTEM32\dinput8.dll
0x00007ffef2a20000 - 0x00007ffef2a31000 	C:\Windows\SYSTEM32\xinput1_4.dll
0x00007fff054a0000 - 0x00007fff054ee000 	C:\Windows\System32\cfgmgr32.dll
0x00007fff05080000 - 0x00007fff050b4000 	C:\Windows\SYSTEM32\DEVOBJ.dll
0x00007fff02a80000 - 0x00007fff02aaf000 	C:\Windows\SYSTEM32\dwmapi.dll
0x00007ffef1230000 - 0x00007ffef1382000 	C:\Windows\SYSTEM32\inputhost.dll
0x00007fff06f90000 - 0x00007fff0705d000 	C:\Windows\System32\OLEAUT32.dll
0x00007fff00890000 - 0x00007fff009e4000 	C:\Windows\SYSTEM32\wintypes.dll
0x00007fff02050000 - 0x00007fff02142000 	C:\Windows\SYSTEM32\CoreMessaging.dll
0x00007fff01f50000 - 0x00007fff02046000 	C:\Windows\SYSTEM32\PROPSYS.dll
0x00007fff01870000 - 0x00007fff01bce000 	C:\Windows\SYSTEM32\CoreUIComponents.dll
0x00007fff03dd0000 - 0x00007fff03e03000 	C:\Windows\SYSTEM32\ntmarta.dll
0x00007fff02780000 - 0x00007fff0281e000 	C:\Windows\system32\uxtheme.dll
0x00007fff074a0000 - 0x00007fff075b5000 	C:\Windows\System32\MSCTF.dll
0x00007ffef0d00000 - 0x00007ffef0e25000 	C:\Windows\SYSTEM32\opengl32.dll
0x00007ffefc180000 - 0x00007ffefc1ac000 	C:\Windows\SYSTEM32\GLU32.dll
0x00007fff06ee0000 - 0x00007fff06f89000 	C:\Windows\System32\clbcatq.dll
0x00007ffe878b0000 - 0x00007ffe88760000 	C:\Windows\System32\DriverStore\FileRepository\iigd_dch.inf_amd64_a446f8448ecf881c\ig9icd64.dll
0x00007fff039d0000 - 0x00007fff03ac4000 	C:\Windows\system32\dxgi.dll
0x00007ffefa430000 - 0x00007ffefa46b000 	C:\Windows\SYSTEM32\dxcore.dll
0x00007ffef66c0000 - 0x00007ffef8688000 	C:\Windows\System32\DriverStore\FileRepository\iigd_dch.inf_amd64_a446f8448ecf881c\igc64.dll
0x00007fff04880000 - 0x00007fff048cb000 	C:\Windows\SYSTEM32\powrprof.dll
0x00007fff046f0000 - 0x00007fff04702000 	C:\Windows\SYSTEM32\UMPDC.dll
0x00007ffef8690000 - 0x00007ffef87aa000 	C:\Windows\System32\DriverStore\FileRepository\iigd_dch.inf_amd64_a446f8448ecf881c\igdgmm64.dll
0x00007ffee4c50000 - 0x00007ffee4d49000 	C:\Windows\SYSTEM32\textinputframework.dll
0x00007ffeff160000 - 0x00007ffeff1c6000 	C:\Windows\system32\Oleacc.dll
0x00007ffecd3c0000 - 0x00007ffecd41d000 	C:\Users\xerxe\AppData\Local\Temp\lwjglxerxe\3.3.0-SNAPSHOT\lwjgl_opengl.dll
0x00007ffefe860000 - 0x00007ffefe870000 	C:\Program Files\Java\jdk-16.0.2\bin\verify.dll
0x0000000064a00000 - 0x000000006580f000 	C:\Users\xerxe\AppData\Local\Temp\imgui-java-natives_1643965838989\imgui-java64.dll

dbghelp: loaded successfully - version: 4.0.5 - missing functions: none
symbol engine: initialized successfully - sym options: 0x614 - pdb path: .;C:\Program Files\Java\jdk-16.0.2\bin;C:\Windows\SYSTEM32;C:\Windows\WinSxS\amd64_microsoft.windows.common-controls_6595b64144ccf1df_6.0.19041.1110_none_60b5254171f9507e;C:\Program Files\Java\jdk-16.0.2\bin\server;C:\Program Files\JetBrains\IntelliJ IDEA Community Edition 2021.3.1\bin;C:\Users\xerxe\AppData\Local\Temp\lwjglxerxe\3.3.0-SNAPSHOT;C:\Windows\System32\DriverStore\FileRepository\iigd_dch.inf_amd64_a446f8448ecf881c;C:\Users\xerxe\AppData\Local\Temp\imgui-java-natives_1643965838989

VM Arguments:
jvm_args: -javaagent:C:\Program Files\JetBrains\IntelliJ IDEA Community Edition 2021.3.1\lib\idea_rt.jar=58928:C:\Program Files\JetBrains\IntelliJ IDEA Community Edition 2021.3.1\bin -Dfile.encoding=UTF-8 
java_command: xerxes.game.engine.Main
java_class_path (initial): C:\Dev\2D_Java_Game_Engine\target\classes;C:\Users\xerxe\.m2\repository\io\github\spair\imgui-java-app\1.86.2\imgui-java-app-1.86.2.jar;C:\Users\xerxe\.m2\repository\org\lwjgl\lwjgl\3.3.0\lwjgl-3.3.0-natives-linux.jar;C:\Users\xerxe\.m2\repository\org\lwjgl\lwjgl-glfw\3.3.0\lwjgl-glfw-3.3.0-natives-linux.jar;C:\Users\xerxe\.m2\repository\org\lwjgl\lwjgl-opengl\3.3.0\lwjgl-opengl-3.3.0-natives-linux.jar;C:\Users\xerxe\.m2\repository\org\lwjgl\lwjgl\3.3.0\lwjgl-3.3.0-natives-macos.jar;C:\Users\xerxe\.m2\repository\org\lwjgl\lwjgl-glfw\3.3.0\lwjgl-glfw-3.3.0-natives-macos.jar;C:\Users\xerxe\.m2\repository\org\lwjgl\lwjgl-opengl\3.3.0\lwjgl-opengl-3.3.0-natives-macos.jar;C:\Users\xerxe\.m2\repository\io\github\spair\imgui-java-binding\1.86.2\imgui-java-binding-1.86.2.jar;C:\Users\xerxe\.m2\repository\io\github\spair\imgui-java-lwjgl3\1.86.2\imgui-java-lwjgl3-1.86.2.jar;C:\Users\xerxe\.m2\repository\org\lwjgl\lwjgl\3.3.0\lwjgl-3.3.0.jar;C:\Users\xerxe\.m2\repository\org\lwjgl\lwjgl-assimp\3.3.0\lwjgl-assimp-3.3.0.jar;C:\Users\xerxe\.m2\repository\org\lwjgl\lwjgl-glfw\3.3.0\lwjgl-glfw-3.3.0.jar;C:\Users\xerxe\.m2\repository\org\lwjgl\lwjgl-openal\3.3.0\lwjgl-openal-3.3.0.jar;C:\Users\xerxe\.m2\repository\org\lwjgl\lwjgl-opengl\3.3.0\lwjgl-opengl-3.3.0.jar;C:\Users\xerxe\.m2\repository\org\lwjgl\lwjgl-stb\3.3.0\lwjgl-stb-3.3.0.jar;C:\Users\xerxe\.m2\repository\org\lwjgl\lwjgl\3.3.0\lwjgl-3.3.0-natives-windows.jar;C:\Users\xerxe\.m2\repository\org\lwjgl\lwjgl-assimp\3.3.0\lwjgl-assimp-3.3.0-natives-windows.jar;C:\Users\xerxe\.m2\repository\org\lwjgl\lwjgl-glfw\3.3.0\lwjgl-glfw-3.3.0-natives-windows.jar;C:\Users\xerxe\.m2\repository\org\lwjgl\lwjgl-openal\3.3.0\lwjgl-openal-3.3.0-natives-windows.jar;C:\Users\xerxe\.m2\repository\org\lwjgl\lwjgl-opengl\3.3.0\lwjgl-opengl-3.3.0-natives-windows.jar;C:\Users\xerxe\.m2\repository\org\lwjgl\lwjgl-stb\3.3.0\lwjgl-stb-3.3.0-natives-windows.jar;C:\Users\xerxe\.m2\repository\org\joml\joml\1.10.3\joml-1.10.
Launcher Type: SUN_STANDARD

[Global flags]
     intx CICompilerCount                          = 4                                         {product} {ergonomic}
     uint ConcGCThreads                            = 3                                         {product} {ergonomic}
     uint G1ConcRefinementThreads                  = 10                                        {product} {ergonomic}
   size_t G1HeapRegionSize                         = 2097152                                   {product} {ergonomic}
    uintx GCDrainStackTargetSize                   = 64                                        {product} {ergonomic}
   size_t InitialHeapSize                          = 266338304                                 {product} {ergonomic}
   size_t MarkStackSize                            = 4194304                                   {product} {ergonomic}
   size_t MaxHeapSize                              = 4255121408                                {product} {ergonomic}
   size_t MaxNewSize                               = 2552233984                                {product} {ergonomic}
   size_t MinHeapDeltaBytes                        = 2097152                                   {product} {ergonomic}
   size_t MinHeapSize                              = 8388608                                   {product} {ergonomic}
    uintx NonNMethodCodeHeapSize                   = 5839372                                {pd product} {ergonomic}
    uintx NonProfiledCodeHeapSize                  = 122909434                              {pd product} {ergonomic}
    uintx ProfiledCodeHeapSize                     = 122909434                              {pd product} {ergonomic}
    uintx ReservedCodeCacheSize                    = 251658240                              {pd product} {ergonomic}
     bool SegmentedCodeCache                       = true                                      {product} {ergonomic}
   size_t SoftMaxHeapSize                          = 4255121408                             {manageable} {ergonomic}
     bool UseCompressedClassPointers               = true                           {product lp64_product} {ergonomic}
     bool UseCompressedOops                        = true                           {product lp64_product} {ergonomic}
     bool UseG1GC                                  = true                                      {product} {ergonomic}
     bool UseLargePagesIndividualAllocation        = false                                  {pd product} {ergonomic}

Logging:
Log output configuration:
 #0: stdout all=warning uptime,level,tags
 #1: stderr all=off uptime,level,tags

Environment Variables:
PATH=C:\Program Files\Common Files\Oracle\Java\javapath;C:\Program Files (x86)\Common Files\Oracle\Java\javapath;C:\Windows\system32;C:\Windows;C:\Windows\System32\Wbem;C:\Windows\System32\WindowsPowerShell\v1.0\;C:\Windows\System32\OpenSSH\;C:\Program Files (x86)\NVIDIA Corporation\PhysX\Common;C:\Program Files\NVIDIA Corporation\NVIDIA NvDLISR;C:\Windows\system32;C:\Windows;C:\Windows\System32\Wbem;C:\Windows\System32\WindowsPowerShell\v1.0\;C:\Windows\System32\OpenSSH\;C:\Program Files\nodejs\;C:\Program Files\dotnet\;C:\Program Files (x86)\Git\cmd;C:\Users\xerxe\AppData\Local\Microsoft\WindowsApps;C:\Users\xerxe\AppData\Local\Programs\Microsoft VS Code\bin;C:\Users\xerxe\AppData\Roaming\npm;C:\Users\xerxe\.dotnet\tools;C:\Gradle\gradle-7.3.3\bin;C:\ProgramData\xerxe\GitHubDesktop\bin;C:\Users\xerxe\AppData\Local\GitHubDesktop\bin;C:\Program Files\JetBrains\IntelliJ IDEA Community Edition 2021.3.1\bin;
USERNAME=xerxe
OS=Windows_NT
PROCESSOR_IDENTIFIER=Intel64 Family 6 Model 158 Stepping 10, GenuineIntel



---------------  S Y S T E M  ---------------

OS:
 Windows 10 , 64 bit Build 19041 (10.0.19041.1466)
OS uptime: 5 days 19:48 hours

CPU: total 12 (initial active 12) (6 cores per cpu, 2 threads per core) family 6 model 158 stepping 10 microcode 0xb4, cx8, cmov, fxsr, ht, mmx, 3dnowpref, sse, sse2, sse3, ssse3, sse4.1, sse4.2, popcnt, lzcnt, tsc, tscinvbit, avx, avx2, aes, erms, clmul, bmi1, bmi2, adx, fma, vzeroupper, clflush, clflushopt

Memory: 4k page, system-wide physical 16231M (6907M free)
TotalPageFile size 19303M (AvailPageFile size 6698M)
current process WorkingSet (physical memory assigned to process): 99M, peak: 99M
current process commit charge ("private bytes"): 378M, peak: 378M

vm_info: Java HotSpot(TM) 64-Bit Server VM (16.0.2+7-67) for windows-amd64 JRE (16.0.2+7-67), built on Jun  8 2021 23:24:19 by "mach5one" with MS VC++ 16.7 (VS2019)

END.
