#
# A fatal error has been detected by the Java Runtime Environment:
#
#  EXCEPTION_ACCESS_VIOLATION (0xc0000005) at pc=0x0000000064a547e8, pid=7324, tid=12080
#
# JRE version: Java(TM) SE Runtime Environment (16.0.2+7) (build 16.0.2+7-67)
# Java VM: Java HotSpot(TM) 64-Bit Server VM (16.0.2+7-67, mixed mode, sharing, tiered, compressed oops, compressed class ptrs, g1 gc, windows-amd64)
# Problematic frame:
# C  [imgui-java64.dll+0x547e8]
#
# No core dump will be written. Minidumps are not enabled by default on client versions of Windows
#
# If you would like to submit a bug report, please visit:
#   https://bugreport.java.com/bugreport/crash.jsp
# The crash happened outside the Java Virtual Machine in native code.
# See problematic frame for where to report the bug.
#

---------------  S U M M A R Y ------------

Command Line: -javaagent:C:\Program Files\JetBrains\IntelliJ IDEA Community Edition 2021.3.1\lib\idea_rt.jar=58276:C:\Program Files\JetBrains\IntelliJ IDEA Community Edition 2021.3.1\bin -Dfile.encoding=UTF-8 xerxes.game.engine.Main

Host: Intel(R) Core(TM) i7-9750H CPU @ 2.60GHz, 12 cores, 15G,  Windows 10 , 64 bit Build 19041 (10.0.19041.1466)
Time: Fri Feb  4 02:50:23 2022 Central Standard Time elapsed time: 0.907993 seconds (0d 0h 0m 0s)

---------------  T H R E A D  ---------------

Current thread (0x0000025cc91f0b10):  JavaThread "main" [_thread_in_native, id=12080, stack(0x0000009189500000,0x0000009189600000)]

Stack: [0x0000009189500000,0x0000009189600000],  sp=0x00000091895ff270,  free space=1020k
Native frames: (J=compiled Java code, j=interpreted, Vv=VM code, C=native code)
C  [imgui-java64.dll+0x547e8]

Java frames: (J=compiled Java code, j=interpreted, Vv=VM code)
j  imgui.ImGui.setNextWindowSize(FF)V+0
j  xerxes.game.engine.Main.loop()V+78
j  xerxes.game.engine.Main.run()V+5
j  xerxes.game.engine.Main.main([Ljava/lang/String;)V+7
v  ~StubRoutines::call_stub

siginfo: EXCEPTION_ACCESS_VIOLATION (0xc0000005), writing address 0x0000000000001e28


Register to memory mapping:

RIP=0x0000000064a547e8 imgui-java64.dll
RAX=0x0000000064a90d40 imgui-java64.dll
RBX=0x0 is NULL
RCX=0x00000091895ff2d8 is pointing into the stack for thread: 0x0000025cc91f0b10
RDX=0x0 is NULL
RSP=0x00000091895ff270 is pointing into the stack for thread: 0x0000025cc91f0b10
RBP=0x00000091895ff368 is pointing into the stack for thread: 0x0000025cc91f0b10
RSI=0x0 is NULL
RDI=0x00000091895ff2d8 is pointing into the stack for thread: 0x0000025cc91f0b10
R8 =0x0000000000000002 is an unknown value
R9 =0x0000000000000002 is an unknown value
R10=0x0000025cd214dcf3 is at code_begin+979 in an Interpreter codelet
method entry point (kind = native)  [0x0000025cd214d920, 0x0000025cd214e300]  2528 bytes
R11=0x0000000711748b40 is an oop: java.lang.Class 
{0x0000000711748b40} - klass: 'java/lang/Class'
R12=0x0 is NULL
R13={method} {0x0000025cf6804b50} 'setNextWindowSize' '(FF)V' in 'imgui/ImGui'
R14=0x00000091895ff390 is pointing into the stack for thread: 0x0000025cc91f0b10
R15=0x0000025cc91f0b10 is a thread


Registers:
RAX=0x0000000064a90d40, RBX=0x0000000000000000, RCX=0x00000091895ff2d8, RDX=0x0000000000000000
RSP=0x00000091895ff270, RBP=0x00000091895ff368, RSI=0x0000000000000000, RDI=0x00000091895ff2d8
R8 =0x0000000000000002, R9 =0x0000000000000002, R10=0x0000025cd214dcf3, R11=0x0000000711748b40
R12=0x0000000000000000, R13=0x0000025cf6804b48, R14=0x00000091895ff390, R15=0x0000025cc91f0b10
RIP=0x0000000064a547e8, EFLAGS=0x0000000000010246

Top of Stack: (sp=0x00000091895ff270)
0x00000091895ff270:   00000091895ff368 00007ffe88ad8ab7
0x00000091895ff280:   0000000000000cdd 0000025cd2171e7b
0x00000091895ff290:   0000025cf6804b48 0000000000000148
0x00000091895ff2a0:   000000000000000d 0000000064a90d5c
0x00000091895ff2b0:   000000000000000d 0000025cd214db79
0x00000091895ff2c0:   0000025cc91f0b00 0000025cf6804b48
0x00000091895ff2d0:   0000025cf6804b48 43c8000043fa0000
0x00000091895ff2e0:   000000000000000d 0000025cd214dd22
0x00000091895ff2f0:   0000025cf6804b48 0000000000000148
0x00000091895ff300:   0000000000000000 0000000711686a00
0x00000091895ff310:   0000025ceebdff40 0000025cd214d9d6
0x00000091895ff320:   00000091895ff320 0000025cf6804b48
0x00000091895ff330:   00000091895ff390 0000025cf6838000
0x00000091895ff340:   0000000000000000 0000000711748b40
0x00000091895ff350:   0000025cf6804b48 0000000000000000
0x00000091895ff360:   00000091895ff388 00000091895ff3e0 

Instructions: (pc=0x0000000064a547e8)
0x0000000064a546e8:   89 83 44 1e 00 00 89 b3 2c 1e 00 00 c6 83 64 1e
0x0000000064a546f8:   00 00 01 48 83 c4 28 5b 5e 5f 5d c3 0f 1f 40 00
0x0000000064a54708:   e8 d3 b8 13 00 84 c0 75 47 41 b8 3b 1e 00 00 48
0x0000000064a54718:   8d 15 e2 c9 4b 00 48 8d 0d 7b f1 4b 00 ff 15 ed
0x0000000064a54728:   2f db 00 eb a5 0f 1f 00 48 8b 01 83 8b 28 1e 00
0x0000000064a54738:   00 01 be 01 00 00 00 48 89 83 3c 1e 00 00 49 8b
0x0000000064a54748:   00 48 89 83 44 1e 00 00 eb 9c 66 0f 1f 44 00 00
0x0000000064a54758:   4c 8d 05 a1 c9 4b 00 ba 3b 1e 00 00 48 8d 0d 35
0x0000000064a54768:   f1 4b 00 e8 90 b7 13 00 e9 5d ff ff ff 66 66 2e
0x0000000064a54778:   0f 1f 84 00 00 00 00 00 57 56 53 48 83 ec 20 48
0x0000000064a54788:   8b 35 ba 49 56 00 48 89 cf 89 d3 85 d2 74 51 8d
0x0000000064a54798:   42 ff 85 d0 75 22 83 8e 28 1e 00 00 02 48 8b 07
0x0000000064a547a8:   89 9e 30 1e 00 00 48 89 86 4c 1e 00 00 48 83 c4
0x0000000064a547b8:   20 5b 5e 5f c3 0f 1f 00 e8 1b b8 13 00 84 c0 75
0x0000000064a547c8:   47 41 b8 46 1e 00 00 48 8d 15 2a c9 4b 00 48 8d
0x0000000064a547d8:   0d c3 f0 4b 00 ff 15 35 2f db 00 eb b9 0f 1f 00
0x0000000064a547e8:   83 8e 28 1e 00 00 02 48 8b 01 bb 01 00 00 00 89
0x0000000064a547f8:   9e 30 1e 00 00 48 89 86 4c 1e 00 00 48 83 c4 20
0x0000000064a54808:   5b 5e 5f c3 0f 1f 40 00 4c 8d 05 e9 c8 4b 00 ba
0x0000000064a54818:   46 1e 00 00 48 8d 0d 7d f0 4b 00 e8 d8 b6 13 00
0x0000000064a54828:   e9 71 ff ff ff 0f 1f 00 48 8b 05 11 49 56 00 83
0x0000000064a54838:   88 28 1e 00 00 10 48 8b 09 48 8b 12 48 89 88 68
0x0000000064a54848:   1e 00 00 48 89 90 70 1e 00 00 4c 89 80 78 1e 00
0x0000000064a54858:   00 4c 89 88 80 1e 00 00 c3 66 66 2e 0f 1f 84 00
0x0000000064a54868:   00 00 00 00 0f 1f 40 00 66 0f ef c0 48 8b 05 cd
0x0000000064a54878:   48 56 00 66 0f ef c9 f3 0f 2c 51 04 83 88 28 1e
0x0000000064a54888:   00 00 04 f3 0f 2a c2 f3 0f 2c 11 f3 0f 11 80 58
0x0000000064a54898:   1e 00 00 f3 0f 2a ca f3 0f 11 88 54 1e 00 00 c3
0x0000000064a548a8:   0f 1f 84 00 00 00 00 00 48 8b 05 91 48 56 00 81
0x0000000064a548b8:   88 28 1e 00 00 80 00 00 00 48 8b 11 48 89 90 5c
0x0000000064a548c8:   1e 00 00 c3 0f 1f 40 00 57 56 53 48 83 ec 20 48
0x0000000064a548d8:   8b 35 6a 48 56 00 89 cf 89 d3 85 d2 74 52 8d 42 


Stack slot to memory mapping:
stack at sp + 0 slots: 0x00000091895ff368 is pointing into the stack for thread: 0x0000025cc91f0b10
stack at sp + 1 slots: 0x00007ffe88ad8ab7 jvm.dll
stack at sp + 2 slots: 0x0000000000000cdd is an unknown value
stack at sp + 3 slots: 0x0000025cd2171e7b is at code_begin+4603 in 
[CodeBlob (0x0000025cd2170c10)]
Framesize: 0
BufferBlob (0x0000025cd2170c10) used for native signature handlers
stack at sp + 4 slots: {method} {0x0000025cf6804b50} 'setNextWindowSize' '(FF)V' in 'imgui/ImGui'
stack at sp + 5 slots: 0x0000000000000148 is an unknown value
stack at sp + 6 slots: 0x000000000000000d is an unknown value
stack at sp + 7 slots: 0x0000000064a90d5c imgui-java64.dll


---------------  P R O C E S S  ---------------

Threads class SMR info:
_java_thread_list=0x0000025ceee39f90, length=13, elements={
0x0000025cc91f0b10, 0x0000025cee196660, 0x0000025cee197520, 0x0000025cee1a2430,
0x0000025cee1a3f50, 0x0000025cee1a6960, 0x0000025cee1a7360, 0x0000025cee1a8140,
0x0000025cee1ac130, 0x0000025cee1d6ba0, 0x0000025ceecf85a0, 0x0000025ceeed2fb0,
0x0000025ceeed58e0
}

Java Threads: ( => current thread )
=>0x0000025cc91f0b10 JavaThread "main" [_thread_in_native, id=12080, stack(0x0000009189500000,0x0000009189600000)]
  0x0000025cee196660 JavaThread "Reference Handler" daemon [_thread_blocked, id=24148, stack(0x0000009189c00000,0x0000009189d00000)]
  0x0000025cee197520 JavaThread "Finalizer" daemon [_thread_blocked, id=2720, stack(0x0000009189d00000,0x0000009189e00000)]
  0x0000025cee1a2430 JavaThread "Signal Dispatcher" daemon [_thread_blocked, id=7236, stack(0x0000009189e00000,0x0000009189f00000)]
  0x0000025cee1a3f50 JavaThread "Attach Listener" daemon [_thread_blocked, id=1352, stack(0x0000009189f00000,0x000000918a000000)]
  0x0000025cee1a6960 JavaThread "Service Thread" daemon [_thread_blocked, id=7712, stack(0x000000918a000000,0x000000918a100000)]
  0x0000025cee1a7360 JavaThread "Monitor Deflation Thread" daemon [_thread_blocked, id=14204, stack(0x000000918a100000,0x000000918a200000)]
  0x0000025cee1a8140 JavaThread "C2 CompilerThread0" daemon [_thread_blocked, id=10284, stack(0x000000918a200000,0x000000918a300000)]
  0x0000025cee1ac130 JavaThread "C1 CompilerThread0" daemon [_thread_blocked, id=22128, stack(0x000000918a300000,0x000000918a400000)]
  0x0000025cee1d6ba0 JavaThread "Sweeper thread" daemon [_thread_blocked, id=17248, stack(0x000000918a400000,0x000000918a500000)]
  0x0000025ceecf85a0 JavaThread "Common-Cleaner" daemon [_thread_blocked, id=13372, stack(0x000000918a500000,0x000000918a600000)]
  0x0000025ceeed2fb0 JavaThread "Monitor Ctrl-Break" daemon [_thread_in_native, id=10880, stack(0x000000918a600000,0x000000918a700000)]
  0x0000025ceeed58e0 JavaThread "Notification Thread" daemon [_thread_blocked, id=9792, stack(0x000000918a700000,0x000000918a800000)]

Other Threads:
  0x0000025cee191a10 VMThread "VM Thread" [stack: 0x0000009189b00000,0x0000009189c00000] [id=13424]
  0x0000025ceee19ac0 WatcherThread [stack: 0x000000918a800000,0x000000918a900000] [id=6684]
  0x0000025cc9242300 GCTaskThread "GC Thread#0" [stack: 0x0000009189600000,0x0000009189700000] [id=24656]
  0x0000025cc901def0 ConcurrentGCThread "G1 Main Marker" [stack: 0x0000009189700000,0x0000009189800000] [id=1524]
  0x0000025cc92519a0 ConcurrentGCThread "G1 Conc#0" [stack: 0x0000009189800000,0x0000009189900000] [id=5184]
  0x0000025cc92ce310 ConcurrentGCThread "G1 Refine#0" [stack: 0x0000009189900000,0x0000009189a00000] [id=13332]
  0x0000025cee0444d0 ConcurrentGCThread "G1 Service" [stack: 0x0000009189a00000,0x0000009189b00000] [id=22004]

Threads with active compile tasks:

VM state: not at safepoint (normal execution)

VM Mutex/Monitor currently owned by a thread: None

Heap address: 0x0000000702600000, size: 4058 MB, Compressed Oops mode: Zero based, Oop shift amount: 3

CDS archive(s) mapped at: [0x0000000800000000-0x0000000800bb0000-0x0000000800bb0000), size 12255232, SharedBaseAddress: 0x0000000800000000, ArchiveRelocationMode: 0.
Compressed class space mapped at: 0x0000000800c00000-0x0000000840c00000, reserved size: 1073741824
Narrow klass base: 0x0000000800000000, Narrow klass shift: 3, Narrow klass range: 0x100000000

GC Precious Log:
 CPUs: 12 total, 12 available
 Memory: 16231M
 Large Page Support: Disabled
 NUMA Support: Disabled
 Compressed Oops: Enabled (Zero based)
 Heap Region Size: 2M
 Heap Min Capacity: 8M
 Heap Initial Capacity: 254M
 Heap Max Capacity: 4058M
 Pre-touch: Disabled
 Parallel Workers: 10
 Concurrent Workers: 3
 Concurrent Refinement Workers: 10
 Periodic GC: Disabled

Heap:
 garbage-first heap   total 260096K, used 10240K [0x0000000702600000, 0x0000000800000000)
  region size 2048K, 7 young (14336K), 0 survivors (0K)
 Metaspace       used 6561K, committed 6784K, reserved 1064960K
  class space    used 314K, committed 448K, reserved 1048576K

Heap Regions: E=young(eden), S=young(survivor), O=old, HS=humongous(starts), HC=humongous(continues), CS=collection set, F=free, OA=open archive, CA=closed archive, TAMS=top-at-mark-start (previous, next)
|   0|0x0000000702600000, 0x0000000702600000, 0x0000000702800000|  0%| F|  |TAMS 0x0000000702600000, 0x0000000702600000| Untracked 
|   1|0x0000000702800000, 0x0000000702800000, 0x0000000702a00000|  0%| F|  |TAMS 0x0000000702800000, 0x0000000702800000| Untracked 
|   2|0x0000000702a00000, 0x0000000702a00000, 0x0000000702c00000|  0%| F|  |TAMS 0x0000000702a00000, 0x0000000702a00000| Untracked 
|   3|0x0000000702c00000, 0x0000000702c00000, 0x0000000702e00000|  0%| F|  |TAMS 0x0000000702c00000, 0x0000000702c00000| Untracked 
|   4|0x0000000702e00000, 0x0000000702e00000, 0x0000000703000000|  0%| F|  |TAMS 0x0000000702e00000, 0x0000000702e00000| Untracked 
|   5|0x0000000703000000, 0x0000000703000000, 0x0000000703200000|  0%| F|  |TAMS 0x0000000703000000, 0x0000000703000000| Untracked 
|   6|0x0000000703200000, 0x0000000703200000, 0x0000000703400000|  0%| F|  |TAMS 0x0000000703200000, 0x0000000703200000| Untracked 
|   7|0x0000000703400000, 0x0000000703400000, 0x0000000703600000|  0%| F|  |TAMS 0x0000000703400000, 0x0000000703400000| Untracked 
|   8|0x0000000703600000, 0x0000000703600000, 0x0000000703800000|  0%| F|  |TAMS 0x0000000703600000, 0x0000000703600000| Untracked 
|   9|0x0000000703800000, 0x0000000703800000, 0x0000000703a00000|  0%| F|  |TAMS 0x0000000703800000, 0x0000000703800000| Untracked 
|  10|0x0000000703a00000, 0x0000000703a00000, 0x0000000703c00000|  0%| F|  |TAMS 0x0000000703a00000, 0x0000000703a00000| Untracked 
|  11|0x0000000703c00000, 0x0000000703c00000, 0x0000000703e00000|  0%| F|  |TAMS 0x0000000703c00000, 0x0000000703c00000| Untracked 
|  12|0x0000000703e00000, 0x0000000703e00000, 0x0000000704000000|  0%| F|  |TAMS 0x0000000703e00000, 0x0000000703e00000| Untracked 
|  13|0x0000000704000000, 0x0000000704000000, 0x0000000704200000|  0%| F|  |TAMS 0x0000000704000000, 0x0000000704000000| Untracked 
|  14|0x0000000704200000, 0x0000000704200000, 0x0000000704400000|  0%| F|  |TAMS 0x0000000704200000, 0x0000000704200000| Untracked 
|  15|0x0000000704400000, 0x0000000704400000, 0x0000000704600000|  0%| F|  |TAMS 0x0000000704400000, 0x0000000704400000| Untracked 
|  16|0x0000000704600000, 0x0000000704600000, 0x0000000704800000|  0%| F|  |TAMS 0x0000000704600000, 0x0000000704600000| Untracked 
|  17|0x0000000704800000, 0x0000000704800000, 0x0000000704a00000|  0%| F|  |TAMS 0x0000000704800000, 0x0000000704800000| Untracked 
|  18|0x0000000704a00000, 0x0000000704a00000, 0x0000000704c00000|  0%| F|  |TAMS 0x0000000704a00000, 0x0000000704a00000| Untracked 
|  19|0x0000000704c00000, 0x0000000704c00000, 0x0000000704e00000|  0%| F|  |TAMS 0x0000000704c00000, 0x0000000704c00000| Untracked 
|  20|0x0000000704e00000, 0x0000000704e00000, 0x0000000705000000|  0%| F|  |TAMS 0x0000000704e00000, 0x0000000704e00000| Untracked 
|  21|0x0000000705000000, 0x0000000705000000, 0x0000000705200000|  0%| F|  |TAMS 0x0000000705000000, 0x0000000705000000| Untracked 
|  22|0x0000000705200000, 0x0000000705200000, 0x0000000705400000|  0%| F|  |TAMS 0x0000000705200000, 0x0000000705200000| Untracked 
|  23|0x0000000705400000, 0x0000000705400000, 0x0000000705600000|  0%| F|  |TAMS 0x0000000705400000, 0x0000000705400000| Untracked 
|  24|0x0000000705600000, 0x0000000705600000, 0x0000000705800000|  0%| F|  |TAMS 0x0000000705600000, 0x0000000705600000| Untracked 
|  25|0x0000000705800000, 0x0000000705800000, 0x0000000705a00000|  0%| F|  |TAMS 0x0000000705800000, 0x0000000705800000| Untracked 
|  26|0x0000000705a00000, 0x0000000705a00000, 0x0000000705c00000|  0%| F|  |TAMS 0x0000000705a00000, 0x0000000705a00000| Untracked 
|  27|0x0000000705c00000, 0x0000000705c00000, 0x0000000705e00000|  0%| F|  |TAMS 0x0000000705c00000, 0x0000000705c00000| Untracked 
|  28|0x0000000705e00000, 0x0000000705e00000, 0x0000000706000000|  0%| F|  |TAMS 0x0000000705e00000, 0x0000000705e00000| Untracked 
|  29|0x0000000706000000, 0x0000000706000000, 0x0000000706200000|  0%| F|  |TAMS 0x0000000706000000, 0x0000000706000000| Untracked 
|  30|0x0000000706200000, 0x0000000706200000, 0x0000000706400000|  0%| F|  |TAMS 0x0000000706200000, 0x0000000706200000| Untracked 
|  31|0x0000000706400000, 0x0000000706400000, 0x0000000706600000|  0%| F|  |TAMS 0x0000000706400000, 0x0000000706400000| Untracked 
|  32|0x0000000706600000, 0x0000000706600000, 0x0000000706800000|  0%| F|  |TAMS 0x0000000706600000, 0x0000000706600000| Untracked 
|  33|0x0000000706800000, 0x0000000706800000, 0x0000000706a00000|  0%| F|  |TAMS 0x0000000706800000, 0x0000000706800000| Untracked 
|  34|0x0000000706a00000, 0x0000000706a00000, 0x0000000706c00000|  0%| F|  |TAMS 0x0000000706a00000, 0x0000000706a00000| Untracked 
|  35|0x0000000706c00000, 0x0000000706c00000, 0x0000000706e00000|  0%| F|  |TAMS 0x0000000706c00000, 0x0000000706c00000| Untracked 
|  36|0x0000000706e00000, 0x0000000706e00000, 0x0000000707000000|  0%| F|  |TAMS 0x0000000706e00000, 0x0000000706e00000| Untracked 
|  37|0x0000000707000000, 0x0000000707000000, 0x0000000707200000|  0%| F|  |TAMS 0x0000000707000000, 0x0000000707000000| Untracked 
|  38|0x0000000707200000, 0x0000000707200000, 0x0000000707400000|  0%| F|  |TAMS 0x0000000707200000, 0x0000000707200000| Untracked 
|  39|0x0000000707400000, 0x0000000707400000, 0x0000000707600000|  0%| F|  |TAMS 0x0000000707400000, 0x0000000707400000| Untracked 
|  40|0x0000000707600000, 0x0000000707600000, 0x0000000707800000|  0%| F|  |TAMS 0x0000000707600000, 0x0000000707600000| Untracked 
|  41|0x0000000707800000, 0x0000000707800000, 0x0000000707a00000|  0%| F|  |TAMS 0x0000000707800000, 0x0000000707800000| Untracked 
|  42|0x0000000707a00000, 0x0000000707a00000, 0x0000000707c00000|  0%| F|  |TAMS 0x0000000707a00000, 0x0000000707a00000| Untracked 
|  43|0x0000000707c00000, 0x0000000707c00000, 0x0000000707e00000|  0%| F|  |TAMS 0x0000000707c00000, 0x0000000707c00000| Untracked 
|  44|0x0000000707e00000, 0x0000000707e00000, 0x0000000708000000|  0%| F|  |TAMS 0x0000000707e00000, 0x0000000707e00000| Untracked 
|  45|0x0000000708000000, 0x0000000708000000, 0x0000000708200000|  0%| F|  |TAMS 0x0000000708000000, 0x0000000708000000| Untracked 
|  46|0x0000000708200000, 0x0000000708200000, 0x0000000708400000|  0%| F|  |TAMS 0x0000000708200000, 0x0000000708200000| Untracked 
|  47|0x0000000708400000, 0x0000000708400000, 0x0000000708600000|  0%| F|  |TAMS 0x0000000708400000, 0x0000000708400000| Untracked 
|  48|0x0000000708600000, 0x0000000708600000, 0x0000000708800000|  0%| F|  |TAMS 0x0000000708600000, 0x0000000708600000| Untracked 
|  49|0x0000000708800000, 0x0000000708800000, 0x0000000708a00000|  0%| F|  |TAMS 0x0000000708800000, 0x0000000708800000| Untracked 
|  50|0x0000000708a00000, 0x0000000708a00000, 0x0000000708c00000|  0%| F|  |TAMS 0x0000000708a00000, 0x0000000708a00000| Untracked 
|  51|0x0000000708c00000, 0x0000000708c00000, 0x0000000708e00000|  0%| F|  |TAMS 0x0000000708c00000, 0x0000000708c00000| Untracked 
|  52|0x0000000708e00000, 0x0000000708e00000, 0x0000000709000000|  0%| F|  |TAMS 0x0000000708e00000, 0x0000000708e00000| Untracked 
|  53|0x0000000709000000, 0x0000000709000000, 0x0000000709200000|  0%| F|  |TAMS 0x0000000709000000, 0x0000000709000000| Untracked 
|  54|0x0000000709200000, 0x0000000709200000, 0x0000000709400000|  0%| F|  |TAMS 0x0000000709200000, 0x0000000709200000| Untracked 
|  55|0x0000000709400000, 0x0000000709400000, 0x0000000709600000|  0%| F|  |TAMS 0x0000000709400000, 0x0000000709400000| Untracked 
|  56|0x0000000709600000, 0x0000000709600000, 0x0000000709800000|  0%| F|  |TAMS 0x0000000709600000, 0x0000000709600000| Untracked 
|  57|0x0000000709800000, 0x0000000709800000, 0x0000000709a00000|  0%| F|  |TAMS 0x0000000709800000, 0x0000000709800000| Untracked 
|  58|0x0000000709a00000, 0x0000000709a00000, 0x0000000709c00000|  0%| F|  |TAMS 0x0000000709a00000, 0x0000000709a00000| Untracked 
|  59|0x0000000709c00000, 0x0000000709c00000, 0x0000000709e00000|  0%| F|  |TAMS 0x0000000709c00000, 0x0000000709c00000| Untracked 
|  60|0x0000000709e00000, 0x0000000709e00000, 0x000000070a000000|  0%| F|  |TAMS 0x0000000709e00000, 0x0000000709e00000| Untracked 
|  61|0x000000070a000000, 0x000000070a000000, 0x000000070a200000|  0%| F|  |TAMS 0x000000070a000000, 0x000000070a000000| Untracked 
|  62|0x000000070a200000, 0x000000070a200000, 0x000000070a400000|  0%| F|  |TAMS 0x000000070a200000, 0x000000070a200000| Untracked 
|  63|0x000000070a400000, 0x000000070a400000, 0x000000070a600000|  0%| F|  |TAMS 0x000000070a400000, 0x000000070a400000| Untracked 
|  64|0x000000070a600000, 0x000000070a600000, 0x000000070a800000|  0%| F|  |TAMS 0x000000070a600000, 0x000000070a600000| Untracked 
|  65|0x000000070a800000, 0x000000070a800000, 0x000000070aa00000|  0%| F|  |TAMS 0x000000070a800000, 0x000000070a800000| Untracked 
|  66|0x000000070aa00000, 0x000000070aa00000, 0x000000070ac00000|  0%| F|  |TAMS 0x000000070aa00000, 0x000000070aa00000| Untracked 
|  67|0x000000070ac00000, 0x000000070ac00000, 0x000000070ae00000|  0%| F|  |TAMS 0x000000070ac00000, 0x000000070ac00000| Untracked 
|  68|0x000000070ae00000, 0x000000070ae00000, 0x000000070b000000|  0%| F|  |TAMS 0x000000070ae00000, 0x000000070ae00000| Untracked 
|  69|0x000000070b000000, 0x000000070b000000, 0x000000070b200000|  0%| F|  |TAMS 0x000000070b000000, 0x000000070b000000| Untracked 
|  70|0x000000070b200000, 0x000000070b200000, 0x000000070b400000|  0%| F|  |TAMS 0x000000070b200000, 0x000000070b200000| Untracked 
|  71|0x000000070b400000, 0x000000070b400000, 0x000000070b600000|  0%| F|  |TAMS 0x000000070b400000, 0x000000070b400000| Untracked 
|  72|0x000000070b600000, 0x000000070b600000, 0x000000070b800000|  0%| F|  |TAMS 0x000000070b600000, 0x000000070b600000| Untracked 
|  73|0x000000070b800000, 0x000000070b800000, 0x000000070ba00000|  0%| F|  |TAMS 0x000000070b800000, 0x000000070b800000| Untracked 
|  74|0x000000070ba00000, 0x000000070ba00000, 0x000000070bc00000|  0%| F|  |TAMS 0x000000070ba00000, 0x000000070ba00000| Untracked 
|  75|0x000000070bc00000, 0x000000070bc00000, 0x000000070be00000|  0%| F|  |TAMS 0x000000070bc00000, 0x000000070bc00000| Untracked 
|  76|0x000000070be00000, 0x000000070be00000, 0x000000070c000000|  0%| F|  |TAMS 0x000000070be00000, 0x000000070be00000| Untracked 
|  77|0x000000070c000000, 0x000000070c000000, 0x000000070c200000|  0%| F|  |TAMS 0x000000070c000000, 0x000000070c000000| Untracked 
|  78|0x000000070c200000, 0x000000070c200000, 0x000000070c400000|  0%| F|  |TAMS 0x000000070c200000, 0x000000070c200000| Untracked 
|  79|0x000000070c400000, 0x000000070c400000, 0x000000070c600000|  0%| F|  |TAMS 0x000000070c400000, 0x000000070c400000| Untracked 
|  80|0x000000070c600000, 0x000000070c600000, 0x000000070c800000|  0%| F|  |TAMS 0x000000070c600000, 0x000000070c600000| Untracked 
|  81|0x000000070c800000, 0x000000070c800000, 0x000000070ca00000|  0%| F|  |TAMS 0x000000070c800000, 0x000000070c800000| Untracked 
|  82|0x000000070ca00000, 0x000000070ca00000, 0x000000070cc00000|  0%| F|  |TAMS 0x000000070ca00000, 0x000000070ca00000| Untracked 
|  83|0x000000070cc00000, 0x000000070cc00000, 0x000000070ce00000|  0%| F|  |TAMS 0x000000070cc00000, 0x000000070cc00000| Untracked 
|  84|0x000000070ce00000, 0x000000070ce00000, 0x000000070d000000|  0%| F|  |TAMS 0x000000070ce00000, 0x000000070ce00000| Untracked 
|  85|0x000000070d000000, 0x000000070d000000, 0x000000070d200000|  0%| F|  |TAMS 0x000000070d000000, 0x000000070d000000| Untracked 
|  86|0x000000070d200000, 0x000000070d200000, 0x000000070d400000|  0%| F|  |TAMS 0x000000070d200000, 0x000000070d200000| Untracked 
|  87|0x000000070d400000, 0x000000070d400000, 0x000000070d600000|  0%| F|  |TAMS 0x000000070d400000, 0x000000070d400000| Untracked 
|  88|0x000000070d600000, 0x000000070d600000, 0x000000070d800000|  0%| F|  |TAMS 0x000000070d600000, 0x000000070d600000| Untracked 
|  89|0x000000070d800000, 0x000000070d800000, 0x000000070da00000|  0%| F|  |TAMS 0x000000070d800000, 0x000000070d800000| Untracked 
|  90|0x000000070da00000, 0x000000070da00000, 0x000000070dc00000|  0%| F|  |TAMS 0x000000070da00000, 0x000000070da00000| Untracked 
|  91|0x000000070dc00000, 0x000000070dc00000, 0x000000070de00000|  0%| F|  |TAMS 0x000000070dc00000, 0x000000070dc00000| Untracked 
|  92|0x000000070de00000, 0x000000070de00000, 0x000000070e000000|  0%| F|  |TAMS 0x000000070de00000, 0x000000070de00000| Untracked 
|  93|0x000000070e000000, 0x000000070e000000, 0x000000070e200000|  0%| F|  |TAMS 0x000000070e000000, 0x000000070e000000| Untracked 
|  94|0x000000070e200000, 0x000000070e200000, 0x000000070e400000|  0%| F|  |TAMS 0x000000070e200000, 0x000000070e200000| Untracked 
|  95|0x000000070e400000, 0x000000070e400000, 0x000000070e600000|  0%| F|  |TAMS 0x000000070e400000, 0x000000070e400000| Untracked 
|  96|0x000000070e600000, 0x000000070e600000, 0x000000070e800000|  0%| F|  |TAMS 0x000000070e600000, 0x000000070e600000| Untracked 
|  97|0x000000070e800000, 0x000000070e800000, 0x000000070ea00000|  0%| F|  |TAMS 0x000000070e800000, 0x000000070e800000| Untracked 
|  98|0x000000070ea00000, 0x000000070ea00000, 0x000000070ec00000|  0%| F|  |TAMS 0x000000070ea00000, 0x000000070ea00000| Untracked 
|  99|0x000000070ec00000, 0x000000070ec00000, 0x000000070ee00000|  0%| F|  |TAMS 0x000000070ec00000, 0x000000070ec00000| Untracked 
| 100|0x000000070ee00000, 0x000000070ee00000, 0x000000070f000000|  0%| F|  |TAMS 0x000000070ee00000, 0x000000070ee00000| Untracked 
| 101|0x000000070f000000, 0x000000070f000000, 0x000000070f200000|  0%| F|  |TAMS 0x000000070f000000, 0x000000070f000000| Untracked 
| 102|0x000000070f200000, 0x000000070f200000, 0x000000070f400000|  0%| F|  |TAMS 0x000000070f200000, 0x000000070f200000| Untracked 
| 103|0x000000070f400000, 0x000000070f400000, 0x000000070f600000|  0%| F|  |TAMS 0x000000070f400000, 0x000000070f400000| Untracked 
| 104|0x000000070f600000, 0x000000070f600000, 0x000000070f800000|  0%| F|  |TAMS 0x000000070f600000, 0x000000070f600000| Untracked 
| 105|0x000000070f800000, 0x000000070f800000, 0x000000070fa00000|  0%| F|  |TAMS 0x000000070f800000, 0x000000070f800000| Untracked 
| 106|0x000000070fa00000, 0x000000070fa00000, 0x000000070fc00000|  0%| F|  |TAMS 0x000000070fa00000, 0x000000070fa00000| Untracked 
| 107|0x000000070fc00000, 0x000000070fc00000, 0x000000070fe00000|  0%| F|  |TAMS 0x000000070fc00000, 0x000000070fc00000| Untracked 
| 108|0x000000070fe00000, 0x000000070fe00000, 0x0000000710000000|  0%| F|  |TAMS 0x000000070fe00000, 0x000000070fe00000| Untracked 
| 109|0x0000000710000000, 0x0000000710000000, 0x0000000710200000|  0%| F|  |TAMS 0x0000000710000000, 0x0000000710000000| Untracked 
| 110|0x0000000710200000, 0x0000000710200000, 0x0000000710400000|  0%| F|  |TAMS 0x0000000710200000, 0x0000000710200000| Untracked 
| 111|0x0000000710400000, 0x0000000710400000, 0x0000000710600000|  0%| F|  |TAMS 0x0000000710400000, 0x0000000710400000| Untracked 
| 112|0x0000000710600000, 0x0000000710600000, 0x0000000710800000|  0%| F|  |TAMS 0x0000000710600000, 0x0000000710600000| Untracked 
| 113|0x0000000710800000, 0x0000000710800000, 0x0000000710a00000|  0%| F|  |TAMS 0x0000000710800000, 0x0000000710800000| Untracked 
| 114|0x0000000710a00000, 0x0000000710a00000, 0x0000000710c00000|  0%| F|  |TAMS 0x0000000710a00000, 0x0000000710a00000| Untracked 
| 115|0x0000000710c00000, 0x0000000710c00000, 0x0000000710e00000|  0%| F|  |TAMS 0x0000000710c00000, 0x0000000710c00000| Untracked 
| 116|0x0000000710e00000, 0x0000000710e00000, 0x0000000711000000|  0%| F|  |TAMS 0x0000000710e00000, 0x0000000710e00000| Untracked 
| 117|0x0000000711000000, 0x0000000711000000, 0x0000000711200000|  0%| F|  |TAMS 0x0000000711000000, 0x0000000711000000| Untracked 
| 118|0x0000000711200000, 0x0000000711200000, 0x0000000711400000|  0%| F|  |TAMS 0x0000000711200000, 0x0000000711200000| Untracked 
| 119|0x0000000711400000, 0x0000000711400000, 0x0000000711600000|  0%| F|  |TAMS 0x0000000711400000, 0x0000000711400000| Untracked 
| 120|0x0000000711600000, 0x00000007117d5e48, 0x0000000711800000| 91%| E|  |TAMS 0x0000000711600000, 0x0000000711600000| Complete 
| 121|0x0000000711800000, 0x0000000711a00000, 0x0000000711a00000|100%| E|CS|TAMS 0x0000000711800000, 0x0000000711800000| Complete 
| 122|0x0000000711a00000, 0x0000000711c00000, 0x0000000711c00000|100%| E|  |TAMS 0x0000000711a00000, 0x0000000711a00000| Complete 
| 123|0x0000000711c00000, 0x0000000711e00000, 0x0000000711e00000|100%| E|CS|TAMS 0x0000000711c00000, 0x0000000711c00000| Complete 
| 124|0x0000000711e00000, 0x0000000712000000, 0x0000000712000000|100%| E|CS|TAMS 0x0000000711e00000, 0x0000000711e00000| Complete 
| 125|0x0000000712000000, 0x0000000712200000, 0x0000000712200000|100%| E|CS|TAMS 0x0000000712000000, 0x0000000712000000| Complete 
| 126|0x0000000712200000, 0x0000000712400000, 0x0000000712400000|100%| E|CS|TAMS 0x0000000712200000, 0x0000000712200000| Complete 

Card table byte_map: [0x0000025ce25e0000,0x0000025ce2dd0000] _byte_map_base: 0x0000025cdedcd000

Marking Bits (Prev, Next): (CMBitMap*) 0x0000025cc92429f0, (CMBitMap*) 0x0000025cc9242a30
 Prev Bits: [0x0000025ce35c0000, 0x0000025ce7528000)
 Next Bits: [0x0000025ce7530000, 0x0000025ceb498000)

Polling page: 0x0000025cc92d0000

Metaspace:

Usage:
  Non-class:      6.10 MB used.
      Class:    314.23 KB used.
       Both:      6.41 MB used.

Virtual space:
  Non-class space:       16.00 MB reserved,       6.19 MB ( 39%) committed,  2 nodes.
      Class space:        1.00 GB reserved,     448.00 KB ( <1%) committed,  1 nodes.
              Both:        1.02 GB reserved,       6.62 MB ( <1%) committed. 

Chunk freelists:
   Non-Class:  3.61 MB
       Class:  3.55 MB
        Both:  7.16 MB

MaxMetaspaceSize: 17179869184.00 GB
CompressedClassSpaceSize: 1.00 GB
 - commit_granule_bytes: 65536.
 - commit_granule_words: 8192.
 - virtual_space_node_default_size: 1048576.
 - enlarge_chunks_in_place: 1.
 - new_chunks_are_fully_committed: 0.
 - uncommit_free_chunks: 1.
 - use_allocation_guard: 0.
 - handle_deallocations: 1.


Internal statistics:

num_allocs_failed_limit: 0.
num_arena_births: 70.
num_arena_deaths: 0.
num_vsnodes_births: 3.
num_vsnodes_deaths: 0.
num_space_committed: 104.
num_space_uncommitted: 0.
num_chunks_returned_to_freelist: 0.
num_chunks_taken_from_freelist: 254.
num_chunk_merges: 0.
num_chunk_splits: 187.
num_chunks_enlarged: 145.
num_purges: 0.

CodeHeap 'non-profiled nmethods': size=120000Kb used=231Kb max_used=231Kb free=119768Kb
 bounds [0x0000025cd9c10000, 0x0000025cd9e80000, 0x0000025ce1140000]
CodeHeap 'profiled nmethods': size=120000Kb used=1276Kb max_used=1276Kb free=118723Kb
 bounds [0x0000025cd26e0000, 0x0000025cd2950000, 0x0000025cd9c10000]
CodeHeap 'non-nmethods': size=5760Kb used=1762Kb max_used=1762Kb free=3997Kb
 bounds [0x0000025cd2140000, 0x0000025cd23b0000, 0x0000025cd26e0000]
 total_blobs=2038 nmethods=800 adapters=1151
 compilation: enabled
              stopped_count=0, restarted_count=0
 full_count=0

Compilation events (20 events):
Event: 0.892 Thread 0x0000025cee1a8140 nmethod 790 0x0000025cd9c49b10 code [0x0000025cd9c49ca0, 0x0000025cd9c49d58]
Event: 0.892 Thread 0x0000025cee1ac130  791       3       java.net.URL::<init> (8 bytes)
Event: 0.892 Thread 0x0000025cee1ac130 nmethod 791 0x0000025cd2816b90 code [0x0000025cd2816d40, 0x0000025cd2816e88]
Event: 0.893 Thread 0x0000025cee1ac130  792       3       jdk.internal.ref.PhantomCleanable::<init> (49 bytes)
Event: 0.893 Thread 0x0000025cee1ac130 nmethod 792 0x0000025cd2816f10 code [0x0000025cd2817160, 0x0000025cd2817cd8]
Event: 0.893 Thread 0x0000025cee1ac130  793   !   3       jdk.internal.ref.PhantomCleanable::insert (53 bytes)
Event: 0.893 Thread 0x0000025cee1ac130 nmethod 793 0x0000025cd2818010 code [0x0000025cd28181c0, 0x0000025cd2818558]
Event: 0.893 Thread 0x0000025cee1ac130  796       3       java.lang.String::indexOf (113 bytes)
Event: 0.893 Thread 0x0000025cee1ac130 nmethod 796 0x0000025cd2818710 code [0x0000025cd2818940, 0x0000025cd2818f68]
Event: 0.893 Thread 0x0000025cee1ac130  795       3       java.lang.StringConcatHelper::newString (67 bytes)
Event: 0.894 Thread 0x0000025cee1ac130 nmethod 795 0x0000025cd2819110 code [0x0000025cd28193a0, 0x0000025cd2819e28]
Event: 0.894 Thread 0x0000025cee1ac130  794       3       java.util.LinkedHashMap::get (29 bytes)
Event: 0.894 Thread 0x0000025cee1ac130 nmethod 794 0x0000025cd281a190 code [0x0000025cd281a360, 0x0000025cd281a5b8]
Event: 0.896 Thread 0x0000025cee1ac130  797       3       java.lang.String::indexOf (18 bytes)
Event: 0.896 Thread 0x0000025cee1ac130 nmethod 797 0x0000025cd281a690 code [0x0000025cd281a860, 0x0000025cd281ab28]
Event: 0.896 Thread 0x0000025cee1ac130  798       3       java.util.zip.ZipFile::getZipEntry (322 bytes)
Event: 0.898 Thread 0x0000025cee1ac130 nmethod 798 0x0000025cd281ac90 code [0x0000025cd281b100, 0x0000025cd281d878]
Event: 0.898 Thread 0x0000025cee1ac130  799       3       sun.net.www.ParseUtil::encodePath (41 bytes)
Event: 0.898 Thread 0x0000025cee1ac130 nmethod 799 0x0000025cd281e710 code [0x0000025cd281e8e0, 0x0000025cd281eb48]
Event: 0.898 Thread 0x0000025cee1ac130  800       3       java.io.FileSystem::hasBooleanAttributes (17 bytes)

GC Heap History (0 events):
No events

Deoptimization events (12 events):
Event: 0.090 Thread 0x0000025cc91f0b10 Uncommon trap: trap_request=0xffffff45 fr.pc=0x0000025cd9c1ea28 relative=0x0000000000000088
Event: 0.090 Thread 0x0000025cc91f0b10 Uncommon trap: reason=unstable_if action=reinterpret pc=0x0000025cd9c1ea28 method=java.lang.String.charAt(I)C @ 4 c2
Event: 0.090 Thread 0x0000025cc91f0b10 DEOPT PACKING pc=0x0000025cd9c1ea28 sp=0x00000091895feec0
Event: 0.090 Thread 0x0000025cc91f0b10 DEOPT UNPACKING pc=0x0000025cd218d72e sp=0x00000091895fee60 mode 2
Event: 0.135 Thread 0x0000025cc91f0b10 DEOPT PACKING pc=0x0000025cd270a5e7 sp=0x00000091895fb8e0
Event: 0.135 Thread 0x0000025cc91f0b10 DEOPT UNPACKING pc=0x0000025cd218dece sp=0x00000091895fad00 mode 0
Event: 0.152 Thread 0x0000025cc91f0b10 DEOPT PACKING pc=0x0000025cd26e6dd1 sp=0x00000091895fd200
Event: 0.152 Thread 0x0000025cc91f0b10 DEOPT UNPACKING pc=0x0000025cd218dece sp=0x00000091895fc678 mode 0
Event: 0.481 Thread 0x0000025cc91f0b10 Uncommon trap: trap_request=0xffffff54 fr.pc=0x0000025cd9c3c8fc relative=0x000000000000005c
Event: 0.481 Thread 0x0000025cc91f0b10 Uncommon trap: reason=speculate_null_assert action=make_not_entrant pc=0x0000025cd9c3c8fc method=sun.misc.Unsafe.getLong(Ljava/lang/Object;J)J @ 5 c2
Event: 0.481 Thread 0x0000025cc91f0b10 DEOPT PACKING pc=0x0000025cd9c3c8fc sp=0x00000091895ff160
Event: 0.481 Thread 0x0000025cc91f0b10 DEOPT UNPACKING pc=0x0000025cd218d72e sp=0x00000091895ff0e8 mode 2

Classes unloaded (0 events):
No events

Classes redefined (0 events):
No events

Internal exceptions (20 events):
Event: 0.114 Thread 0x0000025cc91f0b10 Exception <a 'java/lang/NoSuchMethodError'{0x0000000711e8dac8}: 'int java.lang.invoke.DirectMethodHandle$Holder.invokeSpecial(java.lang.Object, java.lang.Object, java.lang.Object)'> (0x0000000711e8dac8) 
thrown [t:\workspace\open\src\hotspot\share\interpreter\linkResolver.cpp, line 790]
Event: 0.135 Thread 0x0000025cc91f0b10 Exception <a 'sun/nio/fs/WindowsException'{0x0000000711ee3c38}> (0x0000000711ee3c38) 
thrown [t:\workspace\open\src\hotspot\share\prims\jni.cpp, line 579]
Event: 0.136 Thread 0x0000025cc91f0b10 Exception <a 'sun/nio/fs/WindowsException'{0x0000000711ee4190}> (0x0000000711ee4190) 
thrown [t:\workspace\open\src\hotspot\share\prims\jni.cpp, line 579]
Event: 0.143 Thread 0x0000025cc91f0b10 Exception <a 'java/lang/NoSuchMethodError'{0x0000000711f106e0}: 'int java.lang.invoke.DirectMethodHandle$Holder.invokeStaticInit(java.lang.Object, java.lang.Object, int, long)'> (0x0000000711f106e0) 
thrown [t:\workspace\open\src\hotspot\share\interpreter\linkResolver.cpp, line 790]
Event: 0.143 Thread 0x0000025cc91f0b10 Exception <a 'java/lang/NoSuchMethodError'{0x0000000711f161b0}: 'java.lang.Object java.lang.invoke.DirectMethodHandle$Holder.newInvokeSpecial(java.lang.Object, java.lang.Object, int)'> (0x0000000711f161b0) 
thrown [t:\workspace\open\src\hotspot\share\interpreter\linkResolver.cpp, line 790]
Event: 0.145 Thread 0x0000025cc91f0b10 Exception <a 'java/lang/NoSuchMethodError'{0x0000000711f250f8}: 'int java.lang.invoke.DirectMethodHandle$Holder.invokeStaticInit(java.lang.Object, java.lang.Object, long, long)'> (0x0000000711f250f8) 
thrown [t:\workspace\open\src\hotspot\share\interpreter\linkResolver.cpp, line 790]
Event: 0.145 Thread 0x0000025cc91f0b10 Exception <a 'java/lang/NoSuchMethodError'{0x0000000711f2b4a0}: 'java.lang.Object java.lang.invoke.DirectMethodHandle$Holder.newInvokeSpecial(java.lang.Object, java.lang.Object, long)'> (0x0000000711f2b4a0) 
thrown [t:\workspace\open\src\hotspot\share\interpreter\linkResolver.cpp, line 790]
Event: 0.146 Thread 0x0000025cc91f0b10 Exception <a 'java/lang/NoSuchMethodError'{0x0000000711f2f5f8}: 'java.lang.Object java.lang.invoke.Invokers$Holder.linkToTargetMethod(java.lang.Object, long, java.lang.Object)'> (0x0000000711f2f5f8) 
thrown [t:\workspace\open\src\hotspot\share\interpreter\linkResolver.cpp, line 790]
Event: 0.147 Thread 0x0000025cc91f0b10 Exception <a 'java/lang/NoSuchMethodError'{0x0000000711f370a0}: 'int java.lang.invoke.DirectMethodHandle$Holder.invokeStaticInit(java.lang.Object, java.lang.Object, java.lang.Object, long)'> (0x0000000711f370a0) 
thrown [t:\workspace\open\src\hotspot\share\interpreter\linkResolver.cpp, line 790]
Event: 0.165 Thread 0x0000025cc91f0b10 Exception <a 'sun/nio/fs/WindowsException'{0x0000000711fdf590}> (0x0000000711fdf590) 
thrown [t:\workspace\open\src\hotspot\share\prims\jni.cpp, line 579]
Event: 0.165 Thread 0x0000025cc91f0b10 Exception <a 'sun/nio/fs/WindowsException'{0x0000000711fdf900}> (0x0000000711fdf900) 
thrown [t:\workspace\open\src\hotspot\share\prims\jni.cpp, line 579]
Event: 0.258 Thread 0x0000025cc91f0b10 Exception <a 'sun/nio/fs/WindowsException'{0x0000000711c61cf0}> (0x0000000711c61cf0) 
thrown [t:\workspace\open\src\hotspot\share\prims\jni.cpp, line 579]
Event: 0.258 Thread 0x0000025cc91f0b10 Exception <a 'sun/nio/fs/WindowsException'{0x0000000711c620a0}> (0x0000000711c620a0) 
thrown [t:\workspace\open\src\hotspot\share\prims\jni.cpp, line 579]
Event: 0.263 Thread 0x0000025cc91f0b10 Exception <a 'sun/nio/fs/WindowsException'{0x0000000711c6f060}> (0x0000000711c6f060) 
thrown [t:\workspace\open\src\hotspot\share\prims\jni.cpp, line 579]
Event: 0.263 Thread 0x0000025cc91f0b10 Exception <a 'sun/nio/fs/WindowsException'{0x0000000711c6f348}> (0x0000000711c6f348) 
thrown [t:\workspace\open\src\hotspot\share\prims\jni.cpp, line 579]
Event: 0.484 Thread 0x0000025cc91f0b10 Exception <a 'java/lang/NoSuchMethodError'{0x000000071168dd00}: 'int java.lang.invoke.DirectMethodHandle$Holder.invokeVirtual(java.lang.Object, java.lang.Object)'> (0x000000071168dd00) 
thrown [t:\workspace\open\src\hotspot\share\interpreter\linkResolver.cpp, line 790]
Event: 0.486 Thread 0x0000025cc91f0b10 Exception <a 'java/lang/NoSuchMethodError'{0x00000007116984e8}: 'java.lang.Object java.lang.invoke.Invokers$Holder.invokeExact_MT(java.lang.Object, java.lang.Object, java.lang.Object, java.lang.Object, java.lang.Object, java.lang.Object)'> (0x00000007116984e8) 
thrown [t:\workspace\open\src\hotspot\share\interpreter\linkResolver.cpp, line 790]
Event: 0.500 Thread 0x0000025cc91f0b10 Exception <a 'sun/nio/fs/WindowsException'{0x0000000711702798}> (0x0000000711702798) 
thrown [t:\workspace\open\src\hotspot\share\prims\jni.cpp, line 579]
Event: 0.500 Thread 0x0000025cc91f0b10 Exception <a 'sun/nio/fs/WindowsException'{0x0000000711702b20}> (0x0000000711702b20) 
thrown [t:\workspace\open\src\hotspot\share\prims\jni.cpp, line 579]
Event: 0.826 Thread 0x0000025cc91f0b10 Exception <a 'sun/nio/fs/WindowsException'{0x0000000711755f00}> (0x0000000711755f00) 
thrown [t:\workspace\open\src\hotspot\share\prims\jni.cpp, line 579]

Events (20 events):
Event: 0.349 loading class sun/nio/ch/Interruptible
Event: 0.349 loading class sun/nio/ch/Interruptible done
Event: 0.349 loading class java/nio/channels/spi/AbstractInterruptibleChannel$1 done
Event: 0.349 loading class java/util/regex/Matcher$ImmutableMatchResult
Event: 0.349 loading class java/util/regex/Matcher$ImmutableMatchResult done
Event: 0.370 loading class java/io/Externalizable
Event: 0.370 loading class java/io/Externalizable done
Event: 0.371 Loaded shared library C:\Program Files\Java\jdk-16.0.2\bin\verify.dll
Event: 0.406 loading class java/lang/SecurityException
Event: 0.406 loading class java/lang/SecurityException done
Event: 0.501 Loaded shared library C:\Users\xerxe\AppData\Local\Temp\lwjglxerxe\3.3.0-SNAPSHOT\lwjgl_stb.dll
Event: 0.824 loading class java/io/UncheckedIOException
Event: 0.824 loading class java/io/UncheckedIOException done
Event: 0.826 loading class java/nio/file/StandardCopyOption
Event: 0.826 loading class java/nio/file/StandardCopyOption done
Event: 0.866 loading class java/io/DeleteOnExitHook
Event: 0.866 loading class java/io/DeleteOnExitHook done
Event: 0.866 loading class java/io/DeleteOnExitHook$1
Event: 0.866 loading class java/io/DeleteOnExitHook$1 done
Event: 0.890 Loaded shared library C:\Users\xerxe\AppData\Local\Temp\imgui-java-natives_1643964623153\imgui-java64.dll


Dynamic libraries:
0x00007ff6cfa70000 - 0x00007ff6cfa80000 	C:\Program Files\Java\jdk-16.0.2\bin\java.exe
0x00007fff07bb0000 - 0x00007fff07da5000 	C:\Windows\SYSTEM32\ntdll.dll
0x00007fff07230000 - 0x00007fff072ee000 	C:\Windows\System32\KERNEL32.DLL
0x00007fff05630000 - 0x00007fff058f8000 	C:\Windows\System32\KERNELBASE.dll
0x00007fff05ac0000 - 0x00007fff05bc0000 	C:\Windows\System32\ucrtbase.dll
0x00007ffeea1f0000 - 0x00007ffeea208000 	C:\Program Files\Java\jdk-16.0.2\bin\jli.dll
0x00007ffeea4e0000 - 0x00007ffeea4f9000 	C:\Program Files\Java\jdk-16.0.2\bin\VCRUNTIME140.dll
0x00007fff06580000 - 0x00007fff0662e000 	C:\Windows\System32\ADVAPI32.dll
0x00007fff07ad0000 - 0x00007fff07b6e000 	C:\Windows\System32\msvcrt.dll
0x00007fff07190000 - 0x00007fff0722c000 	C:\Windows\System32\sechost.dll
0x00007fff06450000 - 0x00007fff06575000 	C:\Windows\System32\RPCRT4.dll
0x00007fff072f0000 - 0x00007fff07491000 	C:\Windows\System32\USER32.dll
0x00007ffeeebf0000 - 0x00007ffeeee8a000 	C:\Windows\WinSxS\amd64_microsoft.windows.common-controls_6595b64144ccf1df_6.0.19041.1110_none_60b5254171f9507e\COMCTL32.dll
0x00007fff05470000 - 0x00007fff05492000 	C:\Windows\System32\win32u.dll
0x00007fff075c0000 - 0x00007fff075eb000 	C:\Windows\System32\GDI32.dll
0x00007fff052c0000 - 0x00007fff053cd000 	C:\Windows\System32\gdi32full.dll
0x00007fff053d0000 - 0x00007fff0546d000 	C:\Windows\System32\msvcp_win.dll
0x00007fff04100000 - 0x00007fff0410a000 	C:\Windows\SYSTEM32\VERSION.dll
0x00007fff06730000 - 0x00007fff06760000 	C:\Windows\System32\IMM32.DLL
0x00007ffee4e70000 - 0x00007ffee4e7c000 	C:\Program Files\Java\jdk-16.0.2\bin\vcruntime140_1.dll
0x00007ffea9390000 - 0x00007ffea9421000 	C:\Program Files\Java\jdk-16.0.2\bin\msvcp140.dll
0x00007ffe88760000 - 0x00007ffe8930b000 	C:\Program Files\Java\jdk-16.0.2\bin\server\jvm.dll
0x00007fff063a0000 - 0x00007fff063a8000 	C:\Windows\System32\PSAPI.DLL
0x00007ffef53f0000 - 0x00007ffef5417000 	C:\Windows\SYSTEM32\WINMM.dll
0x00007ffefed50000 - 0x00007ffefed59000 	C:\Windows\SYSTEM32\WSOCK32.dll
0x00007fff07120000 - 0x00007fff0718b000 	C:\Windows\System32\WS2_32.dll
0x00007fff040c0000 - 0x00007fff040d2000 	C:\Windows\SYSTEM32\kernel.appcore.dll
0x00007ffee21a0000 - 0x00007ffee21aa000 	C:\Program Files\Java\jdk-16.0.2\bin\jimage.dll
0x00007fff02f00000 - 0x00007fff030e4000 	C:\Windows\SYSTEM32\DBGHELP.DLL
0x00007ffeebc20000 - 0x00007ffeebc4c000 	C:\Windows\SYSTEM32\dbgcore.DLL
0x00007fff054f0000 - 0x00007fff05572000 	C:\Windows\System32\bcryptPrimitives.dll
0x00007ffefe890000 - 0x00007ffefe89e000 	C:\Program Files\Java\jdk-16.0.2\bin\instrument.dll
0x00007ffed13d0000 - 0x00007ffed13f5000 	C:\Program Files\Java\jdk-16.0.2\bin\java.dll
0x00007fff05bf0000 - 0x00007fff06334000 	C:\Windows\System32\SHELL32.dll
0x00007fff031d0000 - 0x00007fff03965000 	C:\Windows\SYSTEM32\windows.storage.dll
0x00007fff06890000 - 0x00007fff06be5000 	C:\Windows\System32\combase.dll
0x00007fff04d10000 - 0x00007fff04d3e000 	C:\Windows\SYSTEM32\Wldp.dll
0x00007fff06bf0000 - 0x00007fff06c9d000 	C:\Windows\System32\SHCORE.dll
0x00007fff06340000 - 0x00007fff06395000 	C:\Windows\System32\shlwapi.dll
0x00007fff05200000 - 0x00007fff0521f000 	C:\Windows\SYSTEM32\profapi.dll
0x00007ffed04a0000 - 0x00007ffed04b8000 	C:\Program Files\Java\jdk-16.0.2\bin\zip.dll
0x00007ffeda9b0000 - 0x00007ffeda9c9000 	C:\Program Files\Java\jdk-16.0.2\bin\net.dll
0x00007ffef65b0000 - 0x00007ffef66bc000 	C:\Windows\SYSTEM32\WINHTTP.dll
0x00007fff04a70000 - 0x00007fff04ada000 	C:\Windows\system32\mswsock.dll
0x00007ffed1380000 - 0x00007ffed1393000 	C:\Program Files\Java\jdk-16.0.2\bin\nio.dll
0x00007ffefe820000 - 0x00007ffefe83a000 	C:\Program Files\JetBrains\IntelliJ IDEA Community Edition 2021.3.1\bin\breakgen64.dll
0x00007ffecd590000 - 0x00007ffecd601000 	C:\Users\xerxe\AppData\Local\Temp\lwjglxerxe\3.3.0-SNAPSHOT\lwjgl.dll
0x00007ffecd520000 - 0x00007ffecd581000 	C:\Users\xerxe\AppData\Local\Temp\lwjglxerxe\3.3.0-SNAPSHOT\glfw.dll
0x00007ffecda90000 - 0x00007ffecdad5000 	C:\Windows\SYSTEM32\dinput8.dll
0x00007ffef2a20000 - 0x00007ffef2a31000 	C:\Windows\SYSTEM32\xinput1_4.dll
0x00007fff054a0000 - 0x00007fff054ee000 	C:\Windows\System32\cfgmgr32.dll
0x00007fff05080000 - 0x00007fff050b4000 	C:\Windows\SYSTEM32\DEVOBJ.dll
0x00007fff02a80000 - 0x00007fff02aaf000 	C:\Windows\SYSTEM32\dwmapi.dll
0x00007ffef1230000 - 0x00007ffef1382000 	C:\Windows\SYSTEM32\inputhost.dll
0x00007fff06f90000 - 0x00007fff0705d000 	C:\Windows\System32\OLEAUT32.dll
0x00007fff02050000 - 0x00007fff02142000 	C:\Windows\SYSTEM32\CoreMessaging.dll
0x00007fff00890000 - 0x00007fff009e4000 	C:\Windows\SYSTEM32\wintypes.dll
0x00007fff01f50000 - 0x00007fff02046000 	C:\Windows\SYSTEM32\PROPSYS.dll
0x00007fff01870000 - 0x00007fff01bce000 	C:\Windows\SYSTEM32\CoreUIComponents.dll
0x00007fff03dd0000 - 0x00007fff03e03000 	C:\Windows\SYSTEM32\ntmarta.dll
0x00007fff02780000 - 0x00007fff0281e000 	C:\Windows\system32\uxtheme.dll
0x00007fff074a0000 - 0x00007fff075b5000 	C:\Windows\System32\MSCTF.dll
0x00007ffef0d00000 - 0x00007ffef0e25000 	C:\Windows\SYSTEM32\opengl32.dll
0x00007ffefc180000 - 0x00007ffefc1ac000 	C:\Windows\SYSTEM32\GLU32.dll
0x00007fff06ee0000 - 0x00007fff06f89000 	C:\Windows\System32\clbcatq.dll
0x00007ffe940e0000 - 0x00007ffe94f90000 	C:\Windows\System32\DriverStore\FileRepository\iigd_dch.inf_amd64_a446f8448ecf881c\ig9icd64.dll
0x00007fff039d0000 - 0x00007fff03ac4000 	C:\Windows\system32\dxgi.dll
0x00007ffefa430000 - 0x00007ffefa46b000 	C:\Windows\SYSTEM32\dxcore.dll
0x00007ffef66c0000 - 0x00007ffef8688000 	C:\Windows\System32\DriverStore\FileRepository\iigd_dch.inf_amd64_a446f8448ecf881c\igc64.dll
0x00007fff04880000 - 0x00007fff048cb000 	C:\Windows\SYSTEM32\powrprof.dll
0x00007fff046f0000 - 0x00007fff04702000 	C:\Windows\SYSTEM32\UMPDC.dll
0x00007ffef8690000 - 0x00007ffef87aa000 	C:\Windows\System32\DriverStore\FileRepository\iigd_dch.inf_amd64_a446f8448ecf881c\igdgmm64.dll
0x00007ffee4c50000 - 0x00007ffee4d49000 	C:\Windows\SYSTEM32\textinputframework.dll
0x00007ffeff160000 - 0x00007ffeff1c6000 	C:\Windows\system32\Oleacc.dll
0x00007ffecd4c0000 - 0x00007ffecd51d000 	C:\Users\xerxe\AppData\Local\Temp\lwjglxerxe\3.3.0-SNAPSHOT\lwjgl_opengl.dll
0x00007ffefe860000 - 0x00007ffefe870000 	C:\Program Files\Java\jdk-16.0.2\bin\verify.dll
0x00007ffecd430000 - 0x00007ffecd4b1000 	C:\Users\xerxe\AppData\Local\Temp\lwjglxerxe\3.3.0-SNAPSHOT\lwjgl_stb.dll
0x0000000064a00000 - 0x000000006580f000 	C:\Users\xerxe\AppData\Local\Temp\imgui-java-natives_1643964623153\imgui-java64.dll

dbghelp: loaded successfully - version: 4.0.5 - missing functions: none
symbol engine: initialized successfully - sym options: 0x614 - pdb path: .;C:\Program Files\Java\jdk-16.0.2\bin;C:\Windows\SYSTEM32;C:\Windows\WinSxS\amd64_microsoft.windows.common-controls_6595b64144ccf1df_6.0.19041.1110_none_60b5254171f9507e;C:\Program Files\Java\jdk-16.0.2\bin\server;C:\Program Files\JetBrains\IntelliJ IDEA Community Edition 2021.3.1\bin;C:\Users\xerxe\AppData\Local\Temp\lwjglxerxe\3.3.0-SNAPSHOT;C:\Windows\System32\DriverStore\FileRepository\iigd_dch.inf_amd64_a446f8448ecf881c;C:\Users\xerxe\AppData\Local\Temp\imgui-java-natives_1643964623153

VM Arguments:
jvm_args: -javaagent:C:\Program Files\JetBrains\IntelliJ IDEA Community Edition 2021.3.1\lib\idea_rt.jar=58276:C:\Program Files\JetBrains\IntelliJ IDEA Community Edition 2021.3.1\bin -Dfile.encoding=UTF-8 
java_command: xerxes.game.engine.Main
java_class_path (initial): C:\Dev\2D_Java_Game_Engine\target\classes;C:\Users\xerxe\.m2\repository\io\github\spair\imgui-java-app\1.86.2\imgui-java-app-1.86.2.jar;C:\Users\xerxe\.m2\repository\org\lwjgl\lwjgl\3.3.0\lwjgl-3.3.0-natives-linux.jar;C:\Users\xerxe\.m2\repository\org\lwjgl\lwjgl-glfw\3.3.0\lwjgl-glfw-3.3.0-natives-linux.jar;C:\Users\xerxe\.m2\repository\org\lwjgl\lwjgl-opengl\3.3.0\lwjgl-opengl-3.3.0-natives-linux.jar;C:\Users\xerxe\.m2\repository\org\lwjgl\lwjgl\3.3.0\lwjgl-3.3.0-natives-macos.jar;C:\Users\xerxe\.m2\repository\org\lwjgl\lwjgl-glfw\3.3.0\lwjgl-glfw-3.3.0-natives-macos.jar;C:\Users\xerxe\.m2\repository\org\lwjgl\lwjgl-opengl\3.3.0\lwjgl-opengl-3.3.0-natives-macos.jar;C:\Users\xerxe\.m2\repository\io\github\spair\imgui-java-binding\1.86.2\imgui-java-binding-1.86.2.jar;C:\Users\xerxe\.m2\repository\io\github\spair\imgui-java-lwjgl3\1.86.2\imgui-java-lwjgl3-1.86.2.jar;C:\Users\xerxe\.m2\repository\org\lwjgl\lwjgl\3.3.0\lwjgl-3.3.0.jar;C:\Users\xerxe\.m2\repository\org\lwjgl\lwjgl-assimp\3.3.0\lwjgl-assimp-3.3.0.jar;C:\Users\xerxe\.m2\repository\org\lwjgl\lwjgl-glfw\3.3.0\lwjgl-glfw-3.3.0.jar;C:\Users\xerxe\.m2\repository\org\lwjgl\lwjgl-openal\3.3.0\lwjgl-openal-3.3.0.jar;C:\Users\xerxe\.m2\repository\org\lwjgl\lwjgl-opengl\3.3.0\lwjgl-opengl-3.3.0.jar;C:\Users\xerxe\.m2\repository\org\lwjgl\lwjgl-stb\3.3.0\lwjgl-stb-3.3.0.jar;C:\Users\xerxe\.m2\repository\org\lwjgl\lwjgl\3.3.0\lwjgl-3.3.0-natives-windows.jar;C:\Users\xerxe\.m2\repository\org\lwjgl\lwjgl-assimp\3.3.0\lwjgl-assimp-3.3.0-natives-windows.jar;C:\Users\xerxe\.m2\repository\org\lwjgl\lwjgl-glfw\3.3.0\lwjgl-glfw-3.3.0-natives-windows.jar;C:\Users\xerxe\.m2\repository\org\lwjgl\lwjgl-openal\3.3.0\lwjgl-openal-3.3.0-natives-windows.jar;C:\Users\xerxe\.m2\repository\org\lwjgl\lwjgl-opengl\3.3.0\lwjgl-opengl-3.3.0-natives-windows.jar;C:\Users\xerxe\.m2\repository\org\lwjgl\lwjgl-stb\3.3.0\lwjgl-stb-3.3.0-natives-windows.jar;C:\Users\xerxe\.m2\repository\org\joml\joml\1.10.3\joml-1.10.
Launcher Type: SUN_STANDARD

[Global flags]
     intx CICompilerCount                          = 4                                         {product} {ergonomic}
     uint ConcGCThreads                            = 3                                         {product} {ergonomic}
     uint G1ConcRefinementThreads                  = 10                                        {product} {ergonomic}
   size_t G1HeapRegionSize                         = 2097152                                   {product} {ergonomic}
    uintx GCDrainStackTargetSize                   = 64                                        {product} {ergonomic}
   size_t InitialHeapSize                          = 266338304                                 {product} {ergonomic}
   size_t MarkStackSize                            = 4194304                                   {product} {ergonomic}
   size_t MaxHeapSize                              = 4255121408                                {product} {ergonomic}
   size_t MaxNewSize                               = 2552233984                                {product} {ergonomic}
   size_t MinHeapDeltaBytes                        = 2097152                                   {product} {ergonomic}
   size_t MinHeapSize                              = 8388608                                   {product} {ergonomic}
    uintx NonNMethodCodeHeapSize                   = 5839372                                {pd product} {ergonomic}
    uintx NonProfiledCodeHeapSize                  = 122909434                              {pd product} {ergonomic}
    uintx ProfiledCodeHeapSize                     = 122909434                              {pd product} {ergonomic}
    uintx ReservedCodeCacheSize                    = 251658240                              {pd product} {ergonomic}
     bool SegmentedCodeCache                       = true                                      {product} {ergonomic}
   size_t SoftMaxHeapSize                          = 4255121408                             {manageable} {ergonomic}
     bool UseCompressedClassPointers               = true                           {product lp64_product} {ergonomic}
     bool UseCompressedOops                        = true                           {product lp64_product} {ergonomic}
     bool UseG1GC                                  = true                                      {product} {ergonomic}
     bool UseLargePagesIndividualAllocation        = false                                  {pd product} {ergonomic}

Logging:
Log output configuration:
 #0: stdout all=warning uptime,level,tags
 #1: stderr all=off uptime,level,tags

Environment Variables:
PATH=C:\Program Files\Common Files\Oracle\Java\javapath;C:\Program Files (x86)\Common Files\Oracle\Java\javapath;C:\Windows\system32;C:\Windows;C:\Windows\System32\Wbem;C:\Windows\System32\WindowsPowerShell\v1.0\;C:\Windows\System32\OpenSSH\;C:\Program Files (x86)\NVIDIA Corporation\PhysX\Common;C:\Program Files\NVIDIA Corporation\NVIDIA NvDLISR;C:\Windows\system32;C:\Windows;C:\Windows\System32\Wbem;C:\Windows\System32\WindowsPowerShell\v1.0\;C:\Windows\System32\OpenSSH\;C:\Program Files\nodejs\;C:\Program Files\dotnet\;C:\Program Files (x86)\Git\cmd;C:\Users\xerxe\AppData\Local\Microsoft\WindowsApps;C:\Users\xerxe\AppData\Local\Programs\Microsoft VS Code\bin;C:\Users\xerxe\AppData\Roaming\npm;C:\Users\xerxe\.dotnet\tools;C:\Gradle\gradle-7.3.3\bin;C:\ProgramData\xerxe\GitHubDesktop\bin;C:\Users\xerxe\AppData\Local\GitHubDesktop\bin;C:\Program Files\JetBrains\IntelliJ IDEA Community Edition 2021.3.1\bin;
USERNAME=xerxe
OS=Windows_NT
PROCESSOR_IDENTIFIER=Intel64 Family 6 Model 158 Stepping 10, GenuineIntel



---------------  S Y S T E M  ---------------

OS:
 Windows 10 , 64 bit Build 19041 (10.0.19041.1466)
OS uptime: 5 days 19:27 hours

CPU: total 12 (initial active 12) (6 cores per cpu, 2 threads per core) family 6 model 158 stepping 10 microcode 0xb4, cx8, cmov, fxsr, ht, mmx, 3dnowpref, sse, sse2, sse3, ssse3, sse4.1, sse4.2, popcnt, lzcnt, tsc, tscinvbit, avx, avx2, aes, erms, clmul, bmi1, bmi2, adx, fma, vzeroupper, clflush, clflushopt

Memory: 4k page, system-wide physical 16231M (7665M free)
TotalPageFile size 19303M (AvailPageFile size 7812M)
current process WorkingSet (physical memory assigned to process): 321M, peak: 321M
current process commit charge ("private bytes"): 597M, peak: 597M

vm_info: Java HotSpot(TM) 64-Bit Server VM (16.0.2+7-67) for windows-amd64 JRE (16.0.2+7-67), built on Jun  8 2021 23:24:19 by "mach5one" with MS VC++ 16.7 (VS2019)

END.
